<?xml version="1.0" encoding="utf-8"?>
<TestRun id="522ea613-e3f4-489a-85c5-04b9838a877e" name="ziyaf@DESKTOP-T2RFEH9 2026-03-17 04:43:41" runUser="DESKTOP-T2RFEH9\ziyaf" xmlns="http://microsoft.com/schemas/VisualStudio/TeamTest/2010">
  <Times creation="2026-03-17T04:43:41.4035721+03:00" queuing="2026-03-17T04:43:41.4035727+03:00" start="2026-03-17T04:43:38.0786459+03:00" finish="2026-03-17T04:44:11.7480441+03:00" />
  <TestSettings name="default" id="1d58980a-a916-448e-91cc-a4fb6cca8eee">
    <Deployment runDeploymentRoot="ziyaf_DESKTOP-T2RFEH9_2026-03-17_04_43_41" />
  </TestSettings>
  <Results>
    <UnitTestResult executionId="06904082-2c8e-4a4c-8a0a-4e8a3e3adee0" testId="ec1dcc29-d749-9282-667b-f60f2f3719d9" testName="MesTech.Integration.Tests.Api.ApiEndpointTests.HealthEndpoint_ReturnsJsonWithStatusField" computerName="DESKTOP-T2RFEH9" duration="00:00:00.2805357" startTime="2026-03-17T04:43:55.9641417+03:00" endTime="2026-03-17T04:43:55.9641423+03:00" testType="13cdc9d9-ddb5-4fa4-a97d-d965ccfc6d4b" outcome="Passed" testListId="8c84fa94-04c1-424b-9868-57a2d4851a1d" relativeResultsDirectory="06904082-2c8e-4a4c-8a0a-4e8a3e3adee0" />
    <UnitTestResult executionId="1ddc6c61-76a7-4ffa-b661-b019ecb5b06b" testId="a87d13fa-a22c-df8f-56ee-794b6f91e4bf" testName="MesTech.Integration.Tests.Unit.Factory.AdapterFactoryTests.Resolve_ByString_CaseInsensitive(code: &quot;trendyol&quot;)" computerName="DESKTOP-T2RFEH9" duration="00:00:00.0005208" startTime="2026-03-17T04:43:41.3667345+03:00" endTime="2026-03-17T04:43:41.3667346+03:00" testType="13cdc9d9-ddb5-4fa4-a97d-d965ccfc6d4b" outcome="Passed" testListId="8c84fa94-04c1-424b-9868-57a2d4851a1d" relativeResultsDirectory="1ddc6c61-76a7-4ffa-b661-b019ecb5b06b" />
    <UnitTestResult executionId="fba8a2fb-a491-4ba4-9694-472c867df226" testId="766dda94-499e-572b-d01c-dcdfc8482ed5" testName="MesTech.Integration.Tests.Unit.Adapters.WooCommerceAdapterTests.PullProducts_Pagination_MultiplePages_AllReturned" computerName="DESKTOP-T2RFEH9" duration="00:00:00.0519913" startTime="2026-03-17T04:43:41.6341177+03:00" endTime="2026-03-17T04:43:41.6341178+03:00" testType="13cdc9d9-ddb5-4fa4-a97d-d965ccfc6d4b" outcome="Passed" testListId="8c84fa94-04c1-424b-9868-57a2d4851a1d" relativeResultsDirectory="fba8a2fb-a491-4ba4-9694-472c867df226" />
    <UnitTestResult executionId="bb266982-39ee-45cd-86c7-69c3c744b879" testId="0468995f-1e48-d49d-34a9-9f5ead47e818" testName="MesTech.Integration.Tests.Unit.Factory.AdapterFactoryTests.Resolve_ByString_CaseInsensitive(code: &quot;TRENDYOL&quot;)" computerName="DESKTOP-T2RFEH9" duration="00:00:00.0005308" startTime="2026-03-17T04:43:41.3670525+03:00" endTime="2026-03-17T04:43:41.3670526+03:00" testType="13cdc9d9-ddb5-4fa4-a97d-d965ccfc6d4b" outcome="Passed" testListId="8c84fa94-04c1-424b-9868-57a2d4851a1d" relativeResultsDirectory="bb266982-39ee-45cd-86c7-69c3c744b879" />
    <UnitTestResult executionId="72edf8b0-a28b-489e-a7e9-723e2947a673" testId="f3266bd2-9e47-3508-ca60-cb3f97c488ca" testName="MesTech.Integration.Tests.Unit.Adapters.CiceksepetiAdapterTests.CiceksepetiAdapter_SyncProducts_TLS12_EnforcesMinimumTLS" computerName="DESKTOP-T2RFEH9" duration="00:00:00.0024484" startTime="2026-03-17T04:43:41.6748670+03:00" endTime="2026-03-17T04:43:41.6748671+03:00" testType="13cdc9d9-ddb5-4fa4-a97d-d965ccfc6d4b" outcome="Passed" testListId="8c84fa94-04c1-424b-9868-57a2d4851a1d" relativeResultsDirectory="72edf8b0-a28b-489e-a7e9-723e2947a673" />
    <UnitTestResult executionId="a92b5212-b069-4580-a6f9-09a65100fcc9" testId="a242b9fa-d98e-0740-4e67-d4b45a0ef572" testName="MesTech.Integration.Tests.Api.ApiEndpointTests.AuthLogin_ValidCredentials_ReturnsTokenResponse" computerName="DESKTOP-T2RFEH9" duration="00:00:00.0119464" startTime="2026-03-17T04:43:57.5531271+03:00" endTime="2026-03-17T04:43:57.5531274+03:00" testType="13cdc9d9-ddb5-4fa4-a97d-d965ccfc6d4b" outcome="Passed" testListId="8c84fa94-04c1-424b-9868-57a2d4851a1d" relativeResultsDirectory="a92b5212-b069-4580-a6f9-09a65100fcc9" />
    <UnitTestResult executionId="2d3cfaad-be7b-433f-8aec-c9a4781aea9e" testId="bae9e1c4-9baa-b0db-0d33-70953adae885" testName="MesTech.Integration.Tests.Unit.Adapters.OpenCartAdapterTests.PushBatchStock_MaxParallel5" computerName="DESKTOP-T2RFEH9" duration="00:00:00.0039672" startTime="2026-03-17T04:43:41.5606464+03:00" endTime="2026-03-17T04:43:41.5606465+03:00" testType="13cdc9d9-ddb5-4fa4-a97d-d965ccfc6d4b" outcome="Passed" testListId="8c84fa94-04c1-424b-9868-57a2d4851a1d" relativeResultsDirectory="2d3cfaad-be7b-433f-8aec-c9a4781aea9e" />
    <UnitTestResult executionId="d86314a9-9aeb-4852-9bcc-b88084b9d79f" testId="b6a05627-7c8b-273e-af9d-84d712f45403" testName="MesTech.Integration.Tests.Unit.Adapters.HepsiburadaAdapterTests.HepsiburadaAdapter_UpdateStock_MerchantSKU_MapsCorrectly" computerName="DESKTOP-T2RFEH9" duration="00:00:00.0432468" startTime="2026-03-17T04:43:41.6491530+03:00" endTime="2026-03-17T04:43:41.6491532+03:00" testType="13cdc9d9-ddb5-4fa4-a97d-d965ccfc6d4b" outcome="Failed" testListId="8c84fa94-04c1-424b-9868-57a2d4851a1d" relativeResultsDirectory="d86314a9-9aeb-4852-9bcc-b88084b9d79f">
      <Output>
        <ErrorInfo>
          <Message>System.ObjectDisposedException : Cannot access a disposed object.&#xD;
Object name: 'System.Net.Http.StringContent'.</Message>
          <StackTrace>   at System.Net.Http.HttpContent.ReadAsStringAsync(CancellationToken cancellationToken)&#xD;
   at MesTech.Integration.Tests.Unit.Adapters.HepsiburadaAdapterTests.HepsiburadaAdapter_UpdateStock_MerchantSKU_MapsCorrectly() in E:\MesTech\MesTech\MesTech_Stok\MesTechStok\tests\MesTech.Integration.Tests\Unit\Adapters\HepsiburadaAdapterTests.cs:line 129&#xD;
--- End of stack trace from previous location ---</StackTrace>
        </ErrorInfo>
      </Output>
    </UnitTestResult>
    <UnitTestResult executionId="51c6a1d1-093a-45cd-bde1-44d2df0ed23c" testId="9e8aae78-cbf3-7ed0-936b-e58b736c3fc9" testName="MesTech.Integration.Tests.Api.ApiEndpointTests.HealthEndpoint_ReturnsSuccessStatusCode" computerName="DESKTOP-T2RFEH9" duration="00:00:00.0874134" startTime="2026-03-17T04:43:56.6087847+03:00" endTime="2026-03-17T04:43:56.6087851+03:00" testType="13cdc9d9-ddb5-4fa4-a97d-d965ccfc6d4b" outcome="Passed" testListId="8c84fa94-04c1-424b-9868-57a2d4851a1d" relativeResultsDirectory="51c6a1d1-093a-45cd-bde1-44d2df0ed23c" />
    <UnitTestResult executionId="e189bf14-bbe8-4d3c-b57d-b9eb9c87803e" testId="24ddc9ef-fbf1-50ba-1a89-37578a5d0b90" testName="MesTech.Integration.Tests.Unit.Adapters.ShopifyAdapterTests.SupportsPriceUpdate_ReturnsExpectedValue" computerName="DESKTOP-T2RFEH9" duration="00:00:00.0006468" startTime="2026-03-17T04:43:41.8414768+03:00" endTime="2026-03-17T04:43:41.8414769+03:00" testType="13cdc9d9-ddb5-4fa4-a97d-d965ccfc6d4b" outcome="Passed" testListId="8c84fa94-04c1-424b-9868-57a2d4851a1d" relativeResultsDirectory="e189bf14-bbe8-4d3c-b57d-b9eb9c87803e" />
    <UnitTestResult executionId="b592130b-f6c8-4f46-a88d-0fba9f0302e0" testId="f141ef83-c359-0693-f449-8bda126553bc" testName="MesTech.Integration.Tests.Unit.Adapters.WooCommerceAdapterTests.GetOrders_MultipleOrders_AllMapped" computerName="DESKTOP-T2RFEH9" duration="00:00:00.0789223" startTime="2026-03-17T04:43:41.7066909+03:00" endTime="2026-03-17T04:43:41.7066914+03:00" testType="13cdc9d9-ddb5-4fa4-a97d-d965ccfc6d4b" outcome="Passed" testListId="8c84fa94-04c1-424b-9868-57a2d4851a1d" relativeResultsDirectory="b592130b-f6c8-4f46-a88d-0fba9f0302e0" />
    <UnitTestResult executionId="49d57ea3-c798-41c4-82f1-11f5043c3388" testId="a0c6d720-540d-e772-a39c-c8d7cc40d462" testName="MesTech.Integration.Tests.Unit.Factory.AdapterFactoryTests.Resolve_ByString_CaseInsensitive(code: &quot;Trendyol&quot;)" computerName="DESKTOP-T2RFEH9" duration="00:00:00.0002646" startTime="2026-03-17T04:43:41.3671356+03:00" endTime="2026-03-17T04:43:41.3671357+03:00" testType="13cdc9d9-ddb5-4fa4-a97d-d965ccfc6d4b" outcome="Passed" testListId="8c84fa94-04c1-424b-9868-57a2d4851a1d" relativeResultsDirectory="49d57ea3-c798-41c4-82f1-11f5043c3388" />
    <UnitTestResult executionId="d3035a16-486e-47b1-8589-e51f53f7bffb" testId="37840de2-41e4-8c16-7b4f-57e0e4879122" testName="MesTech.Integration.Tests.Unit.Accounting.AccountingServiceTests.AccountingJournal_CreateEntry_BalancesDebitCredit" computerName="DESKTOP-T2RFEH9" duration="00:00:00.0019284" startTime="2026-03-17T04:43:41.8028195+03:00" endTime="2026-03-17T04:43:41.8028197+03:00" testType="13cdc9d9-ddb5-4fa4-a97d-d965ccfc6d4b" outcome="Passed" testListId="8c84fa94-04c1-424b-9868-57a2d4851a1d" relativeResultsDirectory="d3035a16-486e-47b1-8589-e51f53f7bffb" />
    <UnitTestResult executionId="4277d97b-bbbf-42bc-ba80-77167a31fb15" testId="ba176cef-2131-8829-8bd4-ba6e1d7030af" testName="MesTech.Integration.Tests.Runtime.OpenCartMultiInstanceTests.ThreeInstances_ConcurrentConnections_NoDeadlock" computerName="DESKTOP-T2RFEH9" duration="00:00:00.0075275" startTime="2026-03-17T04:43:41.6504352+03:00" endTime="2026-03-17T04:43:41.6504354+03:00" testType="13cdc9d9-ddb5-4fa4-a97d-d965ccfc6d4b" outcome="Passed" testListId="8c84fa94-04c1-424b-9868-57a2d4851a1d" relativeResultsDirectory="4277d97b-bbbf-42bc-ba80-77167a31fb15" />
    <UnitTestResult executionId="21f76f86-508c-4fc8-9927-77586fa1c998" testId="12afa2f7-2b2c-dd56-ad13-34722e279273" testName="MesTech.Integration.Tests.Api.ApiEndpointTests.AuthLogin_ThenValidate_RoundTrip" computerName="DESKTOP-T2RFEH9" duration="00:00:00.0122267" startTime="2026-03-17T04:43:57.5671376+03:00" endTime="2026-03-17T04:43:57.5671379+03:00" testType="13cdc9d9-ddb5-4fa4-a97d-d965ccfc6d4b" outcome="Passed" testListId="8c84fa94-04c1-424b-9868-57a2d4851a1d" relativeResultsDirectory="21f76f86-508c-4fc8-9927-77586fa1c998" />
    <UnitTestResult executionId="b208001c-b878-4f38-8585-8875ec84f3d2" testId="96181427-1577-4acc-0cf7-2e4e72ec80d1" testName="MesTech.Integration.Tests.Adapters.EbayAdapterExtendedTests.PullProducts_ReturnsItems" computerName="DESKTOP-T2RFEH9" duration="00:00:00.0728121" startTime="2026-03-17T04:43:42.2169585+03:00" endTime="2026-03-17T04:43:42.2169588+03:00" testType="13cdc9d9-ddb5-4fa4-a97d-d965ccfc6d4b" outcome="Passed" testListId="8c84fa94-04c1-424b-9868-57a2d4851a1d" relativeResultsDirectory="b208001c-b878-4f38-8585-8875ec84f3d2" />
    <UnitTestResult executionId="480376f9-a275-41a1-8f8e-30e201d8eecc" testId="2554dc69-683b-606b-ca31-6ef2e2d6b265" testName="MesTech.Integration.Tests.Api.ApiEndpointTests.AuthEndpoint_NoApiKeyRequired" computerName="DESKTOP-T2RFEH9" duration="00:00:00.0246503" startTime="2026-03-17T04:43:56.3465129+03:00" endTime="2026-03-17T04:43:56.3465133+03:00" testType="13cdc9d9-ddb5-4fa4-a97d-d965ccfc6d4b" outcome="Passed" testListId="8c84fa94-04c1-424b-9868-57a2d4851a1d" relativeResultsDirectory="480376f9-a275-41a1-8f8e-30e201d8eecc" />
    <UnitTestResult executionId="2c182bda-31b4-49f7-910e-2babecdf6437" testId="22e90baa-bb4b-9a43-a012-e0848d373316" testName="MesTech.Integration.Tests.Unit.Orchestration.OrchestratorTests.RegisterAdapter_AddsToList" computerName="DESKTOP-T2RFEH9" duration="00:00:00.0042868" startTime="2026-03-17T04:43:41.4539347+03:00" endTime="2026-03-17T04:43:41.4539349+03:00" testType="13cdc9d9-ddb5-4fa4-a97d-d965ccfc6d4b" outcome="Passed" testListId="8c84fa94-04c1-424b-9868-57a2d4851a1d" relativeResultsDirectory="2c182bda-31b4-49f7-910e-2babecdf6437" />
    <UnitTestResult executionId="763c8193-b141-42fe-8d04-68822d20e824" testId="3d0081d9-bf29-4f76-a9f8-ab5d4a70044d" testName="MesTech.Integration.Tests.Unit.Adapters.ShopifyAdapterTests.TestConnection_MissingShopDomain_ReturnsFailure" computerName="DESKTOP-T2RFEH9" duration="00:00:00.0013384" startTime="2026-03-17T04:43:41.8397426+03:00" endTime="2026-03-17T04:43:41.8397428+03:00" testType="13cdc9d9-ddb5-4fa4-a97d-d965ccfc6d4b" outcome="Passed" testListId="8c84fa94-04c1-424b-9868-57a2d4851a1d" relativeResultsDirectory="763c8193-b141-42fe-8d04-68822d20e824" />
    <UnitTestResult executionId="404365fe-2a23-4872-ac16-a7f587242bd3" testId="fcd1f7d7-4fd7-c6cf-cf35-245d6e0b0779" testName="MesTech.Integration.Tests.Unit.Accounting.AccountingServiceTests.BaBsReport_MultiTenant_FiltersCorrectTenant" computerName="DESKTOP-T2RFEH9" duration="00:00:00.0236300" startTime="2026-03-17T04:43:41.7009312+03:00" endTime="2026-03-17T04:43:41.7009313+03:00" testType="13cdc9d9-ddb5-4fa4-a97d-d965ccfc6d4b" outcome="Passed" testListId="8c84fa94-04c1-424b-9868-57a2d4851a1d" relativeResultsDirectory="404365fe-2a23-4872-ac16-a7f587242bd3" />
    <UnitTestResult executionId="afceee02-10f6-45ad-a4e4-ad990ee29f7f" testId="6afa97ca-ada1-0a70-81c7-0a242adfa7e5" testName="MesTech.Integration.Tests.Unit.Adapters.TrendyolAdapterTests.TestConnection_MissingSupplierId_Failure" computerName="DESKTOP-T2RFEH9" duration="00:00:00.0015499" startTime="2026-03-17T04:43:41.6519704+03:00" endTime="2026-03-17T04:43:41.6519705+03:00" testType="13cdc9d9-ddb5-4fa4-a97d-d965ccfc6d4b" outcome="Passed" testListId="8c84fa94-04c1-424b-9868-57a2d4851a1d" relativeResultsDirectory="afceee02-10f6-45ad-a4e4-ad990ee29f7f" />
    <UnitTestResult executionId="042a17c8-cbcd-4cca-96cb-81147e7de3fe" testId="2614521c-e497-3036-f870-2c5a6d63ca94" testName="MesTech.Integration.Tests.Unit.Orchestration.OrchestratorTests.HandleStockChanged_CallsCorrectAdapters" computerName="DESKTOP-T2RFEH9" duration="00:00:00.0929817" startTime="2026-03-17T04:43:41.4495318+03:00" endTime="2026-03-17T04:43:41.4495319+03:00" testType="13cdc9d9-ddb5-4fa4-a97d-d965ccfc6d4b" outcome="Passed" testListId="8c84fa94-04c1-424b-9868-57a2d4851a1d" relativeResultsDirectory="042a17c8-cbcd-4cca-96cb-81147e7de3fe" />
    <UnitTestResult executionId="acc5fa21-40ce-4f00-be9c-21fa96641dd7" testId="e9f0af5e-8f0c-8fbe-dd01-41244345f1a9" testName="MesTech.Integration.Tests.Integration.DiRegistrationTests.AddIntegration_ResolvesFactory" computerName="DESKTOP-T2RFEH9" duration="00:00:00.0118392" startTime="2026-03-17T04:43:41.6659408+03:00" endTime="2026-03-17T04:43:41.6659410+03:00" testType="13cdc9d9-ddb5-4fa4-a97d-d965ccfc6d4b" outcome="Failed" testListId="8c84fa94-04c1-424b-9868-57a2d4851a1d" relativeResultsDirectory="acc5fa21-40ce-4f00-be9c-21fa96641dd7">
      <Output>
        <ErrorInfo>
          <Message>System.InvalidOperationException : No service for type 'Microsoft.Extensions.Configuration.IConfiguration' has been registered.</Message>
          <StackTrace>   at Microsoft.Extensions.DependencyInjection.ServiceProviderServiceExtensions.GetRequiredService(IServiceProvider provider, Type serviceType)&#xD;
   at Microsoft.Extensions.DependencyInjection.ServiceProviderServiceExtensions.GetRequiredService[T](IServiceProvider provider)&#xD;
   at MesTech.Infrastructure.DependencyInjection.IntegrationServiceRegistration.&lt;&gt;c.&lt;AddIntegrationServices&gt;b__0_5(IServiceProvider sp) in E:\MesTech\MesTech\MesTech_Stok\MesTechStok\src\MesTech.Infrastructure\DependencyInjection\IntegrationServiceRegistration.cs:line 72&#xD;
   at Microsoft.Extensions.DependencyInjection.ServiceLookup.CallSiteRuntimeResolver.VisitRootCache(ServiceCallSite callSite, RuntimeResolverContext context)&#xD;
   at Microsoft.Extensions.DependencyInjection.ServiceLookup.CallSiteRuntimeResolver.Resolve(ServiceCallSite callSite, ServiceProviderEngineScope scope)&#xD;
   at Microsoft.Extensions.DependencyInjection.ServiceProvider.CreateServiceAccessor(ServiceIdentifier serviceIdentifier)&#xD;
   at System.Collections.Concurrent.ConcurrentDictionary`2.GetOrAdd(TKey key, Func`2 valueFactory)&#xD;
   at Microsoft.Extensions.DependencyInjection.ServiceProvider.GetService(ServiceIdentifier serviceIdentifier, ServiceProviderEngineScope serviceProviderEngineScope)&#xD;
   at Microsoft.Extensions.DependencyInjection.ServiceLookup.ServiceProviderEngineScope.GetService(Type serviceType)&#xD;
   at Microsoft.Extensions.DependencyInjection.ServiceProviderServiceExtensions.GetRequiredService(IServiceProvider provider, Type serviceType)&#xD;
   at Microsoft.Extensions.DependencyInjection.ServiceProviderServiceExtensions.GetRequiredService[T](IServiceProvider provider)&#xD;
   at MesTech.Infrastructure.DependencyInjection.IntegrationServiceRegistration.&lt;&gt;c.&lt;AddIntegrationServices&gt;b__0_6(IServiceProvider sp) in E:\MesTech\MesTech\MesTech_Stok\MesTechStok\src\MesTech.Infrastructure\DependencyInjection\IntegrationServiceRegistration.cs:line 80&#xD;
   at Microsoft.Extensions.DependencyInjection.ServiceLookup.CallSiteRuntimeResolver.VisitRootCache(ServiceCallSite callSite, RuntimeResolverContext context)&#xD;
   at Microsoft.Extensions.DependencyInjection.ServiceLookup.CallSiteRuntimeResolver.Resolve(ServiceCallSite callSite, ServiceProviderEngineScope scope)&#xD;
   at Microsoft.Extensions.DependencyInjection.ServiceProvider.CreateServiceAccessor(ServiceIdentifier serviceIdentifier)&#xD;
   at System.Collections.Concurrent.ConcurrentDictionary`2.GetOrAdd(TKey key, Func`2 valueFactory)&#xD;
   at Microsoft.Extensions.DependencyInjection.ServiceProvider.GetService(ServiceIdentifier serviceIdentifier, ServiceProviderEngineScope serviceProviderEngineScope)&#xD;
   at Microsoft.Extensions.DependencyInjection.ServiceLookup.ServiceProviderEngineScope.GetService(Type serviceType)&#xD;
   at Microsoft.Extensions.DependencyInjection.ServiceProviderServiceExtensions.GetRequiredService(IServiceProvider provider, Type serviceType)&#xD;
   at Microsoft.Extensions.DependencyInjection.ServiceProviderServiceExtensions.GetRequiredService[T](IServiceProvider provider)&#xD;
   at MesTech.Infrastructure.DependencyInjection.IntegrationServiceRegistration.&lt;&gt;c.&lt;AddIntegrationServices&gt;b__0_8(IServiceProvider sp) in E:\MesTech\MesTech\MesTech_Stok\MesTechStok\src\MesTech.Infrastructure\DependencyInjection\IntegrationServiceRegistration.cs:line 86&#xD;
   at Microsoft.Extensions.DependencyInjection.ServiceLookup.CallSiteRuntimeResolver.VisitRootCache(ServiceCallSite callSite, RuntimeResolverContext context)&#xD;
   at Microsoft.Extensions.DependencyInjection.ServiceLookup.CallSiteRuntimeResolver.VisitIEnumerable(IEnumerableCallSite enumerableCallSite, RuntimeResolverContext context)&#xD;
   at Microsoft.Extensions.DependencyInjection.ServiceLookup.CallSiteRuntimeResolver.VisitRootCache(ServiceCallSite callSite, RuntimeResolverContext context)&#xD;
   at Microsoft.Extensions.DependencyInjection.ServiceLookup.CallSiteRuntimeResolver.VisitConstructor(ConstructorCallSite constructorCallSite, RuntimeResolverContext context)&#xD;
   at Microsoft.Extensions.DependencyInjection.ServiceLookup.CallSiteRuntimeResolver.VisitRootCache(ServiceCallSite callSite, RuntimeResolverContext context)&#xD;
   at Microsoft.Extensions.DependencyInjection.ServiceLookup.CallSiteRuntimeResolver.Resolve(ServiceCallSite callSite, ServiceProviderEngineScope scope)&#xD;
   at Microsoft.Extensions.DependencyInjection.ServiceProvider.CreateServiceAccessor(ServiceIdentifier serviceIdentifier)&#xD;
   at System.Collections.Concurrent.ConcurrentDictionary`2.GetOrAdd(TKey key, Func`2 valueFactory)&#xD;
   at Microsoft.Extensions.DependencyInjection.ServiceProvider.GetService(ServiceIdentifier serviceIdentifier, ServiceProviderEngineScope serviceProviderEngineScope)&#xD;
   at Microsoft.Extensions.DependencyInjection.ServiceProvider.GetService(Type serviceType)&#xD;
   at Microsoft.Extensions.DependencyInjection.ServiceProviderServiceExtensions.GetService[T](IServiceProvider provider)&#xD;
   at MesTech.Integration.Tests.Integration.DiRegistrationTests.AddIntegration_ResolvesFactory() in E:\MesTech\MesTech\MesTech_Stok\MesTechStok\tests\MesTech.Integration.Tests\Integration\DiRegistrationTests.cs:line 24&#xD;
   at System.Reflection.MethodBaseInvoker.InterpretedInvoke_Method(Object obj, IntPtr* args)&#xD;
   at System.Reflection.MethodBaseInvoker.InvokeWithNoArgs(Object obj, BindingFlags invokeAttr)</StackTrace>
        </ErrorInfo>
      </Output>
    </UnitTestResult>
    <UnitTestResult executionId="e50210d2-4b37-4aba-aeee-3314c4dfc204" testId="93d017bc-da6f-3857-c56f-406963f43b2f" testName="MesTech.Integration.Tests.Unit.Accounting.AccountingServiceTests.AccountingJournal_UnbalancedEntry_ThrowsValidation" computerName="DESKTOP-T2RFEH9" duration="00:00:00.0359560" startTime="2026-03-17T04:43:41.7110089+03:00" endTime="2026-03-17T04:43:41.7110091+03:00" testType="13cdc9d9-ddb5-4fa4-a97d-d965ccfc6d4b" outcome="Passed" testListId="8c84fa94-04c1-424b-9868-57a2d4851a1d" relativeResultsDirectory="e50210d2-4b37-4aba-aeee-3314c4dfc204" />
    <UnitTestResult executionId="399a558f-88a0-4b4a-9e04-90692a10b811" testId="374831aa-15ab-99aa-11ed-1a1f6d53f3e1" testName="MesTech.Integration.Tests.Runtime.OpenCartMultiInstanceTests.DeltaSync_SinceDate_CorrectBehavior" computerName="DESKTOP-T2RFEH9" duration="00:00:00.0299709" startTime="2026-03-17T04:43:41.6747832+03:00" endTime="2026-03-17T04:43:41.6747833+03:00" testType="13cdc9d9-ddb5-4fa4-a97d-d965ccfc6d4b" outcome="Passed" testListId="8c84fa94-04c1-424b-9868-57a2d4851a1d" relativeResultsDirectory="399a558f-88a0-4b4a-9e04-90692a10b811" />
    <UnitTestResult executionId="426b1529-ad1e-4867-a51b-29273f0dbfdb" testId="34d2d53b-aa7b-c41b-bf7a-fdf9beb785ae" testName="MesTech.Integration.Tests.Unit.Adapters.ShopifyAdapterTests.VerifyWebhookSignature_ValidHmac_ReturnsTrue" computerName="DESKTOP-T2RFEH9" duration="00:00:00.0015077" startTime="2026-03-17T04:43:41.8322514+03:00" endTime="2026-03-17T04:43:41.8322516+03:00" testType="13cdc9d9-ddb5-4fa4-a97d-d965ccfc6d4b" outcome="Passed" testListId="8c84fa94-04c1-424b-9868-57a2d4851a1d" relativeResultsDirectory="426b1529-ad1e-4867-a51b-29273f0dbfdb" />
    <UnitTestResult executionId="d18b98c4-27fc-4d9c-a379-91d9db40524b" testId="b6619423-3c78-a69f-5a19-75b0f9ddc075" testName="MesTech.Integration.Tests.Unit.Accounting.AccountingServiceTests.IncomeTax_WithDeductions_ReducesTaxableIncome" computerName="DESKTOP-T2RFEH9" duration="00:00:00.0019542" startTime="2026-03-17T04:43:41.5591942+03:00" endTime="2026-03-17T04:43:41.5591944+03:00" testType="13cdc9d9-ddb5-4fa4-a97d-d965ccfc6d4b" outcome="Passed" testListId="8c84fa94-04c1-424b-9868-57a2d4851a1d" relativeResultsDirectory="d18b98c4-27fc-4d9c-a379-91d9db40524b" />
    <UnitTestResult executionId="c5e59202-a3f6-4fa2-9db3-08ee5be27f58" testId="6416553b-09ba-96d9-7872-3ed783a65be8" testName="MesTech.Integration.Tests.Erp.NetsisERPAdapterContractTests.PingAsync_WhenServerDown_ReturnsFalse" computerName="DESKTOP-T2RFEH9" duration="00:00:00.0390402" startTime="2026-03-17T04:43:42.2997109+03:00" endTime="2026-03-17T04:43:42.2997112+03:00" testType="13cdc9d9-ddb5-4fa4-a97d-d965ccfc6d4b" outcome="Passed" testListId="8c84fa94-04c1-424b-9868-57a2d4851a1d" relativeResultsDirectory="c5e59202-a3f6-4fa2-9db3-08ee5be27f58" />
    <UnitTestResult executionId="2c7e14e8-4460-4145-8ac5-5065a16d65a7" testId="8d48aefb-ab3c-d85f-f9f0-b055b100a3eb" testName="MesTech.Integration.Tests.Unit.Adapters.ShopifyAdapterTests.PullOrders_EmptyResult_ReturnsEmptyList" computerName="DESKTOP-T2RFEH9" duration="00:00:00.0015095" startTime="2026-03-17T04:43:41.8338558+03:00" endTime="2026-03-17T04:43:41.8338560+03:00" testType="13cdc9d9-ddb5-4fa4-a97d-d965ccfc6d4b" outcome="Passed" testListId="8c84fa94-04c1-424b-9868-57a2d4851a1d" relativeResultsDirectory="2c7e14e8-4460-4145-8ac5-5065a16d65a7" />
    <UnitTestResult executionId="a0687302-a453-4936-a55c-451035954284" testId="b2d83feb-6dcc-8779-b342-ba168e1e6385" testName="MesTech.Integration.Tests.Unit.Adapters.ShopifyAdapterTests.PushStockUpdate_Success_ReturnsTrue" computerName="DESKTOP-T2RFEH9" duration="00:00:00.0051388" startTime="2026-03-17T04:43:41.8306538+03:00" endTime="2026-03-17T04:43:41.8306540+03:00" testType="13cdc9d9-ddb5-4fa4-a97d-d965ccfc6d4b" outcome="Passed" testListId="8c84fa94-04c1-424b-9868-57a2d4851a1d" relativeResultsDirectory="a0687302-a453-4936-a55c-451035954284" />
    <UnitTestResult executionId="b1021548-f53c-442c-8410-385ddbfd98b5" testId="099fe9ce-3e76-fb9e-d29b-f398491c7ed2" testName="MesTech.Integration.Tests.Unit.Adapters.CiceksepetiAdapterTests.CiceksepetiAdapter_SyncProducts_ApiKey_IncludesXApiKeyHeader" computerName="DESKTOP-T2RFEH9" duration="00:00:00.0081067" startTime="2026-03-17T04:43:41.6746757+03:00" endTime="2026-03-17T04:43:41.6746759+03:00" testType="13cdc9d9-ddb5-4fa4-a97d-d965ccfc6d4b" outcome="Passed" testListId="8c84fa94-04c1-424b-9868-57a2d4851a1d" relativeResultsDirectory="b1021548-f53c-442c-8410-385ddbfd98b5" />
    <UnitTestResult executionId="31348e0e-43f5-4e66-9717-ac53142780b3" testId="1186c71a-1ada-b3fc-b2be-2bba02d7c77a" testName="MesTech.Integration.Tests.Unit.Webhooks.WebhookReceiverTests.ProcessOrderWebhook_RoutesToAdapter" computerName="DESKTOP-T2RFEH9" duration="00:00:00.0147550" startTime="2026-03-17T04:43:41.4468625+03:00" endTime="2026-03-17T04:43:41.4468629+03:00" testType="13cdc9d9-ddb5-4fa4-a97d-d965ccfc6d4b" outcome="Passed" testListId="8c84fa94-04c1-424b-9868-57a2d4851a1d" relativeResultsDirectory="31348e0e-43f5-4e66-9717-ac53142780b3" />
    <UnitTestResult executionId="206f3945-470d-45e1-88dd-f3b068848911" testId="226a3f87-b631-3de1-e857-36c77c94ae47" testName="MesTech.Integration.Tests.Unit.Adapters.WooCommerceAdapterTests.PushPriceUpdateAsync_FindsProduct_UpdatesRegularPrice" computerName="DESKTOP-T2RFEH9" duration="00:00:00.0055873" startTime="2026-03-17T04:43:41.7317231+03:00" endTime="2026-03-17T04:43:41.7317233+03:00" testType="13cdc9d9-ddb5-4fa4-a97d-d965ccfc6d4b" outcome="Passed" testListId="8c84fa94-04c1-424b-9868-57a2d4851a1d" relativeResultsDirectory="206f3945-470d-45e1-88dd-f3b068848911" />
    <UnitTestResult executionId="7ec12d62-621e-4007-84eb-9523c0d2d592" testId="a4110251-514a-3ca5-b3b4-71feab561bff" testName="MesTech.Integration.Tests.Unit.Adapters.CiceksepetiAdapterTests.CiceksepetiAdapter_GetOrders_SemaphoreLimit10_RespectsThrottle" computerName="DESKTOP-T2RFEH9" duration="00:00:00.0284926" startTime="2026-03-17T04:43:41.6725533+03:00" endTime="2026-03-17T04:43:41.6725534+03:00" testType="13cdc9d9-ddb5-4fa4-a97d-d965ccfc6d4b" outcome="Passed" testListId="8c84fa94-04c1-424b-9868-57a2d4851a1d" relativeResultsDirectory="7ec12d62-621e-4007-84eb-9523c0d2d592" />
    <UnitTestResult executionId="b0a5b6e9-37fc-4fbb-a852-7f4c15493518" testId="945501a3-d0fa-0b5c-c604-11b650e86a11" testName="MesTech.Integration.Tests.Adapters.EbayAdapterExtendedTests.PlatformCode_IsEBay" computerName="DESKTOP-T2RFEH9" duration="00:00:00.0083742" startTime="2026-03-17T04:43:41.7645668+03:00" endTime="2026-03-17T04:43:41.7645671+03:00" testType="13cdc9d9-ddb5-4fa4-a97d-d965ccfc6d4b" outcome="Passed" testListId="8c84fa94-04c1-424b-9868-57a2d4851a1d" relativeResultsDirectory="b0a5b6e9-37fc-4fbb-a852-7f4c15493518" />
    <UnitTestResult executionId="11d7e4f8-31a4-4dd4-b6cb-9b9a6da02bac" testId="f99b4e0b-77f8-4257-31b4-85201eee4510" testName="MesTech.Integration.Tests.Api.ApiEndpointTests.OrdersEndpoint_WithValidApiKey_PassesMiddleware" computerName="DESKTOP-T2RFEH9" duration="00:00:13.5547965" startTime="2026-03-17T04:43:54.6831392+03:00" endTime="2026-03-17T04:43:54.6831396+03:00" testType="13cdc9d9-ddb5-4fa4-a97d-d965ccfc6d4b" outcome="Passed" testListId="8c84fa94-04c1-424b-9868-57a2d4851a1d" relativeResultsDirectory="11d7e4f8-31a4-4dd4-b6cb-9b9a6da02bac" />
    <UnitTestResult executionId="72977fbc-3ba4-4599-ba13-7f2777c34726" testId="ce022aeb-df25-0d93-a1b6-f86f00d84a1f" testName="MesTech.Integration.Tests.Api.ApiEndpointTests.ErrorHandler_ReturnsProblemDetailsJson" computerName="DESKTOP-T2RFEH9" duration="00:00:00.0875532" startTime="2026-03-17T04:43:54.8340437+03:00" endTime="2026-03-17T04:43:54.8340441+03:00" testType="13cdc9d9-ddb5-4fa4-a97d-d965ccfc6d4b" outcome="Passed" testListId="8c84fa94-04c1-424b-9868-57a2d4851a1d" relativeResultsDirectory="72977fbc-3ba4-4599-ba13-7f2777c34726" />
    <UnitTestResult executionId="e3e07e14-9e87-4f15-914b-990d941cbe26" testId="9e6deec9-cf3a-b56c-2c4d-d4c2777b5cfd" testName="MesTech.Integration.Tests.Unit.Accounting.AccountingServiceTests.BaBsReport_EmptyMonth_ReturnsEmptyReport" computerName="DESKTOP-T2RFEH9" duration="00:00:00.0848060" startTime="2026-03-17T04:43:41.6602375+03:00" endTime="2026-03-17T04:43:41.6602376+03:00" testType="13cdc9d9-ddb5-4fa4-a97d-d965ccfc6d4b" outcome="Passed" testListId="8c84fa94-04c1-424b-9868-57a2d4851a1d" relativeResultsDirectory="e3e07e14-9e87-4f15-914b-990d941cbe26" />
    <UnitTestResult executionId="6a3c9f2a-566a-4032-9d5b-899a1ceab60f" testId="0c22329a-624e-d4e3-a60b-47ce8af1087b" testName="MesTech.Integration.Tests.Integration.DiRegistrationTests.Factory_ResolvesTrendyol" computerName="DESKTOP-T2RFEH9" duration="00:00:00.0589458" startTime="2026-03-17T04:43:41.6575248+03:00" endTime="2026-03-17T04:43:41.6575251+03:00" testType="13cdc9d9-ddb5-4fa4-a97d-d965ccfc6d4b" outcome="Failed" testListId="8c84fa94-04c1-424b-9868-57a2d4851a1d" relativeResultsDirectory="6a3c9f2a-566a-4032-9d5b-899a1ceab60f">
      <Output>
        <ErrorInfo>
          <Message>System.InvalidOperationException : No service for type 'Microsoft.Extensions.Configuration.IConfiguration' has been registered.</Message>
          <StackTrace>   at Microsoft.Extensions.DependencyInjection.ServiceProviderServiceExtensions.GetRequiredService(IServiceProvider provider, Type serviceType)&#xD;
   at Microsoft.Extensions.DependencyInjection.ServiceProviderServiceExtensions.GetRequiredService[T](IServiceProvider provider)&#xD;
   at MesTech.Infrastructure.DependencyInjection.IntegrationServiceRegistration.&lt;&gt;c.&lt;AddIntegrationServices&gt;b__0_5(IServiceProvider sp) in E:\MesTech\MesTech\MesTech_Stok\MesTechStok\src\MesTech.Infrastructure\DependencyInjection\IntegrationServiceRegistration.cs:line 72&#xD;
   at Microsoft.Extensions.DependencyInjection.ServiceLookup.CallSiteRuntimeResolver.VisitRootCache(ServiceCallSite callSite, RuntimeResolverContext context)&#xD;
   at Microsoft.Extensions.DependencyInjection.ServiceLookup.CallSiteRuntimeResolver.Resolve(ServiceCallSite callSite, ServiceProviderEngineScope scope)&#xD;
   at Microsoft.Extensions.DependencyInjection.ServiceProvider.CreateServiceAccessor(ServiceIdentifier serviceIdentifier)&#xD;
   at System.Collections.Concurrent.ConcurrentDictionary`2.GetOrAdd(TKey key, Func`2 valueFactory)&#xD;
   at Microsoft.Extensions.DependencyInjection.ServiceProvider.GetService(ServiceIdentifier serviceIdentifier, ServiceProviderEngineScope serviceProviderEngineScope)&#xD;
   at Microsoft.Extensions.DependencyInjection.ServiceLookup.ServiceProviderEngineScope.GetService(Type serviceType)&#xD;
   at Microsoft.Extensions.DependencyInjection.ServiceProviderServiceExtensions.GetRequiredService(IServiceProvider provider, Type serviceType)&#xD;
   at Microsoft.Extensions.DependencyInjection.ServiceProviderServiceExtensions.GetRequiredService[T](IServiceProvider provider)&#xD;
   at MesTech.Infrastructure.DependencyInjection.IntegrationServiceRegistration.&lt;&gt;c.&lt;AddIntegrationServices&gt;b__0_6(IServiceProvider sp) in E:\MesTech\MesTech\MesTech_Stok\MesTechStok\src\MesTech.Infrastructure\DependencyInjection\IntegrationServiceRegistration.cs:line 80&#xD;
   at Microsoft.Extensions.DependencyInjection.ServiceLookup.CallSiteRuntimeResolver.VisitRootCache(ServiceCallSite callSite, RuntimeResolverContext context)&#xD;
   at Microsoft.Extensions.DependencyInjection.ServiceLookup.CallSiteRuntimeResolver.Resolve(ServiceCallSite callSite, ServiceProviderEngineScope scope)&#xD;
   at Microsoft.Extensions.DependencyInjection.ServiceProvider.CreateServiceAccessor(ServiceIdentifier serviceIdentifier)&#xD;
   at System.Collections.Concurrent.ConcurrentDictionary`2.GetOrAdd(TKey key, Func`2 valueFactory)&#xD;
   at Microsoft.Extensions.DependencyInjection.ServiceProvider.GetService(ServiceIdentifier serviceIdentifier, ServiceProviderEngineScope serviceProviderEngineScope)&#xD;
   at Microsoft.Extensions.DependencyInjection.ServiceLookup.ServiceProviderEngineScope.GetService(Type serviceType)&#xD;
   at Microsoft.Extensions.DependencyInjection.ServiceProviderServiceExtensions.GetRequiredService(IServiceProvider provider, Type serviceType)&#xD;
   at Microsoft.Extensions.DependencyInjection.ServiceProviderServiceExtensions.GetRequiredService[T](IServiceProvider provider)&#xD;
   at MesTech.Infrastructure.DependencyInjection.IntegrationServiceRegistration.&lt;&gt;c.&lt;AddIntegrationServices&gt;b__0_8(IServiceProvider sp) in E:\MesTech\MesTech\MesTech_Stok\MesTechStok\src\MesTech.Infrastructure\DependencyInjection\IntegrationServiceRegistration.cs:line 86&#xD;
   at Microsoft.Extensions.DependencyInjection.ServiceLookup.CallSiteRuntimeResolver.VisitRootCache(ServiceCallSite callSite, RuntimeResolverContext context)&#xD;
   at Microsoft.Extensions.DependencyInjection.ServiceLookup.CallSiteRuntimeResolver.VisitIEnumerable(IEnumerableCallSite enumerableCallSite, RuntimeResolverContext context)&#xD;
   at Microsoft.Extensions.DependencyInjection.ServiceLookup.CallSiteRuntimeResolver.VisitRootCache(ServiceCallSite callSite, RuntimeResolverContext context)&#xD;
   at Microsoft.Extensions.DependencyInjection.ServiceLookup.CallSiteRuntimeResolver.VisitConstructor(ConstructorCallSite constructorCallSite, RuntimeResolverContext context)&#xD;
   at Microsoft.Extensions.DependencyInjection.ServiceLookup.CallSiteRuntimeResolver.VisitRootCache(ServiceCallSite callSite, RuntimeResolverContext context)&#xD;
   at Microsoft.Extensions.DependencyInjection.ServiceLookup.CallSiteRuntimeResolver.Resolve(ServiceCallSite callSite, ServiceProviderEngineScope scope)&#xD;
   at Microsoft.Extensions.DependencyInjection.ServiceProvider.CreateServiceAccessor(ServiceIdentifier serviceIdentifier)&#xD;
   at System.Collections.Concurrent.ConcurrentDictionary`2.GetOrAdd(TKey key, Func`2 valueFactory)&#xD;
   at Microsoft.Extensions.DependencyInjection.ServiceProvider.GetService(ServiceIdentifier serviceIdentifier, ServiceProviderEngineScope serviceProviderEngineScope)&#xD;
   at Microsoft.Extensions.DependencyInjection.ServiceProvider.GetService(Type serviceType)&#xD;
   at Microsoft.Extensions.DependencyInjection.ServiceProviderServiceExtensions.GetRequiredService(IServiceProvider provider, Type serviceType)&#xD;
   at Microsoft.Extensions.DependencyInjection.ServiceProviderServiceExtensions.GetRequiredService[T](IServiceProvider provider)&#xD;
   at MesTech.Integration.Tests.Integration.DiRegistrationTests.Factory_ResolvesTrendyol() in E:\MesTech\MesTech\MesTech_Stok\MesTechStok\tests\MesTech.Integration.Tests\Integration\DiRegistrationTests.cs:line 40&#xD;
   at System.Reflection.MethodBaseInvoker.InterpretedInvoke_Method(Object obj, IntPtr* args)&#xD;
   at System.Reflection.MethodBaseInvoker.InvokeWithNoArgs(Object obj, BindingFlags invokeAttr)</StackTrace>
        </ErrorInfo>
      </Output>
    </UnitTestResult>
    <UnitTestResult executionId="6f271d76-91e6-4816-8441-f853125e2e43" testId="30ecae2f-6969-91e3-37b7-2de4311ea6bb" testName="MesTech.Integration.Tests.Unit.Webhooks.WebhookReceiverTests.HmacValidation_CorrectSignature" computerName="DESKTOP-T2RFEH9" duration="00:00:00.0702237" startTime="2026-03-17T04:43:41.4319560+03:00" endTime="2026-03-17T04:43:41.4319562+03:00" testType="13cdc9d9-ddb5-4fa4-a97d-d965ccfc6d4b" outcome="Passed" testListId="8c84fa94-04c1-424b-9868-57a2d4851a1d" relativeResultsDirectory="6f271d76-91e6-4816-8441-f853125e2e43" />
    <UnitTestResult executionId="9a38515e-6dde-4034-a3f8-a3b534311bc4" testId="4145241a-3061-7618-f581-c5af20de4860" testName="MesTech.Integration.Tests.Api.ApiEndpointTests.OrdersEndpoint_WithoutApiKey_Returns401" computerName="DESKTOP-T2RFEH9" duration="00:00:00.0066695" startTime="2026-03-17T04:43:56.3540889+03:00" endTime="2026-03-17T04:43:56.3540892+03:00" testType="13cdc9d9-ddb5-4fa4-a97d-d965ccfc6d4b" outcome="Passed" testListId="8c84fa94-04c1-424b-9868-57a2d4851a1d" relativeResultsDirectory="9a38515e-6dde-4034-a3f8-a3b534311bc4" />
    <UnitTestResult executionId="60a2e1e3-607d-4280-8672-c116b7c03e89" testId="3d1cda08-87f1-35fe-e280-9ed7240284a9" testName="MesTech.Integration.Tests.Adapters.EbayAdapterExtendedTests.TestConnection_MissingCredentials_ReturnsFailure" computerName="DESKTOP-T2RFEH9" duration="00:00:00.0014467" startTime="2026-03-17T04:43:42.3960765+03:00" endTime="2026-03-17T04:43:42.3960767+03:00" testType="13cdc9d9-ddb5-4fa4-a97d-d965ccfc6d4b" outcome="Passed" testListId="8c84fa94-04c1-424b-9868-57a2d4851a1d" relativeResultsDirectory="60a2e1e3-607d-4280-8672-c116b7c03e89" />
    <UnitTestResult executionId="0cd1f89f-8afb-4657-9ea1-f13045a2e13a" testId="b802a84e-ad6b-5611-5bb7-76e9f52cf70b" testName="MesTech.Integration.Tests.Unit.Adapters.ShopifyAdapterTests.TestConnection_ValidShop_ReturnsSuccess" computerName="DESKTOP-T2RFEH9" duration="00:00:00.0214027" startTime="2026-03-17T04:43:41.3772516+03:00" endTime="2026-03-17T04:43:41.3772518+03:00" testType="13cdc9d9-ddb5-4fa4-a97d-d965ccfc6d4b" outcome="Passed" testListId="8c84fa94-04c1-424b-9868-57a2d4851a1d" relativeResultsDirectory="0cd1f89f-8afb-4657-9ea1-f13045a2e13a" />
    <UnitTestResult executionId="02b8c6e6-5323-42d1-9634-2e1eca25cbb8" testId="3efe3e07-95f2-ccef-6fc0-8e78b724cd36" testName="MesTech.Integration.Tests.Adapters.EbayAdapterExtendedTests.PushStockUpdate_Success" computerName="DESKTOP-T2RFEH9" duration="00:00:00.3408538" startTime="2026-03-17T04:43:42.1209214+03:00" endTime="2026-03-17T04:43:42.1209217+03:00" testType="13cdc9d9-ddb5-4fa4-a97d-d965ccfc6d4b" outcome="Passed" testListId="8c84fa94-04c1-424b-9868-57a2d4851a1d" relativeResultsDirectory="02b8c6e6-5323-42d1-9634-2e1eca25cbb8" />
    <UnitTestResult executionId="63bdfbdf-a9ec-4009-b016-6ae1d44a0679" testId="204fc90f-e730-28f9-2804-a7cf342034e7" testName="MesTech.Integration.Tests.Unit.Factory.AdapterFactoryTests.Resolve_ByPlatformType_ReturnsCorrectAdapter" computerName="DESKTOP-T2RFEH9" duration="00:00:00.0009305" startTime="2026-03-17T04:43:41.3477373+03:00" endTime="2026-03-17T04:43:41.3477374+03:00" testType="13cdc9d9-ddb5-4fa4-a97d-d965ccfc6d4b" outcome="Passed" testListId="8c84fa94-04c1-424b-9868-57a2d4851a1d" relativeResultsDirectory="63bdfbdf-a9ec-4009-b016-6ae1d44a0679" />
    <UnitTestResult executionId="6c1deac4-bc6a-47b4-ab0d-733db9aff5ee" testId="5404087b-6db2-00aa-4f4b-0bbb3e690a55" testName="MesTech.Integration.Tests.Unit.Adapters.WooCommerceAdapterTests.PullProducts_ReturnsProducts" computerName="DESKTOP-T2RFEH9" duration="00:00:00.0023218" startTime="2026-03-17T04:43:41.7173033+03:00" endTime="2026-03-17T04:43:41.7173035+03:00" testType="13cdc9d9-ddb5-4fa4-a97d-d965ccfc6d4b" outcome="Passed" testListId="8c84fa94-04c1-424b-9868-57a2d4851a1d" relativeResultsDirectory="6c1deac4-bc6a-47b4-ab0d-733db9aff5ee" />
    <UnitTestResult executionId="b198a7ff-c063-41c5-8dab-1141e490e919" testId="ad01bb9c-c138-24ce-2e6f-6f4448643976" testName="MesTech.Integration.Tests.Unit.Adapters.ShopifyAdapterTests.PushStockUpdate_NoLocationId_ReturnsFalse" computerName="DESKTOP-T2RFEH9" duration="00:00:00.0016103" startTime="2026-03-17T04:43:41.8421722+03:00" endTime="2026-03-17T04:43:41.8421724+03:00" testType="13cdc9d9-ddb5-4fa4-a97d-d965ccfc6d4b" outcome="Passed" testListId="8c84fa94-04c1-424b-9868-57a2d4851a1d" relativeResultsDirectory="b198a7ff-c063-41c5-8dab-1141e490e919" />
    <UnitTestResult executionId="44a38dc9-652b-47f7-8362-0fb6bd689897" testId="124c9185-7fab-d4df-2a3b-ce6255a1d26c" testName="MesTech.Integration.Tests.Api.ApiEndpointTests.AuthLogin_EmptyCredentials_ReturnsBadRequest" computerName="DESKTOP-T2RFEH9" duration="00:00:00.0909460" startTime="2026-03-17T04:43:57.2541833+03:00" endTime="2026-03-17T04:43:57.2541838+03:00" testType="13cdc9d9-ddb5-4fa4-a97d-d965ccfc6d4b" outcome="Passed" testListId="8c84fa94-04c1-424b-9868-57a2d4851a1d" relativeResultsDirectory="44a38dc9-652b-47f7-8362-0fb6bd689897" />
    <UnitTestResult executionId="9f4bcb7d-063e-4987-9bfa-5355e5d048d9" testId="fe389eba-8bcd-23ad-5902-97c63a80f2c1" testName="MesTech.Integration.Tests.Unit.Factory.AdapterFactoryTests.ResolveCapability_OrderCapable_ReturnsAdapter" computerName="DESKTOP-T2RFEH9" duration="00:00:00.0271009" startTime="2026-03-17T04:43:41.3466951+03:00" endTime="2026-03-17T04:43:41.3466954+03:00" testType="13cdc9d9-ddb5-4fa4-a97d-d965ccfc6d4b" outcome="Passed" testListId="8c84fa94-04c1-424b-9868-57a2d4851a1d" relativeResultsDirectory="9f4bcb7d-063e-4987-9bfa-5355e5d048d9" />
    <UnitTestResult executionId="ace83e0d-5688-476b-90c9-aa4248aef079" testId="b115b9eb-6c27-6fe4-a7ed-cff2b1283d3f" testName="MesTech.Integration.Tests.Unit.Accounting.AccountingServiceTests.DepreciationCalculation_LinearMethod_CalculatesCorrectly" computerName="DESKTOP-T2RFEH9" duration="00:00:00.0017811" startTime="2026-03-17T04:43:41.8056026+03:00" endTime="2026-03-17T04:43:41.8056028+03:00" testType="13cdc9d9-ddb5-4fa4-a97d-d965ccfc6d4b" outcome="Passed" testListId="8c84fa94-04c1-424b-9868-57a2d4851a1d" relativeResultsDirectory="ace83e0d-5688-476b-90c9-aa4248aef079" />
    <UnitTestResult executionId="0227dd6d-fb17-4833-9dda-802caf68b6b7" testId="cf126bc1-b4ab-dd4a-6671-fcc772cca265" testName="MesTech.Integration.Tests.Adapters.EbayAdapterExtendedTests.SendShipment_Success" computerName="DESKTOP-T2RFEH9" duration="00:00:00.0560026" startTime="2026-03-17T04:43:42.3944757+03:00" endTime="2026-03-17T04:43:42.3944761+03:00" testType="13cdc9d9-ddb5-4fa4-a97d-d965ccfc6d4b" outcome="Passed" testListId="8c84fa94-04c1-424b-9868-57a2d4851a1d" relativeResultsDirectory="0227dd6d-fb17-4833-9dda-802caf68b6b7" />
    <UnitTestResult executionId="3c6d6bc1-821e-4ad3-bae5-e860c8ae35a7" testId="65e31c57-6e40-a276-89e7-bf9158c6eca7" testName="MesTech.Integration.Tests.Api.ApiEndpointTests.AuthValidate_EmptyToken_ReturnsBadRequest" computerName="DESKTOP-T2RFEH9" duration="00:00:00.1192921" startTime="2026-03-17T04:43:56.1803251+03:00" endTime="2026-03-17T04:43:56.1803255+03:00" testType="13cdc9d9-ddb5-4fa4-a97d-d965ccfc6d4b" outcome="Passed" testListId="8c84fa94-04c1-424b-9868-57a2d4851a1d" relativeResultsDirectory="3c6d6bc1-821e-4ad3-bae5-e860c8ae35a7" />
    <UnitTestResult executionId="96bba984-fce0-4d23-a82b-850da995aabd" testId="2d87d2b9-3513-d352-d285-323941086992" testName="MesTech.Integration.Tests.Integration.DiRegistrationTests.AddIntegration_ResolvesOrchestrator" computerName="DESKTOP-T2RFEH9" duration="00:00:00.0216585" startTime="2026-03-17T04:43:41.6807195+03:00" endTime="2026-03-17T04:43:41.6807197+03:00" testType="13cdc9d9-ddb5-4fa4-a97d-d965ccfc6d4b" outcome="Failed" testListId="8c84fa94-04c1-424b-9868-57a2d4851a1d" relativeResultsDirectory="96bba984-fce0-4d23-a82b-850da995aabd">
      <Output>
        <ErrorInfo>
          <Message>System.InvalidOperationException : No service for type 'Microsoft.Extensions.Configuration.IConfiguration' has been registered.</Message>
          <StackTrace>   at Microsoft.Extensions.DependencyInjection.ServiceProviderServiceExtensions.GetRequiredService(IServiceProvider provider, Type serviceType)&#xD;
   at Microsoft.Extensions.DependencyInjection.ServiceProviderServiceExtensions.GetRequiredService[T](IServiceProvider provider)&#xD;
   at MesTech.Infrastructure.DependencyInjection.IntegrationServiceRegistration.&lt;&gt;c.&lt;AddIntegrationServices&gt;b__0_5(IServiceProvider sp) in E:\MesTech\MesTech\MesTech_Stok\MesTechStok\src\MesTech.Infrastructure\DependencyInjection\IntegrationServiceRegistration.cs:line 72&#xD;
   at Microsoft.Extensions.DependencyInjection.ServiceLookup.CallSiteRuntimeResolver.VisitRootCache(ServiceCallSite callSite, RuntimeResolverContext context)&#xD;
   at Microsoft.Extensions.DependencyInjection.ServiceLookup.CallSiteRuntimeResolver.Resolve(ServiceCallSite callSite, ServiceProviderEngineScope scope)&#xD;
   at Microsoft.Extensions.DependencyInjection.ServiceProvider.CreateServiceAccessor(ServiceIdentifier serviceIdentifier)&#xD;
   at System.Collections.Concurrent.ConcurrentDictionary`2.GetOrAdd(TKey key, Func`2 valueFactory)&#xD;
   at Microsoft.Extensions.DependencyInjection.ServiceProvider.GetService(ServiceIdentifier serviceIdentifier, ServiceProviderEngineScope serviceProviderEngineScope)&#xD;
   at Microsoft.Extensions.DependencyInjection.ServiceLookup.ServiceProviderEngineScope.GetService(Type serviceType)&#xD;
   at Microsoft.Extensions.DependencyInjection.ServiceProviderServiceExtensions.GetRequiredService(IServiceProvider provider, Type serviceType)&#xD;
   at Microsoft.Extensions.DependencyInjection.ServiceProviderServiceExtensions.GetRequiredService[T](IServiceProvider provider)&#xD;
   at MesTech.Infrastructure.DependencyInjection.IntegrationServiceRegistration.&lt;&gt;c.&lt;AddIntegrationServices&gt;b__0_6(IServiceProvider sp) in E:\MesTech\MesTech\MesTech_Stok\MesTechStok\src\MesTech.Infrastructure\DependencyInjection\IntegrationServiceRegistration.cs:line 80&#xD;
   at Microsoft.Extensions.DependencyInjection.ServiceLookup.CallSiteRuntimeResolver.VisitRootCache(ServiceCallSite callSite, RuntimeResolverContext context)&#xD;
   at Microsoft.Extensions.DependencyInjection.ServiceLookup.CallSiteRuntimeResolver.Resolve(ServiceCallSite callSite, ServiceProviderEngineScope scope)&#xD;
   at Microsoft.Extensions.DependencyInjection.ServiceProvider.CreateServiceAccessor(ServiceIdentifier serviceIdentifier)&#xD;
   at System.Collections.Concurrent.ConcurrentDictionary`2.GetOrAdd(TKey key, Func`2 valueFactory)&#xD;
   at Microsoft.Extensions.DependencyInjection.ServiceProvider.GetService(ServiceIdentifier serviceIdentifier, ServiceProviderEngineScope serviceProviderEngineScope)&#xD;
   at Microsoft.Extensions.DependencyInjection.ServiceLookup.ServiceProviderEngineScope.GetService(Type serviceType)&#xD;
   at Microsoft.Extensions.DependencyInjection.ServiceProviderServiceExtensions.GetRequiredService(IServiceProvider provider, Type serviceType)&#xD;
   at Microsoft.Extensions.DependencyInjection.ServiceProviderServiceExtensions.GetRequiredService[T](IServiceProvider provider)&#xD;
   at MesTech.Infrastructure.DependencyInjection.IntegrationServiceRegistration.&lt;&gt;c.&lt;AddIntegrationServices&gt;b__0_8(IServiceProvider sp) in E:\MesTech\MesTech\MesTech_Stok\MesTechStok\src\MesTech.Infrastructure\DependencyInjection\IntegrationServiceRegistration.cs:line 86&#xD;
   at Microsoft.Extensions.DependencyInjection.ServiceLookup.CallSiteRuntimeResolver.VisitRootCache(ServiceCallSite callSite, RuntimeResolverContext context)&#xD;
   at Microsoft.Extensions.DependencyInjection.ServiceLookup.CallSiteRuntimeResolver.VisitIEnumerable(IEnumerableCallSite enumerableCallSite, RuntimeResolverContext context)&#xD;
   at Microsoft.Extensions.DependencyInjection.ServiceLookup.CallSiteRuntimeResolver.VisitRootCache(ServiceCallSite callSite, RuntimeResolverContext context)&#xD;
   at Microsoft.Extensions.DependencyInjection.ServiceLookup.CallSiteRuntimeResolver.VisitConstructor(ConstructorCallSite constructorCallSite, RuntimeResolverContext context)&#xD;
   at Microsoft.Extensions.DependencyInjection.ServiceLookup.CallSiteRuntimeResolver.VisitRootCache(ServiceCallSite callSite, RuntimeResolverContext context)&#xD;
   at Microsoft.Extensions.DependencyInjection.ServiceLookup.CallSiteRuntimeResolver.VisitConstructor(ConstructorCallSite constructorCallSite, RuntimeResolverContext context)&#xD;
   at Microsoft.Extensions.DependencyInjection.ServiceLookup.CallSiteRuntimeResolver.VisitRootCache(ServiceCallSite callSite, RuntimeResolverContext context)&#xD;
   at Microsoft.Extensions.DependencyInjection.ServiceLookup.CallSiteRuntimeResolver.Resolve(ServiceCallSite callSite, ServiceProviderEngineScope scope)&#xD;
   at Microsoft.Extensions.DependencyInjection.ServiceProvider.CreateServiceAccessor(ServiceIdentifier serviceIdentifier)&#xD;
   at System.Collections.Concurrent.ConcurrentDictionary`2.GetOrAdd(TKey key, Func`2 valueFactory)&#xD;
   at Microsoft.Extensions.DependencyInjection.ServiceProvider.GetService(ServiceIdentifier serviceIdentifier, ServiceProviderEngineScope serviceProviderEngineScope)&#xD;
   at Microsoft.Extensions.DependencyInjection.ServiceProvider.GetService(Type serviceType)&#xD;
   at Microsoft.Extensions.DependencyInjection.ServiceProviderServiceExtensions.GetService[T](IServiceProvider provider)&#xD;
   at MesTech.Integration.Tests.Integration.DiRegistrationTests.AddIntegration_ResolvesOrchestrator() in E:\MesTech\MesTech\MesTech_Stok\MesTechStok\tests\MesTech.Integration.Tests\Integration\DiRegistrationTests.cs:line 32&#xD;
   at System.Reflection.MethodBaseInvoker.InterpretedInvoke_Method(Object obj, IntPtr* args)&#xD;
   at System.Reflection.MethodBaseInvoker.InvokeWithNoArgs(Object obj, BindingFlags invokeAttr)</StackTrace>
        </ErrorInfo>
      </Output>
    </UnitTestResult>
    <UnitTestResult executionId="14b69ae0-4b42-438d-a2d6-30d100a62479" testId="6ec863dd-3568-acd7-2167-922401ada20d" testName="MesTech.Integration.Tests.Api.ApiEndpointTests.ProtectedEndpoint_WithInvalidApiKey_Returns401" computerName="DESKTOP-T2RFEH9" duration="00:00:00.0522591" startTime="2026-03-17T04:43:56.6762715+03:00" endTime="2026-03-17T04:43:56.6762721+03:00" testType="13cdc9d9-ddb5-4fa4-a97d-d965ccfc6d4b" outcome="Passed" testListId="8c84fa94-04c1-424b-9868-57a2d4851a1d" relativeResultsDirectory="14b69ae0-4b42-438d-a2d6-30d100a62479" />
    <UnitTestResult executionId="e2ec20c0-c356-4a19-ac1a-14bf900ddee6" testId="19c9d986-756d-e6d1-006b-13fcb7561a6f" testName="MesTech.Integration.Tests.Unit.Accounting.AccountingServiceTests.BankReconciliation_UnmatchedItems_FlagsCorrectly" computerName="DESKTOP-T2RFEH9" duration="00:00:00.0877662" startTime="2026-03-17T04:43:41.5390496+03:00" endTime="2026-03-17T04:43:41.5390497+03:00" testType="13cdc9d9-ddb5-4fa4-a97d-d965ccfc6d4b" outcome="Passed" testListId="8c84fa94-04c1-424b-9868-57a2d4851a1d" relativeResultsDirectory="e2ec20c0-c356-4a19-ac1a-14bf900ddee6" />
    <UnitTestResult executionId="f6e12bc3-668c-480d-a58c-9c6c7fd66178" testId="7ee9f00d-84f4-fb1d-d7d7-8d2f66a67ab4" testName="MesTech.Integration.Tests.Adapters.TrendyolAdapterWireMockTests.PingAsync_ServerReachable_ReturnsTrue" computerName="DESKTOP-T2RFEH9" duration="00:00:00.0602837" startTime="2026-03-17T04:43:42.2125460+03:00" endTime="2026-03-17T04:43:42.2125463+03:00" testType="13cdc9d9-ddb5-4fa4-a97d-d965ccfc6d4b" outcome="Passed" testListId="8c84fa94-04c1-424b-9868-57a2d4851a1d" relativeResultsDirectory="f6e12bc3-668c-480d-a58c-9c6c7fd66178" />
    <UnitTestResult executionId="daf63fbb-066d-448d-9e07-f56fc07827c6" testId="c926f919-0487-ccff-50ff-39e8645365b4" testName="MesTech.Integration.Tests.Unit.Accounting.AccountingServiceTests.AccountingJournal_MultiCurrency_ConvertsTRY" computerName="DESKTOP-T2RFEH9" duration="00:00:00.0041139" startTime="2026-03-17T04:43:41.7152145+03:00" endTime="2026-03-17T04:43:41.7152147+03:00" testType="13cdc9d9-ddb5-4fa4-a97d-d965ccfc6d4b" outcome="Passed" testListId="8c84fa94-04c1-424b-9868-57a2d4851a1d" relativeResultsDirectory="daf63fbb-066d-448d-9e07-f56fc07827c6" />
    <UnitTestResult executionId="b5d03ff4-e87f-440e-975e-238c6a615248" testId="32660c97-2e49-47dc-e2c3-ed2052c4d1e5" testName="MesTech.Integration.Tests.Api.ApiEndpointTests.MetricsEndpoint_ReturnsPrometheusFormat" computerName="DESKTOP-T2RFEH9" duration="00:00:00.3493293" startTime="2026-03-17T04:43:57.1563303+03:00" endTime="2026-03-17T04:43:57.1563307+03:00" testType="13cdc9d9-ddb5-4fa4-a97d-d965ccfc6d4b" outcome="Passed" testListId="8c84fa94-04c1-424b-9868-57a2d4851a1d" relativeResultsDirectory="b5d03ff4-e87f-440e-975e-238c6a615248" />
    <UnitTestResult executionId="7e1fa21a-0709-498e-ba0b-4fd0191af149" testId="b016d42b-0eb3-20db-01bf-d1144686e5e5" testName="MesTech.Integration.Tests.Integration.DiRegistrationTests.FullChain_OrchestratorFactoryAdapter" computerName="DESKTOP-T2RFEH9" duration="00:00:00.4494149" startTime="2026-03-17T04:43:41.6335302+03:00" endTime="2026-03-17T04:43:41.6335304+03:00" testType="13cdc9d9-ddb5-4fa4-a97d-d965ccfc6d4b" outcome="Failed" testListId="8c84fa94-04c1-424b-9868-57a2d4851a1d" relativeResultsDirectory="7e1fa21a-0709-498e-ba0b-4fd0191af149">
      <Output>
        <ErrorInfo>
          <Message>System.InvalidOperationException : No service for type 'Microsoft.Extensions.Configuration.IConfiguration' has been registered.</Message>
          <StackTrace>   at Microsoft.Extensions.DependencyInjection.ServiceProviderServiceExtensions.GetRequiredService(IServiceProvider provider, Type serviceType)&#xD;
   at Microsoft.Extensions.DependencyInjection.ServiceProviderServiceExtensions.GetRequiredService[T](IServiceProvider provider)&#xD;
   at MesTech.Infrastructure.DependencyInjection.IntegrationServiceRegistration.&lt;&gt;c.&lt;AddIntegrationServices&gt;b__0_5(IServiceProvider sp) in E:\MesTech\MesTech\MesTech_Stok\MesTechStok\src\MesTech.Infrastructure\DependencyInjection\IntegrationServiceRegistration.cs:line 72&#xD;
   at Microsoft.Extensions.DependencyInjection.ServiceLookup.CallSiteRuntimeResolver.VisitRootCache(ServiceCallSite callSite, RuntimeResolverContext context)&#xD;
   at Microsoft.Extensions.DependencyInjection.ServiceLookup.CallSiteRuntimeResolver.Resolve(ServiceCallSite callSite, ServiceProviderEngineScope scope)&#xD;
   at Microsoft.Extensions.DependencyInjection.ServiceProvider.CreateServiceAccessor(ServiceIdentifier serviceIdentifier)&#xD;
   at System.Collections.Concurrent.ConcurrentDictionary`2.GetOrAdd(TKey key, Func`2 valueFactory)&#xD;
   at Microsoft.Extensions.DependencyInjection.ServiceProvider.GetService(ServiceIdentifier serviceIdentifier, ServiceProviderEngineScope serviceProviderEngineScope)&#xD;
   at Microsoft.Extensions.DependencyInjection.ServiceLookup.ServiceProviderEngineScope.GetService(Type serviceType)&#xD;
   at Microsoft.Extensions.DependencyInjection.ServiceProviderServiceExtensions.GetRequiredService(IServiceProvider provider, Type serviceType)&#xD;
   at Microsoft.Extensions.DependencyInjection.ServiceProviderServiceExtensions.GetRequiredService[T](IServiceProvider provider)&#xD;
   at MesTech.Infrastructure.DependencyInjection.IntegrationServiceRegistration.&lt;&gt;c.&lt;AddIntegrationServices&gt;b__0_6(IServiceProvider sp) in E:\MesTech\MesTech\MesTech_Stok\MesTechStok\src\MesTech.Infrastructure\DependencyInjection\IntegrationServiceRegistration.cs:line 80&#xD;
   at Microsoft.Extensions.DependencyInjection.ServiceLookup.CallSiteRuntimeResolver.VisitRootCache(ServiceCallSite callSite, RuntimeResolverContext context)&#xD;
   at Microsoft.Extensions.DependencyInjection.ServiceLookup.CallSiteRuntimeResolver.Resolve(ServiceCallSite callSite, ServiceProviderEngineScope scope)&#xD;
   at Microsoft.Extensions.DependencyInjection.ServiceProvider.CreateServiceAccessor(ServiceIdentifier serviceIdentifier)&#xD;
   at System.Collections.Concurrent.ConcurrentDictionary`2.GetOrAdd(TKey key, Func`2 valueFactory)&#xD;
   at Microsoft.Extensions.DependencyInjection.ServiceProvider.GetService(ServiceIdentifier serviceIdentifier, ServiceProviderEngineScope serviceProviderEngineScope)&#xD;
   at Microsoft.Extensions.DependencyInjection.ServiceLookup.ServiceProviderEngineScope.GetService(Type serviceType)&#xD;
   at Microsoft.Extensions.DependencyInjection.ServiceProviderServiceExtensions.GetRequiredService(IServiceProvider provider, Type serviceType)&#xD;
   at Microsoft.Extensions.DependencyInjection.ServiceProviderServiceExtensions.GetRequiredService[T](IServiceProvider provider)&#xD;
   at MesTech.Infrastructure.DependencyInjection.IntegrationServiceRegistration.&lt;&gt;c.&lt;AddIntegrationServices&gt;b__0_8(IServiceProvider sp) in E:\MesTech\MesTech\MesTech_Stok\MesTechStok\src\MesTech.Infrastructure\DependencyInjection\IntegrationServiceRegistration.cs:line 86&#xD;
   at Microsoft.Extensions.DependencyInjection.ServiceLookup.CallSiteRuntimeResolver.VisitRootCache(ServiceCallSite callSite, RuntimeResolverContext context)&#xD;
   at Microsoft.Extensions.DependencyInjection.ServiceLookup.CallSiteRuntimeResolver.VisitIEnumerable(IEnumerableCallSite enumerableCallSite, RuntimeResolverContext context)&#xD;
   at Microsoft.Extensions.DependencyInjection.ServiceLookup.CallSiteRuntimeResolver.VisitRootCache(ServiceCallSite callSite, RuntimeResolverContext context)&#xD;
   at Microsoft.Extensions.DependencyInjection.ServiceLookup.CallSiteRuntimeResolver.VisitConstructor(ConstructorCallSite constructorCallSite, RuntimeResolverContext context)&#xD;
   at Microsoft.Extensions.DependencyInjection.ServiceLookup.CallSiteRuntimeResolver.VisitRootCache(ServiceCallSite callSite, RuntimeResolverContext context)&#xD;
   at Microsoft.Extensions.DependencyInjection.ServiceLookup.CallSiteRuntimeResolver.VisitConstructor(ConstructorCallSite constructorCallSite, RuntimeResolverContext context)&#xD;
   at Microsoft.Extensions.DependencyInjection.ServiceLookup.CallSiteRuntimeResolver.VisitRootCache(ServiceCallSite callSite, RuntimeResolverContext context)&#xD;
   at Microsoft.Extensions.DependencyInjection.ServiceLookup.CallSiteRuntimeResolver.Resolve(ServiceCallSite callSite, ServiceProviderEngineScope scope)&#xD;
   at Microsoft.Extensions.DependencyInjection.ServiceProvider.CreateServiceAccessor(ServiceIdentifier serviceIdentifier)&#xD;
   at System.Collections.Concurrent.ConcurrentDictionary`2.GetOrAdd(TKey key, Func`2 valueFactory)&#xD;
   at Microsoft.Extensions.DependencyInjection.ServiceProvider.GetService(ServiceIdentifier serviceIdentifier, ServiceProviderEngineScope serviceProviderEngineScope)&#xD;
   at Microsoft.Extensions.DependencyInjection.ServiceProvider.GetService(Type serviceType)&#xD;
   at Microsoft.Extensions.DependencyInjection.ServiceProviderServiceExtensions.GetRequiredService(IServiceProvider provider, Type serviceType)&#xD;
   at Microsoft.Extensions.DependencyInjection.ServiceProviderServiceExtensions.GetRequiredService[T](IServiceProvider provider)&#xD;
   at MesTech.Integration.Tests.Integration.DiRegistrationTests.FullChain_OrchestratorFactoryAdapter() in E:\MesTech\MesTech\MesTech_Stok\MesTechStok\tests\MesTech.Integration.Tests\Integration\DiRegistrationTests.cs:line 50&#xD;
   at System.Reflection.MethodBaseInvoker.InterpretedInvoke_Method(Object obj, IntPtr* args)&#xD;
   at System.Reflection.MethodBaseInvoker.InvokeWithNoArgs(Object obj, BindingFlags invokeAttr)</StackTrace>
        </ErrorInfo>
      </Output>
    </UnitTestResult>
    <UnitTestResult executionId="72d6aff8-56c4-44d0-b7b7-61e09a805c87" testId="276cf85f-aa70-c4bb-f9e5-ff68596d6f98" testName="MesTech.Integration.Tests.Adapters.EbayAdapterExtendedTests.TestConnection_ValidToken_ReturnsSuccess" computerName="DESKTOP-T2RFEH9" duration="00:00:00.0334135" startTime="2026-03-17T04:43:42.2619329+03:00" endTime="2026-03-17T04:43:42.2619332+03:00" testType="13cdc9d9-ddb5-4fa4-a97d-d965ccfc6d4b" outcome="Passed" testListId="8c84fa94-04c1-424b-9868-57a2d4851a1d" relativeResultsDirectory="72d6aff8-56c4-44d0-b7b7-61e09a805c87" />
    <UnitTestResult executionId="a20e7b4a-d9ab-4145-90f6-b3b106bc2ba7" testId="47805c95-7a80-3bf3-4021-1aeffc9829a0" testName="MesTech.Integration.Tests.Unit.Adapters.WooCommerceAdapterTests.PullProducts_EmptyStore_ReturnsEmpty" computerName="DESKTOP-T2RFEH9" duration="00:00:00.0017459" startTime="2026-03-17T04:43:41.7260309+03:00" endTime="2026-03-17T04:43:41.7260312+03:00" testType="13cdc9d9-ddb5-4fa4-a97d-d965ccfc6d4b" outcome="Passed" testListId="8c84fa94-04c1-424b-9868-57a2d4851a1d" relativeResultsDirectory="a20e7b4a-d9ab-4145-90f6-b3b106bc2ba7" />
    <UnitTestResult executionId="7c82b2b9-c2ba-4699-ae05-803e4d58ada1" testId="03338ad7-654a-0a93-89f9-a7457e561736" testName="MesTech.Integration.Tests.Unit.Adapters.WooCommerceAdapterTests.PushStockUpdate_Success_ReturnsTrue" computerName="DESKTOP-T2RFEH9" duration="00:00:00.2413246" startTime="2026-03-17T04:43:41.5698063+03:00" endTime="2026-03-17T04:43:41.5698065+03:00" testType="13cdc9d9-ddb5-4fa4-a97d-d965ccfc6d4b" outcome="Passed" testListId="8c84fa94-04c1-424b-9868-57a2d4851a1d" relativeResultsDirectory="7c82b2b9-c2ba-4699-ae05-803e4d58ada1" />
    <UnitTestResult executionId="e43d9967-2038-4c3f-a8ab-d583f6a846b7" testId="3cbb4ceb-4f9e-2083-9e61-5a1d8e9b0a1b" testName="MesTech.Integration.Tests.Unit.Adapters.ShopifyAdapterTests.PushPriceUpdate_Success_ReturnsTrue" computerName="DESKTOP-T2RFEH9" duration="00:00:00.0096707" startTime="2026-03-17T04:43:41.8253713+03:00" endTime="2026-03-17T04:43:41.8253715+03:00" testType="13cdc9d9-ddb5-4fa4-a97d-d965ccfc6d4b" outcome="Passed" testListId="8c84fa94-04c1-424b-9868-57a2d4851a1d" relativeResultsDirectory="e43d9967-2038-4c3f-a8ab-d583f6a846b7" />
    <UnitTestResult executionId="a4af2970-1be4-4651-a510-4638e9a8fdb4" testId="b9b402d0-ed77-0f8c-61c5-6023ec221cd5" testName="MesTech.Integration.Tests.Unit.Webhooks.WebhookReceiverTests.ProcessGenericWebhook_UnknownType_StillSucceeds" computerName="DESKTOP-T2RFEH9" duration="00:00:00.3980112" startTime="2026-03-17T04:43:41.3675310+03:00" endTime="2026-03-17T04:43:41.3675312+03:00" testType="13cdc9d9-ddb5-4fa4-a97d-d965ccfc6d4b" outcome="Passed" testListId="8c84fa94-04c1-424b-9868-57a2d4851a1d" relativeResultsDirectory="a4af2970-1be4-4651-a510-4638e9a8fdb4" />
    <UnitTestResult executionId="6c5e534e-e3b3-4ea4-b985-203a419b2b6c" testId="36e6cf10-7f79-19a4-1df1-5a88c741a85f" testName="MesTech.Integration.Tests.Unit.Orchestration.OrchestratorTests.SyncPlatform_Timeout_GracefulFailure" computerName="DESKTOP-T2RFEH9" duration="00:00:30.0483827" startTime="2026-03-17T04:44:11.5036234+03:00" endTime="2026-03-17T04:44:11.5036238+03:00" testType="13cdc9d9-ddb5-4fa4-a97d-d965ccfc6d4b" outcome="Passed" testListId="8c84fa94-04c1-424b-9868-57a2d4851a1d" relativeResultsDirectory="6c5e534e-e3b3-4ea4-b985-203a419b2b6c" />
    <UnitTestResult executionId="9235aff0-4f6d-42f8-af4f-5e48bbae3a54" testId="626a0a04-3426-39f9-c4ac-77ac2e17a81f" testName="MesTech.Integration.Tests.Api.ApiEndpointTests.ProtectedEndpoint_WithoutApiKey_Returns401" computerName="DESKTOP-T2RFEH9" duration="00:00:00.0205371" startTime="2026-03-17T04:43:56.7973449+03:00" endTime="2026-03-17T04:43:56.7973452+03:00" testType="13cdc9d9-ddb5-4fa4-a97d-d965ccfc6d4b" outcome="Passed" testListId="8c84fa94-04c1-424b-9868-57a2d4851a1d" relativeResultsDirectory="9235aff0-4f6d-42f8-af4f-5e48bbae3a54" />
    <UnitTestResult executionId="f77f671c-2273-41c8-a5f3-555461e5c8a6" testId="040c038e-fd50-3a2c-2756-e2259bd40a79" testName="MesTech.Integration.Tests.Unit.Adapters.WooCommerceAdapterTests.TestConnection_NetworkError_ReturnsFailure" computerName="DESKTOP-T2RFEH9" duration="00:00:00.0495783" startTime="2026-03-17T04:43:41.3283165+03:00" endTime="2026-03-17T04:43:41.3283169+03:00" testType="13cdc9d9-ddb5-4fa4-a97d-d965ccfc6d4b" outcome="Passed" testListId="8c84fa94-04c1-424b-9868-57a2d4851a1d" relativeResultsDirectory="f77f671c-2273-41c8-a5f3-555461e5c8a6" />
    <UnitTestResult executionId="c2439033-4a87-4a78-823f-18521324c291" testId="d0d8523c-2424-0f0a-c212-cb1f4619440e" testName="MesTech.Integration.Tests.Unit.Accounting.AccountingServiceTests.BankReconciliation_MatchTransactions_AutoMatches" computerName="DESKTOP-T2RFEH9" duration="00:00:00.0715030" startTime="2026-03-17T04:43:41.7932509+03:00" endTime="2026-03-17T04:43:41.7932511+03:00" testType="13cdc9d9-ddb5-4fa4-a97d-d965ccfc6d4b" outcome="Failed" testListId="8c84fa94-04c1-424b-9868-57a2d4851a1d" relativeResultsDirectory="c2439033-4a87-4a78-823f-18521324c291">
      <Output>
        <ErrorInfo>
          <Message>Expected collection to contain 1 item(s), but found 0: {empty}.</Message>
          <StackTrace>   at FluentAssertions.Execution.LateBoundTestFramework.Throw(String message)&#xD;
   at FluentAssertions.Execution.TestFrameworkProvider.Throw(String message)&#xD;
   at FluentAssertions.Execution.DefaultAssertionStrategy.HandleFailure(String message)&#xD;
   at FluentAssertions.Execution.AssertionScope.FailWith(Func`1 failReasonFunc)&#xD;
   at FluentAssertions.Execution.AssertionScope.FailWith(Func`1 failReasonFunc)&#xD;
   at FluentAssertions.Execution.AssertionScope.FailWith(String message, Object[] args)&#xD;
   at FluentAssertions.Collections.GenericCollectionAssertions`3.HaveCount(Int32 expected, String because, Object[] becauseArgs)&#xD;
   at MesTech.Integration.Tests.Unit.Accounting.AccountingServiceTests.BankReconciliation_MatchTransactions_AutoMatches() in E:\MesTech\MesTech\MesTech_Stok\MesTechStok\tests\MesTech.Integration.Tests\Unit\Accounting\AccountingServiceTests.cs:line 343&#xD;
--- End of stack trace from previous location ---</StackTrace>
        </ErrorInfo>
      </Output>
    </UnitTestResult>
    <UnitTestResult executionId="81d3bfe5-2229-4ed4-b23d-f0d78b6b7094" testId="511bfd6c-55b2-6c25-a33f-9ce30789a050" testName="MesTech.Integration.Tests.Unit.Factory.AdapterFactoryTests.ResolveCapability_Unsupported_ReturnsNull" computerName="DESKTOP-T2RFEH9" duration="00:00:00.0006411" startTime="2026-03-17T04:43:41.3484639+03:00" endTime="2026-03-17T04:43:41.3484641+03:00" testType="13cdc9d9-ddb5-4fa4-a97d-d965ccfc6d4b" outcome="Passed" testListId="8c84fa94-04c1-424b-9868-57a2d4851a1d" relativeResultsDirectory="81d3bfe5-2229-4ed4-b23d-f0d78b6b7094" />
    <UnitTestResult executionId="cc597c67-ba29-4931-bc96-49b4c9b6ab89" testId="f9e5b8eb-6fdd-2855-333b-ec4c8233cf27" testName="MesTech.Integration.Tests.Runtime.TrendyolRuntimeTests.TestConnection_Trendyol_WithMockHttp_Success" computerName="DESKTOP-T2RFEH9" duration="00:00:00.0547510" startTime="2026-03-17T04:43:41.6505510+03:00" endTime="2026-03-17T04:43:41.6505511+03:00" testType="13cdc9d9-ddb5-4fa4-a97d-d965ccfc6d4b" outcome="Passed" testListId="8c84fa94-04c1-424b-9868-57a2d4851a1d" relativeResultsDirectory="cc597c67-ba29-4931-bc96-49b4c9b6ab89" />
    <UnitTestResult executionId="5f00d23d-afe0-4bb5-9e82-a88b9fe3467b" testId="33579030-c68c-60ad-2b95-26de7920c3f6" testName="MesTech.Integration.Tests.Erp.NetsisERPAdapterContractTests.PingAsync_WhenServerOk_ReturnsTrue" computerName="DESKTOP-T2RFEH9" duration="00:00:00.0899028" startTime="2026-03-17T04:43:42.3999111+03:00" endTime="2026-03-17T04:43:42.3999114+03:00" testType="13cdc9d9-ddb5-4fa4-a97d-d965ccfc6d4b" outcome="Passed" testListId="8c84fa94-04c1-424b-9868-57a2d4851a1d" relativeResultsDirectory="5f00d23d-afe0-4bb5-9e82-a88b9fe3467b" />
    <UnitTestResult executionId="4b259ce1-223f-461d-8018-dcf847ab81f5" testId="45ca90b9-e883-1e94-2b52-8d3fb6a624d3" testName="MesTech.Integration.Tests.Erp.NetsisERPAdapterContractTests.SyncInvoiceAsync_WhenServerFails_ReturnsFailure" computerName="DESKTOP-T2RFEH9" duration="00:00:01.2768740" startTime="2026-03-17T04:43:42.1131546+03:00" endTime="2026-03-17T04:43:42.1131550+03:00" testType="13cdc9d9-ddb5-4fa4-a97d-d965ccfc6d4b" outcome="Passed" testListId="8c84fa94-04c1-424b-9868-57a2d4851a1d" relativeResultsDirectory="4b259ce1-223f-461d-8018-dcf847ab81f5" />
    <UnitTestResult executionId="c1ba524b-6dff-43d5-a090-8ebc38ee333e" testId="529cdb92-4de3-97be-8be2-5902c79ad3d5" testName="MesTech.Integration.Tests.Unit.Adapters.WooCommerceAdapterTests.SupportsPriceUpdate_ReturnsTrue" computerName="DESKTOP-T2RFEH9" duration="00:00:00.1495401" startTime="2026-03-17T04:43:41.2795907+03:00" endTime="2026-03-17T04:43:41.2796807+03:00" testType="13cdc9d9-ddb5-4fa4-a97d-d965ccfc6d4b" outcome="Passed" testListId="8c84fa94-04c1-424b-9868-57a2d4851a1d" relativeResultsDirectory="c1ba524b-6dff-43d5-a090-8ebc38ee333e" />
    <UnitTestResult executionId="a277d749-285c-4a74-bbb1-4b73e71b0572" testId="9c6e18a3-870e-b2e0-1880-55c348194f4d" testName="MesTech.Integration.Tests.Unit.Adapters.WooCommerceAdapterTests.TestConnection_ValidStore_ReturnsSuccess" computerName="DESKTOP-T2RFEH9" duration="00:00:00.0016414" startTime="2026-03-17T04:43:41.7241825+03:00" endTime="2026-03-17T04:43:41.7241827+03:00" testType="13cdc9d9-ddb5-4fa4-a97d-d965ccfc6d4b" outcome="Passed" testListId="8c84fa94-04c1-424b-9868-57a2d4851a1d" relativeResultsDirectory="a277d749-285c-4a74-bbb1-4b73e71b0572" />
    <UnitTestResult executionId="c0f98eec-c761-40f5-86e6-d8eef72a9f70" testId="762802cf-d39d-0893-095b-511d714cae0c" testName="MesTech.Integration.Tests.Api.ApiEndpointTests.NonExistentEndpoint_Returns404" computerName="DESKTOP-T2RFEH9" duration="00:00:00.0354034" startTime="2026-03-17T04:43:54.7420594+03:00" endTime="2026-03-17T04:43:54.7420598+03:00" testType="13cdc9d9-ddb5-4fa4-a97d-d965ccfc6d4b" outcome="Passed" testListId="8c84fa94-04c1-424b-9868-57a2d4851a1d" relativeResultsDirectory="c0f98eec-c761-40f5-86e6-d8eef72a9f70" />
    <UnitTestResult executionId="e0a46015-a42b-499b-a06c-52c3b843afd2" testId="931bfe0f-2316-37e8-bbaf-2034812236b3" testName="MesTech.Integration.Tests.Api.ApiEndpointTests.AuthValidate_ValidToken_ReturnsUserAndTenantIds" computerName="DESKTOP-T2RFEH9" duration="00:00:00.1457575" startTime="2026-03-17T04:43:56.5150831+03:00" endTime="2026-03-17T04:43:56.5150835+03:00" testType="13cdc9d9-ddb5-4fa4-a97d-d965ccfc6d4b" outcome="Passed" testListId="8c84fa94-04c1-424b-9868-57a2d4851a1d" relativeResultsDirectory="e0a46015-a42b-499b-a06c-52c3b843afd2" />
    <UnitTestResult executionId="8f4ac953-3ad8-4e1b-a767-a78367ad37c2" testId="c8257b95-daa9-db07-e9be-068244737398" testName="MesTech.Integration.Tests.Api.ApiEndpointTests.ProtectedEndpoint_WithValidApiKey_PassesMiddleware" computerName="DESKTOP-T2RFEH9" duration="00:00:00.0719275" startTime="2026-03-17T04:43:56.0373511+03:00" endTime="2026-03-17T04:43:56.0373515+03:00" testType="13cdc9d9-ddb5-4fa4-a97d-d965ccfc6d4b" outcome="Passed" testListId="8c84fa94-04c1-424b-9868-57a2d4851a1d" relativeResultsDirectory="8f4ac953-3ad8-4e1b-a767-a78367ad37c2" />
    <UnitTestResult executionId="56add6ef-aea6-4e28-bddf-f90ca1af4fca" testId="da750d10-6967-409f-c094-5c7a3592f0f4" testName="MesTech.Integration.Tests.Unit.Orchestration.OrchestratorTests.SyncPlatform_UnknownPlatform_ReturnsError" computerName="DESKTOP-T2RFEH9" duration="00:00:00.0023267" startTime="2026-03-17T04:44:11.5498277+03:00" endTime="2026-03-17T04:44:11.5498280+03:00" testType="13cdc9d9-ddb5-4fa4-a97d-d965ccfc6d4b" outcome="Passed" testListId="8c84fa94-04c1-424b-9868-57a2d4851a1d" relativeResultsDirectory="56add6ef-aea6-4e28-bddf-f90ca1af4fca" />
    <UnitTestResult executionId="1fb5a3b3-97dc-4ec3-b140-a4ed8fcf1ad6" testId="2a4f9942-9a6e-d999-320f-a415e2ea7248" testName="MesTech.Integration.Tests.Unit.Adapters.WooCommerceAdapterTests.TestConnection_InvalidCredentials_ReturnsFailure" computerName="DESKTOP-T2RFEH9" duration="00:00:00.0012552" startTime="2026-03-17T04:43:41.7197084+03:00" endTime="2026-03-17T04:43:41.7197085+03:00" testType="13cdc9d9-ddb5-4fa4-a97d-d965ccfc6d4b" outcome="Passed" testListId="8c84fa94-04c1-424b-9868-57a2d4851a1d" relativeResultsDirectory="1fb5a3b3-97dc-4ec3-b140-a4ed8fcf1ad6" />
    <UnitTestResult executionId="4923c4f2-bd85-4e32-b9f5-d875deff11a2" testId="982fd287-5249-029d-c836-99ab94573c48" testName="MesTech.Integration.Tests.Unit.Orchestration.OrchestratorTests.HandlePriceChanged_FiltersCorrectly" computerName="DESKTOP-T2RFEH9" duration="00:00:00.0179108" startTime="2026-03-17T04:44:11.5280934+03:00" endTime="2026-03-17T04:44:11.5280937+03:00" testType="13cdc9d9-ddb5-4fa4-a97d-d965ccfc6d4b" outcome="Passed" testListId="8c84fa94-04c1-424b-9868-57a2d4851a1d" relativeResultsDirectory="4923c4f2-bd85-4e32-b9f5-d875deff11a2" />
    <UnitTestResult executionId="6a5bbe91-9339-46e3-8937-541a725a3d91" testId="6a255f2c-2032-ebfb-670c-0a1877de0a68" testName="MesTech.Integration.Tests.Runtime.TrendyolRuntimeTests.EventDispatchChain_StockChanged_ReachesHandler" computerName="DESKTOP-T2RFEH9" duration="00:00:00.0405620" startTime="2026-03-17T04:43:41.7082393+03:00" endTime="2026-03-17T04:43:41.7082394+03:00" testType="13cdc9d9-ddb5-4fa4-a97d-d965ccfc6d4b" outcome="Passed" testListId="8c84fa94-04c1-424b-9868-57a2d4851a1d" relativeResultsDirectory="6a5bbe91-9339-46e3-8937-541a725a3d91" />
    <UnitTestResult executionId="ba88f835-7d6d-4664-908c-c4188b2ff6a8" testId="d1e96941-b08c-92bf-7beb-a9489693baeb" testName="MesTech.Integration.Tests.Unit.Adapters.ShopifyAdapterTests.VerifyWebhookSignature_InvalidHmac_ReturnsFalse" computerName="DESKTOP-T2RFEH9" duration="00:00:00.0022242" startTime="2026-03-17T04:43:41.8093104+03:00" endTime="2026-03-17T04:43:41.8093106+03:00" testType="13cdc9d9-ddb5-4fa4-a97d-d965ccfc6d4b" outcome="Passed" testListId="8c84fa94-04c1-424b-9868-57a2d4851a1d" relativeResultsDirectory="ba88f835-7d6d-4664-908c-c4188b2ff6a8" />
    <UnitTestResult executionId="1a859a03-53ef-40d2-b104-189abbd0a817" testId="d0b80411-d88e-be3a-359b-73bbe6f113cf" testName="MesTech.Integration.Tests.Unit.Adapters.TrendyolAdapterTests.TestConnection_ValidCreds_Success" computerName="DESKTOP-T2RFEH9" duration="00:00:00.0526044" startTime="2026-03-17T04:43:41.6517587+03:00" endTime="2026-03-17T04:43:41.6517589+03:00" testType="13cdc9d9-ddb5-4fa4-a97d-d965ccfc6d4b" outcome="Passed" testListId="8c84fa94-04c1-424b-9868-57a2d4851a1d" relativeResultsDirectory="1a859a03-53ef-40d2-b104-189abbd0a817" />
    <UnitTestResult executionId="e6ad1865-fec1-4b6c-8c7a-d6f32d4be49f" testId="dd4dec3d-a0b1-10a8-2498-b8d9e83c894b" testName="MesTech.Integration.Tests.Unit.Adapters.WooCommerceAdapterTests.PlatformCode_IsWooCommerce" computerName="DESKTOP-T2RFEH9" duration="00:00:00.0002167" startTime="2026-03-17T04:43:41.7197851+03:00" endTime="2026-03-17T04:43:41.7197852+03:00" testType="13cdc9d9-ddb5-4fa4-a97d-d965ccfc6d4b" outcome="Passed" testListId="8c84fa94-04c1-424b-9868-57a2d4851a1d" relativeResultsDirectory="e6ad1865-fec1-4b6c-8c7a-d6f32d4be49f" />
    <UnitTestResult executionId="647033d2-6000-432c-8fda-57c43cc0e563" testId="c792d367-71f9-cb9d-b882-0d5047c6e22e" testName="MesTech.Integration.Tests.Api.ApiEndpointTests.GetSyncStatus_WithValidApiKey_PassesMiddleware" computerName="DESKTOP-T2RFEH9" duration="00:00:00.0922105" startTime="2026-03-17T04:43:55.6443819+03:00" endTime="2026-03-17T04:43:55.6443823+03:00" testType="13cdc9d9-ddb5-4fa4-a97d-d965ccfc6d4b" outcome="Passed" testListId="8c84fa94-04c1-424b-9868-57a2d4851a1d" relativeResultsDirectory="647033d2-6000-432c-8fda-57c43cc0e563" />
    <UnitTestResult executionId="04e98148-016e-4b76-8e71-693c49d9cc84" testId="0ff93986-0ac4-c2f9-96b1-32199f7ff900" testName="MesTech.Integration.Tests.Runtime.TrendyolRuntimeTests.Orchestrator_HandleStockChanged_TriggersAdapters" computerName="DESKTOP-T2RFEH9" duration="00:00:00.6363522" startTime="2026-03-17T04:43:41.6269452+03:00" endTime="2026-03-17T04:43:41.6269454+03:00" testType="13cdc9d9-ddb5-4fa4-a97d-d965ccfc6d4b" outcome="Failed" testListId="8c84fa94-04c1-424b-9868-57a2d4851a1d" relativeResultsDirectory="04e98148-016e-4b76-8e71-693c49d9cc84">
      <Output>
        <ErrorInfo>
          <Message>System.InvalidOperationException : No service for type 'Microsoft.Extensions.Configuration.IConfiguration' has been registered.</Message>
          <StackTrace>   at Microsoft.Extensions.DependencyInjection.ServiceProviderServiceExtensions.GetRequiredService(IServiceProvider provider, Type serviceType)&#xD;
   at Microsoft.Extensions.DependencyInjection.ServiceProviderServiceExtensions.GetRequiredService[T](IServiceProvider provider)&#xD;
   at MesTech.Infrastructure.DependencyInjection.IntegrationServiceRegistration.&lt;&gt;c.&lt;AddIntegrationServices&gt;b__0_5(IServiceProvider sp) in E:\MesTech\MesTech\MesTech_Stok\MesTechStok\src\MesTech.Infrastructure\DependencyInjection\IntegrationServiceRegistration.cs:line 72&#xD;
   at Microsoft.Extensions.DependencyInjection.ServiceLookup.CallSiteRuntimeResolver.VisitRootCache(ServiceCallSite callSite, RuntimeResolverContext context)&#xD;
   at Microsoft.Extensions.DependencyInjection.ServiceLookup.CallSiteRuntimeResolver.Resolve(ServiceCallSite callSite, ServiceProviderEngineScope scope)&#xD;
   at Microsoft.Extensions.DependencyInjection.ServiceProvider.CreateServiceAccessor(ServiceIdentifier serviceIdentifier)&#xD;
   at System.Collections.Concurrent.ConcurrentDictionary`2.GetOrAdd(TKey key, Func`2 valueFactory)&#xD;
   at Microsoft.Extensions.DependencyInjection.ServiceProvider.GetService(ServiceIdentifier serviceIdentifier, ServiceProviderEngineScope serviceProviderEngineScope)&#xD;
   at Microsoft.Extensions.DependencyInjection.ServiceLookup.ServiceProviderEngineScope.GetService(Type serviceType)&#xD;
   at Microsoft.Extensions.DependencyInjection.ServiceProviderServiceExtensions.GetRequiredService(IServiceProvider provider, Type serviceType)&#xD;
   at Microsoft.Extensions.DependencyInjection.ServiceProviderServiceExtensions.GetRequiredService[T](IServiceProvider provider)&#xD;
   at MesTech.Infrastructure.DependencyInjection.IntegrationServiceRegistration.&lt;&gt;c.&lt;AddIntegrationServices&gt;b__0_6(IServiceProvider sp) in E:\MesTech\MesTech\MesTech_Stok\MesTechStok\src\MesTech.Infrastructure\DependencyInjection\IntegrationServiceRegistration.cs:line 80&#xD;
   at Microsoft.Extensions.DependencyInjection.ServiceLookup.CallSiteRuntimeResolver.VisitRootCache(ServiceCallSite callSite, RuntimeResolverContext context)&#xD;
   at Microsoft.Extensions.DependencyInjection.ServiceLookup.CallSiteRuntimeResolver.Resolve(ServiceCallSite callSite, ServiceProviderEngineScope scope)&#xD;
   at Microsoft.Extensions.DependencyInjection.ServiceProvider.CreateServiceAccessor(ServiceIdentifier serviceIdentifier)&#xD;
   at System.Collections.Concurrent.ConcurrentDictionary`2.GetOrAdd(TKey key, Func`2 valueFactory)&#xD;
   at Microsoft.Extensions.DependencyInjection.ServiceProvider.GetService(ServiceIdentifier serviceIdentifier, ServiceProviderEngineScope serviceProviderEngineScope)&#xD;
   at Microsoft.Extensions.DependencyInjection.ServiceLookup.ServiceProviderEngineScope.GetService(Type serviceType)&#xD;
   at Microsoft.Extensions.DependencyInjection.ServiceProviderServiceExtensions.GetRequiredService(IServiceProvider provider, Type serviceType)&#xD;
   at Microsoft.Extensions.DependencyInjection.ServiceProviderServiceExtensions.GetRequiredService[T](IServiceProvider provider)&#xD;
   at MesTech.Infrastructure.DependencyInjection.IntegrationServiceRegistration.&lt;&gt;c.&lt;AddIntegrationServices&gt;b__0_8(IServiceProvider sp) in E:\MesTech\MesTech\MesTech_Stok\MesTechStok\src\MesTech.Infrastructure\DependencyInjection\IntegrationServiceRegistration.cs:line 86&#xD;
   at Microsoft.Extensions.DependencyInjection.ServiceLookup.CallSiteRuntimeResolver.VisitRootCache(ServiceCallSite callSite, RuntimeResolverContext context)&#xD;
   at Microsoft.Extensions.DependencyInjection.ServiceLookup.CallSiteRuntimeResolver.VisitIEnumerable(IEnumerableCallSite enumerableCallSite, RuntimeResolverContext context)&#xD;
   at Microsoft.Extensions.DependencyInjection.ServiceLookup.CallSiteRuntimeResolver.VisitRootCache(ServiceCallSite callSite, RuntimeResolverContext context)&#xD;
   at Microsoft.Extensions.DependencyInjection.ServiceLookup.CallSiteRuntimeResolver.VisitConstructor(ConstructorCallSite constructorCallSite, RuntimeResolverContext context)&#xD;
   at Microsoft.Extensions.DependencyInjection.ServiceLookup.CallSiteRuntimeResolver.VisitRootCache(ServiceCallSite callSite, RuntimeResolverContext context)&#xD;
   at Microsoft.Extensions.DependencyInjection.ServiceLookup.CallSiteRuntimeResolver.VisitConstructor(ConstructorCallSite constructorCallSite, RuntimeResolverContext context)&#xD;
   at Microsoft.Extensions.DependencyInjection.ServiceLookup.CallSiteRuntimeResolver.VisitRootCache(ServiceCallSite callSite, RuntimeResolverContext context)&#xD;
   at Microsoft.Extensions.DependencyInjection.ServiceLookup.CallSiteRuntimeResolver.Resolve(ServiceCallSite callSite, ServiceProviderEngineScope scope)&#xD;
   at Microsoft.Extensions.DependencyInjection.ServiceProvider.CreateServiceAccessor(ServiceIdentifier serviceIdentifier)&#xD;
   at System.Collections.Concurrent.ConcurrentDictionary`2.GetOrAdd(TKey key, Func`2 valueFactory)&#xD;
   at Microsoft.Extensions.DependencyInjection.ServiceProvider.GetService(ServiceIdentifier serviceIdentifier, ServiceProviderEngineScope serviceProviderEngineScope)&#xD;
[...]
--- End of stack trace from previous location ---&#xD;
   at MassTransit.RabbitMqTransport.ChannelContextFactory.CreateSharedChannel(Task`1 context, CancellationToken cancellationToken) in /_/src/Transports/MassTransit.RabbitMqTransport/RabbitMqTransport/ChannelContextFactory.cs:line 76&#xD;
   at MassTransit.Agents.PipeContextSupervisor`1.Send(IPipe`1 pipe, CancellationToken cancellationToken) in /_/src/MassTransit/Agents/PipeContextSupervisor.cs:line 61&#xD;
   at MassTransit.Transports.ReceiveTransport`1.ReceiveTransportAgent.RunTransport() in /_/src/MassTransit/Transports/ReceiveTransport.cs:line 210&#xD;
   at MassTransit.Transports.StartHostHandle.ReadyOrNot(Task`1[] endpoints, Task`1[] riders) in /_/src/MassTransit/Transports/StartHostHandle.cs:line 35&#xD;
   at MassTransit.Transports.ReceiveTransport`1.ReceiveTransportAgent.RunTransport() in /_/src/MassTransit/Transports/ReceiveTransport.cs:line 210&#xD;
   at MassTransit.MassTransitBus.Handle.ReadyOrNot(Task`1 ready) in /_/src/MassTransit/MassTransitBus.cs:line 415&#xD;
   at MassTransit.Internals.TaskExtensions.&lt;&gt;c__DisplayClass2_0`1.&lt;&lt;OrCanceled&gt;g__WaitAsync|0&gt;d.MoveNext() in /_/src/MassTransit.Abstractions/Internals/Extensions/TaskExtensions.cs:line 72&#xD;
--- End of stack trace from previous location ---&#xD;
   at MassTransit.Internals.TaskExtensions.&lt;&gt;c__DisplayClass2_0`1.&lt;&lt;OrCanceled&gt;g__WaitAsync|0&gt;d.MoveNext() in /_/src/MassTransit.Abstractions/Internals/Extensions/TaskExtensions.cs:line 72&#xD;
--- End of stack trace from previous location ---&#xD;
   at MassTransit.MassTransitBus.StartAsync(CancellationToken cancellationToken) in /_/src/MassTransit/MassTransitBus.cs:line 194&#xD;
   at MassTransit.MassTransitBus.StartAsync(CancellationToken cancellationToken) in /_/src/MassTransit/MassTransitBus.cs:line 247&#xD;
[04:43:56 ERR] HTTP GET /health responded 503 in 40.2984 ms&#xD;
[04:43:56 WRN] Invalid API key. Path=/api/v1/products/status IP=null&#xD;
[04:43:56 INF] HTTP GET /api/v1/products/status responded 401 in 3.6587 ms&#xD;
[04:43:56 WRN] API key missing. Path=/api/v1/stock/value IP=null&#xD;
[04:43:56 INF] HTTP GET /api/v1/stock/value responded 401 in 1.6262 ms&#xD;
[04:43:56 WRN] JWT validation failed: IDX12729: Unable to decode the header '[PII of type 'System.String' is hidden. For more details, see https://aka.ms/IdentityModel/PII.]' as Base64Url encoded string.&#xD;
System.ArgumentException: IDX12729: Unable to decode the header '[PII of type 'System.String' is hidden. For more details, see https://aka.ms/IdentityModel/PII.]' as Base64Url encoded string.&#xD;
 ---&gt; System.FormatException: IDX10400: Unable to decode: '[PII of type 'System.String' is hidden. For more details, see https://aka.ms/IdentityModel/PII.]' as Base64url encoded string.&#xD;
   at Microsoft.IdentityModel.Tokens.Base64UrlEncoder.Decode(ReadOnlySpan`1 strSpan, Span`1 output)&#xD;
   at Microsoft.IdentityModel.Tokens.Base64UrlEncoder.Decode(ReadOnlySpan`1 strSpan)&#xD;
   at Microsoft.IdentityModel.Tokens.Base64UrlEncoder.DecodeBytes(String str)&#xD;
   at Microsoft.IdentityModel.Tokens.Base64UrlEncoder.Decode(String arg)&#xD;
   at System.IdentityModel.Tokens.Jwt.JwtHeader.Base64UrlDeserialize(String base64UrlEncodedJsonString)&#xD;
   at System.IdentityModel.Tokens.Jwt.JwtSecurityToken.Decode(String[] tokenParts, String rawData)&#xD;
   --- End of inner exception stack trace ---&#xD;
   at System.IdentityModel.Tokens.Jwt.JwtSecurityToken.Decode(String[] tokenParts, String rawData)&#xD;
   at System.IdentityModel.Tokens.Jwt.JwtSecurityTokenHandler.ReadJwtToken(String token)&#xD;
   at System.IdentityModel.Tokens.Jwt.JwtSecurityTokenHandler.ValidateToken(String token, TokenValidationParameters validationParameters, SecurityToken&amp; validatedToken)&#xD;
   at MesTech.Infrastructure.Auth.JwtTokenService.ValidateToken(String token) in E:\MesTech\MesTech\MesTech_Stok\MesTechStok\src\MesTech.Infrastructure\Auth\JwtTokenService.cs:line 76&#xD;
[04:43:56 INF] HTTP POST /api/v1/auth/validate responded 200 in 17.7766 ms&#xD;
[04:43:56 WRN] API key missing. Path=/api/v1/products/status IP=null&#xD;
[04:43:56 INF] HTTP GET /api/v1/products/status responded 401 in 9.4386 ms&#xD;
[04:43:57 INF] HTTP GET /metrics responded 200 in 295.2511 ms&#xD;
[04:43:57 INF] HTTP POST /api/v1/auth/login responded 400 in 71.6166 ms&#xD;
[04:43:57 WRN] API key missing. Path=/api/v1/dashboard/kpi IP=null&#xD;
[04:43:57 INF] HTTP GET /api/v1/dashboard/kpi responded 401 in 8.7254 ms&#xD;
[04:43:57 INF] HTTP OPTIONS /api/v1/products/status responded 204 in 2.6624 ms&#xD;
[xUnit.net 00:00:17.49]       Expected origins {"*"} to contain "http://localhost:5173".&#xD;
[xUnit.net 00:00:17.49]       Stack Trace:&#xD;
[xUnit.net 00:00:17.49]            at FluentAssertions.Execution.LateBoundTestFramework.Throw(String message)&#xD;
[xUnit.net 00:00:17.49]            at FluentAssertions.Execution.TestFrameworkProvider.Throw(String message)&#xD;
[xUnit.net 00:00:17.49]            at FluentAssertions.Execution.DefaultAssertionStrategy.HandleFailure(String message)&#xD;
[xUnit.net 00:00:17.49]            at FluentAssertions.Execution.AssertionScope.FailWith(Func`1 failReasonFunc)&#xD;
[xUnit.net 00:00:17.49]            at FluentAssertions.Execution.AssertionScope.FailWith(Func`1 failReasonFunc)&#xD;
[xUnit.net 00:00:17.49]            at FluentAssertions.Execution.AssertionScope.FailWith(String message, Object[] args)&#xD;
[xUnit.net 00:00:17.49]            at FluentAssertions.Collections.GenericCollectionAssertions`3.Contain(T expected, String because, Object[] becauseArgs)&#xD;
[xUnit.net 00:00:17.49]         E:\MesTech\MesTech\MesTech_Stok\MesTechStok\tests\MesTech.Integration.Tests\Api\ApiEndpointTests.cs(299,0): at MesTech.Integration.Tests.Api.ApiEndpointTests.CorsHeaders_PresentForAllowedOrigin()&#xD;
[xUnit.net 00:00:17.49]         --- End of stack trace from previous location ---&#xD;
[04:43:57 INF] HTTP GET /swagger/v1/swagger.json responded 200 in 119.8101 ms&#xD;
[04:43:57 INF] JWT generated for User=53fea196-8a82-446c-b306-f832dd0d2dab Tenant=522dde4d-af93-4e5f-afd4-2a66a44dc048 Roles=User ExpiresIn=60min&#xD;
[04:43:57 INF] HTTP POST /api/v1/auth/login responded 200 in 2.6786 ms&#xD;
[04:43:57 INF] JWT generated for User=affda57d-8dae-46b0-a3d3-c2579a5b8fc2 Tenant=62137b1f-f20e-445e-a938-21e28f3b09e8 Roles=User ExpiresIn=60min&#xD;
[04:43:57 INF] HTTP POST /api/v1/auth/login responded 200 in 1.6850 ms&#xD;
[04:43:57 INF] HTTP POST /api/v1/auth/validate responded 200 in 1.7074 ms&#xD;
[04:43:57 ERR] Health check masstransit-bus with status Unhealthy completed after 0.2814ms with message 'Not ready: start faulted: Broker unreachable: guest@localhost:5672/'&#xD;
MassTransit.RabbitMqConnectionException: Broker unreachable: guest@localhost:5672/&#xD;
 ---&gt; RabbitMQ.Client.Exceptions.BrokerUnreachableException: None of the specified endpoints were reachable&#xD;
 ---&gt; RabbitMQ.Client.Exceptions.AuthenticationFailureException: ACCESS_REFUSED - Login was refused using authentication mechanism PLAIN. For details see the broker logfile.&#xD;
   at RabbitMQ.Client.Framing.Connection.StartAndTuneAsync(CancellationToken cancellationToken)&#xD;
   at RabbitMQ.Client.Framing.Connection.OpenAsync(CancellationToken cancellationToken)&#xD;
   at RabbitMQ.Client.Framing.Connection.OpenAsync(CancellationToken cancellationToken)&#xD;
   at RabbitMQ.Client.ConnectionFactory.CreateConnectionAsync(IEndpointResolver endpointResolver, String clientProvidedName, CancellationToken cancellationToken)&#xD;
   --- End of inner exception stack trace ---&#xD;
   at RabbitMQ.Client.ConnectionFactory.CreateConnectionAsync(IEndpointResolver endpointResolver, String clientProvidedName, CancellationToken cancellationToken)&#xD;
   at MassTransit.RabbitMqTransport.ConnectionContextFactory.CreateConnection(ISupervisor supervisor) in /_/src/Transports/MassTransit.RabbitMqTransport/RabbitMqTransport/ConnectionContextFactory.cs:line 101&#xD;
   --- End of inner exception stack trace ---&#xD;
   at MassTransit.RabbitMqTransport.ConnectionContextFactory.CreateConnection(ISupervisor supervisor) in /_/src/Transports/MassTransit.RabbitMqTransport/RabbitMqTransport/ConnectionContextFactory.cs:line 128&#xD;
   at MassTransit.Internals.TaskExtensions.&lt;&gt;c__DisplayClass2_0`1.&lt;&lt;OrCanceled&gt;g__WaitAsync|0&gt;d.MoveNext() in /_/src/MassTransit.Abstractions/Internals/Extensions/TaskExtensions.cs:line 72&#xD;
--- End of stack trace from previous location ---&#xD;
   at MassTransit.Internals.TaskExtensions.&lt;&gt;c__DisplayClass2_0`1.&lt;&lt;OrCanceled&gt;g__WaitAsync|0&gt;d.MoveNext() in /_/src/MassTransit.Abstractions/Internals/Extensions/TaskExtensions.cs:line 72&#xD;
--- End of stack trace from previous location ---&#xD;
   at MassTransit.RabbitMqTransport.ConnectionContextFactory.CreateSharedConnection(Task`1 context, CancellationToken cancellationToken) in /_/src/Transports/MassTransit.RabbitMqTransport/RabbitMqTransport/ConnectionContextFactory.cs:line 73&#xD;
   at MassTransit.Agents.PipeContextSupervisor`1.Send(IPipe`1 pipe, CancellationToken cancellationToken) in /_/src/MassTransit/Agents/PipeContextSupervisor.cs:line 51&#xD;
   at MassTransit.Agents.PipeContextSupervisor`1.Send(IPipe`1 pipe, CancellationToken cancellationToken) in /_/src/MassTransit/Agents/PipeContextSupervisor.cs:line 61&#xD;
   at MassTransit.Agents.PipeContextSupervisor`1.Send(IPipe`1 pipe, CancellationToken cancellationToken) in /_/src/MassTransit/Agents/PipeContextSupervisor.cs:line 67&#xD;
   at MassTransit.SupervisorExtensions.&lt;&gt;c__DisplayClass5_0`2.&lt;&lt;CreateAgent&gt;g__HandleSupervisorTask|0&gt;d.MoveNext() in /_/src/MassTransit/SupervisorExtensions.cs:line 139&#xD;
--- End of stack trace from previous location ---&#xD;
   at MassTransit.Internals.TaskExtensions.&lt;&gt;c__DisplayClass2_0`1.&lt;&lt;OrCanceled&gt;g__WaitAsync|0&gt;d.MoveNext() in /_/src/MassTransit.Abstractions/Internals/Extensions/TaskExtensions.cs:line 72&#xD;
   at MassTransit.Agents.PipeContextSupervisor`1.Send(IPipe`1 pipe, CancellationToken cancellationToken) in /_/src/MassTransit/Agents/PipeContextSupervisor.cs:line 67&#xD;
   at MassTransit.Internals.TaskExtensions.&lt;&gt;c__DisplayClass2_0`1.&lt;&lt;OrCanceled&gt;g__WaitAsync|0&gt;d.MoveNext() in /_/src/MassTransit.Abstractions/Internals/Extensions/TaskExtensions.cs:line 72&#xD;
--- End of stack trace from previous location ---&#xD;
   at MassTransit.SupervisorExtensions.&lt;&gt;c__DisplayClass5_0`2.&lt;&lt;CreateAgent&gt;g__HandleSupervisorTask|0&gt;d.MoveNext() in /_/src/MassTransit/SupervisorExtensions.cs:line 139&#xD;
--- End of stack trace from previous location ---&#xD;
   at MassTransit.Agents.PipeContextSupervisor`1.Send(IPipe`1 pipe, CancellationToken cancellationToken) in /_/src/MassTransit/Agents/PipeContextSupervisor.cs:line 51&#xD;
   at MassTransit.Internals.TaskExtensions.&lt;&gt;c__DisplayClass2_0`1.&lt;&lt;OrCanceled&gt;g__WaitAsync|0&gt;d.MoveNext() in /_/src/MassTransit.Abstractions/Internals/Extensions/TaskExtensions.cs:line 72&#xD;
--- End of stack trace from previous location ---&#xD;
   at MassTransit.Agents.PipeContextSupervisor`1.Send(IPipe`1 pipe, CancellationToken cancellationToken) in /_/src/MassTransit/Agents/PipeContextSupervisor.cs:line 61&#xD;
   at MassTransit.Internals.TaskExtensions.&lt;&gt;c__DisplayClass2_0`1.&lt;&lt;OrCanceled&gt;g__WaitAsync|0&gt;d.MoveNext() in /_/src/MassTransit.Abstractions/Internals/Extensions/TaskExtensions.cs:line 72&#xD;
--- End of stack trace from previous location ---&#xD;
   at MassTransit.Agents.PipeContextSupervisor`1.Send(IPipe`1 pipe, CancellationToken cancellationToken) in /_/src/MassTransit/Agents/PipeContextSupervisor.cs:line 67&#xD;
   at MassTransit.SupervisorExtensions.&lt;&gt;c__DisplayClass5_0`2.&lt;&lt;CreateAgent&gt;g__HandleSupervisorTask|0&gt;d.MoveNext() in /_/src/MassTransit/SupervisorExtensions.cs:line 139&#xD;
--- End of stack trace from previous location ---&#xD;
   at MassTransit.Internals.TaskExtensions.&lt;&gt;c__DisplayClass2_0`1.&lt;&lt;OrCanceled&gt;g__WaitAsync|0&gt;d.MoveNext() in /_/src/MassTransit.Abstractions/Internals/Extensions/TaskExtensions.cs:line 72&#xD;
--- End of stack trace from previous location ---&#xD;
   at MassTransit.Internals.TaskExtensions.&lt;&gt;c__DisplayClass2_0`1.&lt;&lt;OrCanceled&gt;g__WaitAsync|0&gt;d.MoveNext() in /_/src/MassTransit.Abstractions/Internals/Extensions/TaskExtensions.cs:line 72&#xD;
--- End of stack trace from previous location ---&#xD;
   at MassTransit.RabbitMqTransport.ChannelContextFactory.CreateSharedChannel(Task`1 context, CancellationToken cancellationToken) in /_/src/Transports/MassTransit.RabbitMqTransport/RabbitMqTransport/ChannelContextFactory.cs:line 76&#xD;
   at MassTransit.Agents.PipeContextSupervisor`1.Send(IPipe`1 pipe, CancellationToken cancellationToken) in /_/src/MassTransit/Agents/PipeContextSupervisor.cs:line 61&#xD;
   at MassTransit.Transports.ReceiveTransport`1.ReceiveTransportAgent.RunTransport() in /_/src/MassTransit/Transports/ReceiveTransport.cs:line 210&#xD;
   at MassTransit.Transports.StartHostHandle.ReadyOrNot(Task`1[] endpoints, Task`1[] riders) in /_/src/MassTransit/Transports/StartHostHandle.cs:line 35&#xD;
   at MassTransit.Transports.ReceiveTransport`1.ReceiveTransportAgent.RunTransport() in /_/src/MassTransit/Transports/ReceiveTransport.cs:line 210&#xD;
   at MassTransit.MassTransitBus.Handle.ReadyOrNot(Task`1 ready) in /_/src/MassTransit/MassTransitBus.cs:line 415&#xD;
   at MassTransit.Internals.TaskExtensions.&lt;&gt;c__DisplayClass2_0`1.&lt;&lt;OrCanceled&gt;g__WaitAsync|0&gt;d.MoveNext() in /_/src/MassTransit.Abstractions/Internals/Extensions/TaskExtensions.cs:line 72&#xD;
--- End of stack trace from previous location ---&#xD;
   at MassTransit.Internals.TaskExtensions.&lt;&gt;c__DisplayClass2_0`1.&lt;&lt;OrCanceled&gt;g__WaitAsync|0&gt;d.MoveNext() in /_/src/MassTransit.Abstractions/Internals/Extensions/TaskExtensions.cs:line 72&#xD;
--- End of stack trace from previous location ---&#xD;
   at MassTransit.MassTransitBus.StartAsync(CancellationToken cancellationToken) in /_/src/MassTransit/MassTransitBus.cs:line 194&#xD;
   at MassTransit.MassTransitBus.StartAsync(CancellationToken cancellationToken) in /_/src/MassTransit/MassTransitBus.cs:line 247&#xD;
[04:43:57 ERR] Health check postgresql with status Unhealthy completed after 10.3522ms with message 'PostgreSQL baglantisi basarisiz'&#xD;
System.InvalidOperationException: Relational-specific methods can only be used when the context is using a relational database provider.&#xD;
   at Microsoft.EntityFrameworkCore.RelationalDatabaseFacadeExtensions.GetFacadeDependencies(DatabaseFacade databaseFacade)&#xD;
   at Microsoft.EntityFrameworkCore.RelationalDatabaseFacadeExtensions.ExecuteSqlRawAsync(DatabaseFacade databaseFacade, String sql, IEnumerable`1 parameters, CancellationToken cancellationToken)&#xD;
   at MesTech.Infrastructure.HealthChecks.PostgresHealthCheck.CheckHealthAsync(HealthCheckContext context, CancellationToken cancellationToken) in E:\MesTech\MesTech\MesTech_Stok\MesTechStok\src\MesTech.Infrastructure\HealthChecks\PostgresHealthCheck.cs:line 22&#xD;
[04:43:57 ERR] HTTP GET /health responded 503 in 18.9204 ms&#xD;
[04:43:57 WRN] Failed to stop bus: rabbitmq://localhost/DESKTOPT2RFEH9_testhost_bus_jnaoyy8o3fykotjbbdxe8tirb6?temporary=true (Not Started)&#xD;
[xUnit.net 00:00:31.65]   Finished:    MesTech.Integration.Tests&#xD;
</StdOut>
    </Output>
    <RunInfos>
      <RunInfo computerName="DESKTOP-T2RFEH9" outcome="Error" timestamp="2026-03-17T04:43:41.5839450+03:00">
        <Text>[xUnit.net 00:00:01.67]     MesTech.Integration.Tests.Runtime.TrendyolRuntimeTests.Orchestrator_HandleStockChanged_TriggersAdapters [FAIL]</Text>
      </RunInfo>
      <RunInfo computerName="DESKTOP-T2RFEH9" outcome="Error" timestamp="2026-03-17T04:43:41.6283941+03:00">
        <Text>[xUnit.net 00:00:01.72]     MesTech.Integration.Tests.Integration.DiRegistrationTests.FullChain_OrchestratorFactoryAdapter [FAIL]</Text>
      </RunInfo>
      <RunInfo computerName="DESKTOP-T2RFEH9" outcome="Error" timestamp="2026-03-17T04:43:41.6536151+03:00">
        <Text>[xUnit.net 00:00:01.74]     MesTech.Integration.Tests.Unit.Adapters.HepsiburadaAdapterTests.HepsiburadaAdapter_UpdateStock_MerchantSKU_MapsCorrectly [FAIL]</Text>
      </RunInfo>
      <RunInfo computerName="DESKTOP-T2RFEH9" outcome="Error" timestamp="2026-03-17T04:43:41.6541319+03:00">
        <Text>[xUnit.net 00:00:01.74]     MesTech.Integration.Tests.Unit.Adapters.CiceksepetiAdapterTests.CiceksepetiAdapter_UpdatePrice_BulkOperation_ChunksCorrectly [FAIL]</Text>
      </RunInfo>
      <RunInfo computerName="DESKTOP-T2RFEH9" outcome="Error" timestamp="2026-03-17T04:43:41.6565531+03:00">
        <Text>[xUnit.net 00:00:01.74]     MesTech.Integration.Tests.Integration.DiRegistrationTests.Factory_ResolvesTrendyol [FAIL]</Text>
      </RunInfo>
      <RunInfo computerName="DESKTOP-T2RFEH9" outcome="Error" timestamp="2026-03-17T04:43:41.6629655+03:00">
        <Text>[xUnit.net 00:00:01.75]     MesTech.Integration.Tests.Unit.Adapters.HepsiburadaAdapterTests.HepsiburadaAdapter_SendShipment_MultiParcel_SplitsCorrectly [FAIL]</Text>
      </RunInfo>
      <RunInfo computerName="DESKTOP-T2RFEH9" outcome="Error" timestamp="2026-03-17T04:43:41.6634323+03:00">
        <Text>[xUnit.net 00:00:01.75]     MesTech.Integration.Tests.Integration.DiRegistrationTests.AddIntegration_ResolvesFactory [FAIL]</Text>
      </RunInfo>
      <RunInfo computerName="DESKTOP-T2RFEH9" outcome="Error" timestamp="2026-03-17T04:43:41.6665925+03:00">
        <Text>[xUnit.net 00:00:01.76]     MesTech.Integration.Tests.Runtime.TrendyolRuntimeTests.Factory_Resolve_Trendyol_HasAllCapabilities [FAIL]</Text>
      </RunInfo>
      <RunInfo computerName="DESKTOP-T2RFEH9" outcome="Error" timestamp="2026-03-17T04:43:41.6791964+03:00">
        <Text>[xUnit.net 00:00:01.76]     MesTech.Integration.Tests.Integration.DiRegistrationTests.AddIntegration_ResolvesOrchestrator [FAIL]</Text>
      </RunInfo>
      <RunInfo computerName="DESKTOP-T2RFEH9" outcome="Error" timestamp="2026-03-17T04:43:41.6821313+03:00">
        <Text>[xUnit.net 00:00:01.77]     MesTech.Integration.Tests.Runtime.TrendyolRuntimeTests.FullChain_Orchestrator_Factory_TrendyolAdapter_SyncResult [FAIL]</Text>
      </RunInfo>
      <RunInfo computerName="DESKTOP-T2RFEH9" outcome="Error" timestamp="2026-03-17T04:43:41.7015876+03:00">
        <Text>[xUnit.net 00:00:01.79]     MesTech.Integration.Tests.Unit.Adapters.CiceksepetiAdapterTests.CiceksepetiAdapter_SendShipment_CargoMapping_MapsProviderCode [FAIL]</Text>
      </RunInfo>
      <RunInfo computerName="DESKTOP-T2RFEH9" outcome="Error" timestamp="2026-03-17T04:43:41.7913205+03:00">
        <Text>[xUnit.net 00:00:01.88]     MesTech.Integration.Tests.Unit.Adapters.ShopifyAdapterTests.TestConnection_InvalidCredentials_ReturnsFailure [FAIL]</Text>
      </RunInfo>
      <RunInfo computerName="DESKTOP-T2RFEH9" outcome="Error" timestamp="2026-03-17T04:43:41.7925506+03:00">
        <Text>[xUnit.net 00:00:01.88]     MesTech.Integration.Tests.Unit.Accounting.AccountingServiceTests.BankReconciliation_MatchTransactions_AutoMatches [FAIL]</Text>
      </RunInfo>
      <RunInfo computerName="DESKTOP-T2RFEH9" outcome="Error" timestamp="2026-03-17T04:43:41.8199932+03:00">
        <Text>[xUnit.net 00:00:01.91]     MesTech.Integration.Tests.Unit.Accounting.AccountingServiceTests.BankReconciliation_DuplicateTransaction_DetectsAndRejects [FAIL]</Text>
      </RunInfo>
      <RunInfo computerName="DESKTOP-T2RFEH9" outcome="Error" timestamp="2026-03-17T04:43:57.4021338+03:00">
        <Text>[xUnit.net 00:00:17.49]     MesTech.Integration.Tests.Api.ApiEndpointTests.CorsHeaders_PresentForAllowedOrigin [FAIL]</Text>
      </RunInfo>
    </RunInfos>
  </ResultSummary>
</TestRun>