<?xml version="1.0" encoding="utf-8"?>
<TestRun id="5de21201-f8ec-4777-8174-7a942ab08416" name="ziyaf@DESKTOP-T2RFEH9 2026-03-17 05:24:37" runUser="DESKTOP-T2RFEH9\ziyaf" xmlns="http://microsoft.com/schemas/VisualStudio/TeamTest/2010">
  <Times creation="2026-03-17T05:24:37.8003252+03:00" queuing="2026-03-17T05:24:37.8003258+03:00" start="2026-03-17T05:24:35.9499248+03:00" finish="2026-03-17T05:25:08.0152420+03:00" />
  <TestSettings name="default" id="e35ecc1c-8fef-4964-9187-b8ec2e64afda">
    <Deployment runDeploymentRoot="ziyaf_DESKTOP-T2RFEH9_2026-03-17_05_24_37" />
  </TestSettings>
  <Results>
    <UnitTestResult executionId="c7554583-2069-4a14-bcd2-1410e460e1f0" testId="2862da14-996e-1d4e-add4-27d2b0cda7e7" testName="MesTech.Integration.Tests.Unit.Adapters.CiceksepetiAdapterTests.CiceksepetiAdapter_SendShipment_CargoMapping_MapsProviderCode" computerName="DESKTOP-T2RFEH9" duration="00:00:00.0097121" startTime="2026-03-17T05:24:37.9418545+03:00" endTime="2026-03-17T05:24:37.9418547+03:00" testType="13cdc9d9-ddb5-4fa4-a97d-d965ccfc6d4b" outcome="Passed" testListId="8c84fa94-04c1-424b-9868-57a2d4851a1d" relativeResultsDirectory="c7554583-2069-4a14-bcd2-1410e460e1f0" />
    <UnitTestResult executionId="73e8e60b-eb6f-4543-a39d-3f9d264acbb7" testId="02cd6cd3-c52b-b1d2-8354-d1499326b5bb" testName="MesTech.Integration.Tests.Api.ApiEndpointTests.SwaggerEndpoint_ReturnsOpenApiSpec" computerName="DESKTOP-T2RFEH9" duration="00:00:00.4069265" startTime="2026-03-17T05:24:56.9854076+03:00" endTime="2026-03-17T05:24:56.9854080+03:00" testType="13cdc9d9-ddb5-4fa4-a97d-d965ccfc6d4b" outcome="Passed" testListId="8c84fa94-04c1-424b-9868-57a2d4851a1d" relativeResultsDirectory="73e8e60b-eb6f-4543-a39d-3f9d264acbb7" />
    <UnitTestResult executionId="d758ad96-d99d-43e6-92cb-72725ef88047" testId="ad01bb9c-c138-24ce-2e6f-6f4448643976" testName="MesTech.Integration.Tests.Unit.Adapters.ShopifyAdapterTests.PushStockUpdate_NoLocationId_ReturnsFalse" computerName="DESKTOP-T2RFEH9" duration="00:00:00.0025620" startTime="2026-03-17T05:24:37.9241602+03:00" endTime="2026-03-17T05:24:37.9241604+03:00" testType="13cdc9d9-ddb5-4fa4-a97d-d965ccfc6d4b" outcome="Passed" testListId="8c84fa94-04c1-424b-9868-57a2d4851a1d" relativeResultsDirectory="d758ad96-d99d-43e6-92cb-72725ef88047" />
    <UnitTestResult executionId="9f658476-139a-43be-b0a9-9f559926bc9d" testId="47805c95-7a80-3bf3-4021-1aeffc9829a0" testName="MesTech.Integration.Tests.Unit.Adapters.WooCommerceAdapterTests.PullProducts_EmptyStore_ReturnsEmpty" computerName="DESKTOP-T2RFEH9" duration="00:00:00.0018431" startTime="2026-03-17T05:24:37.9729599+03:00" endTime="2026-03-17T05:24:37.9729601+03:00" testType="13cdc9d9-ddb5-4fa4-a97d-d965ccfc6d4b" outcome="Passed" testListId="8c84fa94-04c1-424b-9868-57a2d4851a1d" relativeResultsDirectory="9f658476-139a-43be-b0a9-9f559926bc9d" />
    <UnitTestResult executionId="96fd17e4-a001-4b4e-ad57-4511a3b99b76" testId="511bfd6c-55b2-6c25-a33f-9ce30789a050" testName="MesTech.Integration.Tests.Unit.Factory.AdapterFactoryTests.ResolveCapability_Unsupported_ReturnsNull" computerName="DESKTOP-T2RFEH9" duration="00:00:00.0026379" startTime="2026-03-17T05:24:37.7755894+03:00" endTime="2026-03-17T05:24:37.7755895+03:00" testType="13cdc9d9-ddb5-4fa4-a97d-d965ccfc6d4b" outcome="Passed" testListId="8c84fa94-04c1-424b-9868-57a2d4851a1d" relativeResultsDirectory="96fd17e4-a001-4b4e-ad57-4511a3b99b76" />
    <UnitTestResult executionId="a99c8301-780b-46b0-863c-f73c9af86749" testId="02740a94-0898-dbfa-42e7-85f61ad7bc57" testName="MesTech.Integration.Tests.Adapters.TrendyolAdapterWireMockTests.PlatformCode_IsTrendyol" computerName="DESKTOP-T2RFEH9" duration="00:00:00.0008925" startTime="2026-03-17T05:24:38.1101454+03:00" endTime="2026-03-17T05:24:38.1101456+03:00" testType="13cdc9d9-ddb5-4fa4-a97d-d965ccfc6d4b" outcome="Passed" testListId="8c84fa94-04c1-424b-9868-57a2d4851a1d" relativeResultsDirectory="a99c8301-780b-46b0-863c-f73c9af86749" />
    <UnitTestResult executionId="74192207-c909-48c8-8330-8de144403343" testId="eee39008-1b82-6e60-17f9-74b803cc88bf" testName="MesTech.Integration.Tests.Runtime.OpenCartMultiInstanceTests.BatchStockUpdate_SemaphoreSlim5_Concurrent" computerName="DESKTOP-T2RFEH9" duration="00:00:00.4033930" startTime="2026-03-17T05:24:37.8543954+03:00" endTime="2026-03-17T05:24:37.8543955+03:00" testType="13cdc9d9-ddb5-4fa4-a97d-d965ccfc6d4b" outcome="Passed" testListId="8c84fa94-04c1-424b-9868-57a2d4851a1d" relativeResultsDirectory="74192207-c909-48c8-8330-8de144403343" />
    <UnitTestResult executionId="8a46fc4a-2b06-4707-9db6-338ee4dd3acc" testId="f141ef83-c359-0693-f449-8bda126553bc" testName="MesTech.Integration.Tests.Unit.Adapters.WooCommerceAdapterTests.GetOrders_MultipleOrders_AllMapped" computerName="DESKTOP-T2RFEH9" duration="00:00:00.0737030" startTime="2026-03-17T05:24:37.9516301+03:00" endTime="2026-03-17T05:24:37.9516305+03:00" testType="13cdc9d9-ddb5-4fa4-a97d-d965ccfc6d4b" outcome="Passed" testListId="8c84fa94-04c1-424b-9868-57a2d4851a1d" relativeResultsDirectory="8a46fc4a-2b06-4707-9db6-338ee4dd3acc" />
    <UnitTestResult executionId="a43bb8b8-1ed7-430f-a670-7ef94c65a341" testId="2554dc69-683b-606b-ca31-6ef2e2d6b265" testName="MesTech.Integration.Tests.Api.ApiEndpointTests.AuthEndpoint_NoApiKeyRequired" computerName="DESKTOP-T2RFEH9" duration="00:00:00.0063753" startTime="2026-03-17T05:24:57.1882654+03:00" endTime="2026-03-17T05:24:57.1882659+03:00" testType="13cdc9d9-ddb5-4fa4-a97d-d965ccfc6d4b" outcome="Passed" testListId="8c84fa94-04c1-424b-9868-57a2d4851a1d" relativeResultsDirectory="a43bb8b8-1ed7-430f-a670-7ef94c65a341" />
    <UnitTestResult executionId="e407c4c2-6da2-4959-9db7-94c67312698f" testId="e6452b78-7932-caf3-f917-e2555a5f48cc" testName="MesTech.Integration.Tests.Unit.Adapters.WooCommerceAdapterTests.GetOrders_EmptyResult_ReturnsEmptyList" computerName="DESKTOP-T2RFEH9" duration="00:00:00.0034699" startTime="2026-03-17T05:24:37.9688969+03:00" endTime="2026-03-17T05:24:37.9688971+03:00" testType="13cdc9d9-ddb5-4fa4-a97d-d965ccfc6d4b" outcome="Passed" testListId="8c84fa94-04c1-424b-9868-57a2d4851a1d" relativeResultsDirectory="e407c4c2-6da2-4959-9db7-94c67312698f" />
    <UnitTestResult executionId="537fdf17-bf17-49d8-9bb5-415843fd2f26" testId="f9e5b8eb-6fdd-2855-333b-ec4c8233cf27" testName="MesTech.Integration.Tests.Runtime.TrendyolRuntimeTests.TestConnection_Trendyol_WithMockHttp_Success" computerName="DESKTOP-T2RFEH9" duration="00:00:00.0044692" startTime="2026-03-17T05:24:37.8801493+03:00" endTime="2026-03-17T05:24:37.8801496+03:00" testType="13cdc9d9-ddb5-4fa4-a97d-d965ccfc6d4b" outcome="Passed" testListId="8c84fa94-04c1-424b-9868-57a2d4851a1d" relativeResultsDirectory="537fdf17-bf17-49d8-9bb5-415843fd2f26" />
    <UnitTestResult executionId="63c4ad54-da8a-4058-9099-16c95768e1b4" testId="945501a3-d0fa-0b5c-c604-11b650e86a11" testName="MesTech.Integration.Tests.Adapters.EbayAdapterExtendedTests.PlatformCode_IsEBay" computerName="DESKTOP-T2RFEH9" duration="00:00:00.0526336" startTime="2026-03-17T05:24:37.7787616+03:00" endTime="2026-03-17T05:24:37.7787618+03:00" testType="13cdc9d9-ddb5-4fa4-a97d-d965ccfc6d4b" outcome="Passed" testListId="8c84fa94-04c1-424b-9868-57a2d4851a1d" relativeResultsDirectory="63c4ad54-da8a-4058-9099-16c95768e1b4" />
    <UnitTestResult executionId="a739f10d-8a5b-48ac-bff0-9cea2fa445e0" testId="adcfd864-f3b9-bad1-2b00-d02bc2936bfa" testName="MesTech.Integration.Tests.Unit.Adapters.TrendyolAdapterTests.TrendyolAdapter_UpdateStock_BatchOf100_SuccessfullyChunks" computerName="DESKTOP-T2RFEH9" duration="00:00:01.6153344" startTime="2026-03-17T05:24:39.6268689+03:00" endTime="2026-03-17T05:24:39.6268694+03:00" testType="13cdc9d9-ddb5-4fa4-a97d-d965ccfc6d4b" outcome="Passed" testListId="8c84fa94-04c1-424b-9868-57a2d4851a1d" relativeResultsDirectory="a739f10d-8a5b-48ac-bff0-9cea2fa445e0" />
    <UnitTestResult executionId="c5475345-0fd9-4c40-a4a5-6707c2995ba0" testId="fcd1f7d7-4fd7-c6cf-cf35-245d6e0b0779" testName="MesTech.Integration.Tests.Unit.Accounting.AccountingServiceTests.BaBsReport_MultiTenant_FiltersCorrectTenant" computerName="DESKTOP-T2RFEH9" duration="00:00:00.0552111" startTime="2026-03-17T05:24:37.9517609+03:00" endTime="2026-03-17T05:24:37.9517610+03:00" testType="13cdc9d9-ddb5-4fa4-a97d-d965ccfc6d4b" outcome="Passed" testListId="8c84fa94-04c1-424b-9868-57a2d4851a1d" relativeResultsDirectory="c5475345-0fd9-4c40-a4a5-6707c2995ba0" />
    <UnitTestResult executionId="13960c24-9afe-466c-9907-0d85ecac1c21" testId="3ba87b64-e047-e68d-3b01-982632ec7c08" testName="MesTech.Integration.Tests.Unit.Adapters.WooCommerceAdapterTests.PushPriceUpdateAsync_ProductNotFound_ReturnsFalse" computerName="DESKTOP-T2RFEH9" duration="00:00:00.0085112" startTime="2026-03-17T05:24:37.8785275+03:00" endTime="2026-03-17T05:24:37.8785278+03:00" testType="13cdc9d9-ddb5-4fa4-a97d-d965ccfc6d4b" outcome="Passed" testListId="8c84fa94-04c1-424b-9868-57a2d4851a1d" relativeResultsDirectory="13960c24-9afe-466c-9907-0d85ecac1c21" />
    <UnitTestResult executionId="7e710fe8-5a14-478b-a1d6-d0f1bce564ea" testId="0370f2a3-cac6-bc03-5b2c-100e187e5d9c" testName="MesTech.Integration.Tests.Unit.Adapters.WooCommerceAdapterTests.GetOrders_ReturnsOrders" computerName="DESKTOP-T2RFEH9" duration="00:00:00.0065134" startTime="2026-03-17T05:24:37.9605468+03:00" endTime="2026-03-17T05:24:37.9605471+03:00" testType="13cdc9d9-ddb5-4fa4-a97d-d965ccfc6d4b" outcome="Passed" testListId="8c84fa94-04c1-424b-9868-57a2d4851a1d" relativeResultsDirectory="7e710fe8-5a14-478b-a1d6-d0f1bce564ea" />
    <UnitTestResult executionId="e8e0546b-b500-4301-931a-2c426badc577" testId="0ff93986-0ac4-c2f9-96b1-32199f7ff900" testName="MesTech.Integration.Tests.Runtime.TrendyolRuntimeTests.Orchestrator_HandleStockChanged_TriggersAdapters" computerName="DESKTOP-T2RFEH9" duration="00:00:00.4262319" startTime="2026-03-17T05:24:37.8755484+03:00" endTime="2026-03-17T05:24:37.8755484+03:00" testType="13cdc9d9-ddb5-4fa4-a97d-d965ccfc6d4b" outcome="Passed" testListId="8c84fa94-04c1-424b-9868-57a2d4851a1d" relativeResultsDirectory="e8e0546b-b500-4301-931a-2c426badc577" />
    <UnitTestResult executionId="ece05224-ecef-4995-84e9-24aec44016fb" testId="f3266bd2-9e47-3508-ca60-cb3f97c488ca" testName="MesTech.Integration.Tests.Unit.Adapters.CiceksepetiAdapterTests.CiceksepetiAdapter_SyncProducts_TLS12_EnforcesMinimumTLS" computerName="DESKTOP-T2RFEH9" duration="00:00:00.0046531" startTime="2026-03-17T05:24:37.9319954+03:00" endTime="2026-03-17T05:24:37.9319956+03:00" testType="13cdc9d9-ddb5-4fa4-a97d-d965ccfc6d4b" outcome="Passed" testListId="8c84fa94-04c1-424b-9868-57a2d4851a1d" relativeResultsDirectory="ece05224-ecef-4995-84e9-24aec44016fb" />
    <UnitTestResult executionId="413e2bad-0f0c-4e43-8438-a604ace41fd6" testId="e89f71df-5890-152e-ac4b-be184cb20e79" testName="MesTech.Integration.Tests.Unit.Adapters.ShopifyAdapterTests.PlatformCode_IsShopify" computerName="DESKTOP-T2RFEH9" duration="00:00:00.0009631" startTime="2026-03-17T05:24:37.9252699+03:00" endTime="2026-03-17T05:24:37.9252703+03:00" testType="13cdc9d9-ddb5-4fa4-a97d-d965ccfc6d4b" outcome="Passed" testListId="8c84fa94-04c1-424b-9868-57a2d4851a1d" relativeResultsDirectory="413e2bad-0f0c-4e43-8438-a604ace41fd6" />
    <UnitTestResult executionId="a5c02569-f568-49b2-947f-3197fa92e242" testId="b6619423-3c78-a69f-5a19-75b0f9ddc075" testName="MesTech.Integration.Tests.Unit.Accounting.AccountingServiceTests.IncomeTax_WithDeductions_ReducesTaxableIncome" computerName="DESKTOP-T2RFEH9" duration="00:00:00.0045609" startTime="2026-03-17T05:24:37.8218103+03:00" endTime="2026-03-17T05:24:37.8218106+03:00" testType="13cdc9d9-ddb5-4fa4-a97d-d965ccfc6d4b" outcome="Passed" testListId="8c84fa94-04c1-424b-9868-57a2d4851a1d" relativeResultsDirectory="a5c02569-f568-49b2-947f-3197fa92e242" />
    <UnitTestResult executionId="3c7d46ae-478e-492d-a064-4c92fe88ff19" testId="529cdb92-4de3-97be-8be2-5902c79ad3d5" testName="MesTech.Integration.Tests.Unit.Adapters.WooCommerceAdapterTests.SupportsPriceUpdate_ReturnsTrue" computerName="DESKTOP-T2RFEH9" duration="00:00:00.1731563" startTime="2026-03-17T05:24:37.6294656+03:00" endTime="2026-03-17T05:24:37.6303374+03:00" testType="13cdc9d9-ddb5-4fa4-a97d-d965ccfc6d4b" outcome="Passed" testListId="8c84fa94-04c1-424b-9868-57a2d4851a1d" relativeResultsDirectory="3c7d46ae-478e-492d-a064-4c92fe88ff19" />
    <UnitTestResult executionId="715de96b-b4ab-4ab1-82f3-ca7668300584" testId="36144bad-f353-b966-949e-029b56ca9c93" testName="MesTech.Integration.Tests.Adapters.EbayAdapterExtendedTests.PullOrders_ReturnsOrders" computerName="DESKTOP-T2RFEH9" duration="00:00:00.0228042" startTime="2026-03-17T05:24:38.1793286+03:00" endTime="2026-03-17T05:24:38.1793288+03:00" testType="13cdc9d9-ddb5-4fa4-a97d-d965ccfc6d4b" outcome="Passed" testListId="8c84fa94-04c1-424b-9868-57a2d4851a1d" relativeResultsDirectory="715de96b-b4ab-4ab1-82f3-ca7668300584" />
    <UnitTestResult executionId="49b058c4-2ee2-4f13-b21f-bd0c526c60d0" testId="c1da3b7f-c13d-bbc4-0c62-4f4324ad09cb" testName="MesTech.Integration.Tests.Unit.Adapters.ShopifyAdapterTests.PullProducts_ReturnsProducts" computerName="DESKTOP-T2RFEH9" duration="00:00:00.0190758" startTime="2026-03-17T05:24:37.8462093+03:00" endTime="2026-03-17T05:24:37.8462095+03:00" testType="13cdc9d9-ddb5-4fa4-a97d-d965ccfc6d4b" outcome="Passed" testListId="8c84fa94-04c1-424b-9868-57a2d4851a1d" relativeResultsDirectory="49b058c4-2ee2-4f13-b21f-bd0c526c60d0" />
    <UnitTestResult executionId="96a1b495-05df-40d8-b39a-5275c184eed4" testId="bae9e1c4-9baa-b0db-0d33-70953adae885" testName="MesTech.Integration.Tests.Unit.Adapters.OpenCartAdapterTests.PushBatchStock_MaxParallel5" computerName="DESKTOP-T2RFEH9" duration="00:00:00.0279565" startTime="2026-03-17T05:24:37.8350472+03:00" endTime="2026-03-17T05:24:37.8350474+03:00" testType="13cdc9d9-ddb5-4fa4-a97d-d965ccfc6d4b" outcome="Passed" testListId="8c84fa94-04c1-424b-9868-57a2d4851a1d" relativeResultsDirectory="96a1b495-05df-40d8-b39a-5275c184eed4" />
    <UnitTestResult executionId="d0017734-3a0b-4959-8519-1421fe42163d" testId="48966b74-1695-9c4e-5dcc-4536a31b7122" testName="MesTech.Integration.Tests.Adapters.TrendyolAdapterWireMockTests.PullProducts_ReturnsMappedProducts" computerName="DESKTOP-T2RFEH9" duration="00:00:00.0338519" startTime="2026-03-17T05:24:38.1454297+03:00" endTime="2026-03-17T05:24:38.1454300+03:00" testType="13cdc9d9-ddb5-4fa4-a97d-d965ccfc6d4b" outcome="Passed" testListId="8c84fa94-04c1-424b-9868-57a2d4851a1d" relativeResultsDirectory="d0017734-3a0b-4959-8519-1421fe42163d" />
    <UnitTestResult executionId="0ea284c2-0ae7-4454-a8d6-7cdcff294a87" testId="3e99c6ca-95db-f6d2-2542-8ba6ea47f86f" testName="MesTech.Integration.Tests.Unit.Orchestration.OrchestratorTests.SyncPlatform_Success_ReturnsSuccessResult" computerName="DESKTOP-T2RFEH9" duration="00:00:00.0023027" startTime="2026-03-17T05:25:07.8594211+03:00" endTime="2026-03-17T05:25:07.8594213+03:00" testType="13cdc9d9-ddb5-4fa4-a97d-d965ccfc6d4b" outcome="Passed" testListId="8c84fa94-04c1-424b-9868-57a2d4851a1d" relativeResultsDirectory="0ea284c2-0ae7-4454-a8d6-7cdcff294a87" />
    <UnitTestResult executionId="4c698804-9571-4aca-83d8-21e84c4f8fdd" testId="931bfe0f-2316-37e8-bbaf-2034812236b3" testName="MesTech.Integration.Tests.Api.ApiEndpointTests.AuthValidate_ValidToken_ReturnsUserAndTenantIds" computerName="DESKTOP-T2RFEH9" duration="00:00:00.0698775" startTime="2026-03-17T05:24:57.2632630+03:00" endTime="2026-03-17T05:24:57.2632632+03:00" testType="13cdc9d9-ddb5-4fa4-a97d-d965ccfc6d4b" outcome="Passed" testListId="8c84fa94-04c1-424b-9868-57a2d4851a1d" relativeResultsDirectory="4c698804-9571-4aca-83d8-21e84c4f8fdd" />
    <UnitTestResult executionId="576d14ca-340d-47e9-8a74-97b9b98d1efa" testId="204fc90f-e730-28f9-2804-a7cf342034e7" testName="MesTech.Integration.Tests.Unit.Factory.AdapterFactoryTests.Resolve_ByPlatformType_ReturnsCorrectAdapter" computerName="DESKTOP-T2RFEH9" duration="00:00:00.0024405" startTime="2026-03-17T05:24:37.7753342+03:00" endTime="2026-03-17T05:24:37.7753343+03:00" testType="13cdc9d9-ddb5-4fa4-a97d-d965ccfc6d4b" outcome="Passed" testListId="8c84fa94-04c1-424b-9868-57a2d4851a1d" relativeResultsDirectory="576d14ca-340d-47e9-8a74-97b9b98d1efa" />
    <UnitTestResult executionId="944f16bb-d343-49d0-bb41-c5d50a4c3a29" testId="ce022aeb-df25-0d93-a1b6-f86f00d84a1f" testName="MesTech.Integration.Tests.Api.ApiEndpointTests.ErrorHandler_ReturnsProblemDetailsJson" computerName="DESKTOP-T2RFEH9" duration="00:00:00.0160783" startTime="2026-03-17T05:24:56.5707449+03:00" endTime="2026-03-17T05:24:56.5707454+03:00" testType="13cdc9d9-ddb5-4fa4-a97d-d965ccfc6d4b" outcome="Passed" testListId="8c84fa94-04c1-424b-9868-57a2d4851a1d" relativeResultsDirectory="944f16bb-d343-49d0-bb41-c5d50a4c3a29" />
    <UnitTestResult executionId="f319f57d-5a8d-4c41-bdbf-1deb57baf5db" testId="96181427-1577-4acc-0cf7-2e4e72ec80d1" testName="MesTech.Integration.Tests.Adapters.EbayAdapterExtendedTests.PullProducts_ReturnsItems" computerName="DESKTOP-T2RFEH9" duration="00:00:00.0211092" startTime="2026-03-17T05:24:38.1460992+03:00" endTime="2026-03-17T05:24:38.1460994+03:00" testType="13cdc9d9-ddb5-4fa4-a97d-d965ccfc6d4b" outcome="Passed" testListId="8c84fa94-04c1-424b-9868-57a2d4851a1d" relativeResultsDirectory="f319f57d-5a8d-4c41-bdbf-1deb57baf5db" />
    <UnitTestResult executionId="67df15df-de74-4e7f-aac9-856a0282a098" testId="fe389eba-8bcd-23ad-5902-97c63a80f2c1" testName="MesTech.Integration.Tests.Unit.Factory.AdapterFactoryTests.ResolveCapability_OrderCapable_ReturnsAdapter" computerName="DESKTOP-T2RFEH9" duration="00:00:00.0343706" startTime="2026-03-17T05:24:37.7752034+03:00" endTime="2026-03-17T05:24:37.7752054+03:00" testType="13cdc9d9-ddb5-4fa4-a97d-d965ccfc6d4b" outcome="Passed" testListId="8c84fa94-04c1-424b-9868-57a2d4851a1d" relativeResultsDirectory="67df15df-de74-4e7f-aac9-856a0282a098" />
    <UnitTestResult executionId="1e1506ea-7622-44a2-abe0-11faca9487ed" testId="b9b402d0-ed77-0f8c-61c5-6023ec221cd5" testName="MesTech.Integration.Tests.Unit.Webhooks.WebhookReceiverTests.ProcessGenericWebhook_UnknownType_StillSucceeds" computerName="DESKTOP-T2RFEH9" duration="00:00:00.2648323" startTime="2026-03-17T05:24:37.7640348+03:00" endTime="2026-03-17T05:24:37.7640348+03:00" testType="13cdc9d9-ddb5-4fa4-a97d-d965ccfc6d4b" outcome="Passed" testListId="8c84fa94-04c1-424b-9868-57a2d4851a1d" relativeResultsDirectory="1e1506ea-7622-44a2-abe0-11faca9487ed" />
    <UnitTestResult executionId="1a5038b3-0437-4aa0-a5b6-fa3aca08abf4" testId="9e8aae78-cbf3-7ed0-936b-e58b736c3fc9" testName="MesTech.Integration.Tests.Api.ApiEndpointTests.HealthEndpoint_ReturnsSuccessStatusCode" computerName="DESKTOP-T2RFEH9" duration="00:00:00.0137990" startTime="2026-03-17T05:24:57.2778390+03:00" endTime="2026-03-17T05:24:57.2778393+03:00" testType="13cdc9d9-ddb5-4fa4-a97d-d965ccfc6d4b" outcome="Passed" testListId="8c84fa94-04c1-424b-9868-57a2d4851a1d" relativeResultsDirectory="1a5038b3-0437-4aa0-a5b6-fa3aca08abf4" />
    <UnitTestResult executionId="b72eafb3-5f85-43ef-9518-72aedfc44edf" testId="05f77824-d980-4d36-5be8-dbba7a089c6e" testName="MesTech.Integration.Tests.Unit.Adapters.HepsiburadaAdapterTests.HepsiburadaAdapter_SendShipment_MultiParcel_SplitsCorrectly" computerName="DESKTOP-T2RFEH9" duration="00:00:00.0318764" startTime="2026-03-17T05:24:37.9146288+03:00" endTime="2026-03-17T05:24:37.9146290+03:00" testType="13cdc9d9-ddb5-4fa4-a97d-d965ccfc6d4b" outcome="Passed" testListId="8c84fa94-04c1-424b-9868-57a2d4851a1d" relativeResultsDirectory="b72eafb3-5f85-43ef-9518-72aedfc44edf" />
    <UnitTestResult executionId="6e53ebdb-8de7-46ce-a5ff-746c4c45372e" testId="040c038e-fd50-3a2c-2756-e2259bd40a79" testName="MesTech.Integration.Tests.Unit.Adapters.WooCommerceAdapterTests.TestConnection_NetworkError_ReturnsFailure" computerName="DESKTOP-T2RFEH9" duration="00:00:00.0181117" startTime="2026-03-17T05:24:37.6511365+03:00" endTime="2026-03-17T05:24:37.6511366+03:00" testType="13cdc9d9-ddb5-4fa4-a97d-d965ccfc6d4b" outcome="Passed" testListId="8c84fa94-04c1-424b-9868-57a2d4851a1d" relativeResultsDirectory="6e53ebdb-8de7-46ce-a5ff-746c4c45372e" />
    <UnitTestResult executionId="ac60f67c-8edf-4f8d-93dc-bcab7daf252d" testId="6416553b-09ba-96d9-7872-3ed783a65be8" testName="MesTech.Integration.Tests.Erp.NetsisERPAdapterContractTests.PingAsync_WhenServerDown_ReturnsFalse" computerName="DESKTOP-T2RFEH9" duration="00:00:00.0181182" startTime="2026-03-17T05:24:38.1843756+03:00" endTime="2026-03-17T05:24:38.1843759+03:00" testType="13cdc9d9-ddb5-4fa4-a97d-d965ccfc6d4b" outcome="Passed" testListId="8c84fa94-04c1-424b-9868-57a2d4851a1d" relativeResultsDirectory="ac60f67c-8edf-4f8d-93dc-bcab7daf252d" />
    <UnitTestResult executionId="a22bb229-be98-450f-a52d-48d4a888ac6f" testId="fdba37ae-9955-7291-5e2a-719e6b0ac712" testName="MesTech.Integration.Tests.Api.ApiEndpointTests.DashboardEndpoint_WithoutApiKey_Returns401" computerName="DESKTOP-T2RFEH9" duration="00:00:00.0043609" startTime="2026-03-17T05:24:57.5385937+03:00" endTime="2026-03-17T05:24:57.5385940+03:00" testType="13cdc9d9-ddb5-4fa4-a97d-d965ccfc6d4b" outcome="Passed" testListId="8c84fa94-04c1-424b-9868-57a2d4851a1d" relativeResultsDirectory="a22bb229-be98-450f-a52d-48d4a888ac6f" />
    <UnitTestResult executionId="44875fc0-87b3-4c44-8ca7-61b669c03101" testId="d0b80411-d88e-be3a-359b-73bbe6f113cf" testName="MesTech.Integration.Tests.Unit.Adapters.TrendyolAdapterTests.TestConnection_ValidCreds_Success" computerName="DESKTOP-T2RFEH9" duration="00:00:00.0031748" startTime="2026-03-17T05:24:37.8729948+03:00" endTime="2026-03-17T05:24:37.8729950+03:00" testType="13cdc9d9-ddb5-4fa4-a97d-d965ccfc6d4b" outcome="Passed" testListId="8c84fa94-04c1-424b-9868-57a2d4851a1d" relativeResultsDirectory="44875fc0-87b3-4c44-8ca7-61b669c03101" />
    <UnitTestResult executionId="0b850dc4-9207-4a4b-bfe0-a8e163cd9fd8" testId="b802a84e-ad6b-5611-5bb7-76e9f52cf70b" testName="MesTech.Integration.Tests.Unit.Adapters.ShopifyAdapterTests.TestConnection_ValidShop_ReturnsSuccess" computerName="DESKTOP-T2RFEH9" duration="00:00:00.0299466" startTime="2026-03-17T05:24:37.7639718+03:00" endTime="2026-03-17T05:24:37.7639718+03:00" testType="13cdc9d9-ddb5-4fa4-a97d-d965ccfc6d4b" outcome="Passed" testListId="8c84fa94-04c1-424b-9868-57a2d4851a1d" relativeResultsDirectory="0b850dc4-9207-4a4b-bfe0-a8e163cd9fd8" />
    <UnitTestResult executionId="3d177a3f-0cb4-448d-a2f9-0f3d1a2875b4" testId="2e8f4193-a870-44f6-5324-6e3f7a7a2cf7" testName="MesTech.Integration.Tests.Unit.Adapters.ShopifyAdapterTests.PullOrders_ReturnsOrders" computerName="DESKTOP-T2RFEH9" duration="00:00:00.0554205" startTime="2026-03-17T05:24:37.8269756+03:00" endTime="2026-03-17T05:24:37.8269761+03:00" testType="13cdc9d9-ddb5-4fa4-a97d-d965ccfc6d4b" outcome="Passed" testListId="8c84fa94-04c1-424b-9868-57a2d4851a1d" relativeResultsDirectory="3d177a3f-0cb4-448d-a2f9-0f3d1a2875b4" />
    <UnitTestResult executionId="42634448-69af-4886-b3b9-1e2a9e8c0f10" testId="a0c6d720-540d-e772-a39c-c8d7cc40d462" testName="MesTech.Integration.Tests.Unit.Factory.AdapterFactoryTests.Resolve_ByString_CaseInsensitive(code: &quot;Trendyol&quot;)" computerName="DESKTOP-T2RFEH9" duration="00:00:00.0002418" startTime="2026-03-17T05:24:37.7786484+03:00" endTime="2026-03-17T05:24:37.7786485+03:00" testType="13cdc9d9-ddb5-4fa4-a97d-d965ccfc6d4b" outcome="Passed" testListId="8c84fa94-04c1-424b-9868-57a2d4851a1d" relativeResultsDirectory="42634448-69af-4886-b3b9-1e2a9e8c0f10" />
    <UnitTestResult executionId="df9bc810-b7b5-4c5f-a62b-6179e491ae7a" testId="30ecae2f-6969-91e3-37b7-2de4311ea6bb" testName="MesTech.Integration.Tests.Unit.Webhooks.WebhookReceiverTests.HmacValidation_CorrectSignature" computerName="DESKTOP-T2RFEH9" duration="00:00:00.0032632" startTime="2026-03-17T05:24:37.7640911+03:00" endTime="2026-03-17T05:24:37.7640912+03:00" testType="13cdc9d9-ddb5-4fa4-a97d-d965ccfc6d4b" outcome="Passed" testListId="8c84fa94-04c1-424b-9868-57a2d4851a1d" relativeResultsDirectory="df9bc810-b7b5-4c5f-a62b-6179e491ae7a" />
    <UnitTestResult executionId="a830fd7c-86e4-458b-8fb3-a254ddb34425" testId="762802cf-d39d-0893-095b-511d714cae0c" testName="MesTech.Integration.Tests.Api.ApiEndpointTests.NonExistentEndpoint_Returns404" computerName="DESKTOP-T2RFEH9" duration="00:00:00.0162330" startTime="2026-03-17T05:24:56.5538911+03:00" endTime="2026-03-17T05:24:56.5538916+03:00" testType="13cdc9d9-ddb5-4fa4-a97d-d965ccfc6d4b" outcome="Passed" testListId="8c84fa94-04c1-424b-9868-57a2d4851a1d" relativeResultsDirectory="a830fd7c-86e4-458b-8fb3-a254ddb34425" />
    <UnitTestResult executionId="9dff280e-92d1-4f5b-a03b-2a6656fe3c15" testId="ba176cef-2131-8829-8bd4-ba6e1d7030af" testName="MesTech.Integration.Tests.Runtime.OpenCartMultiInstanceTests.ThreeInstances_ConcurrentConnections_NoDeadlock" computerName="DESKTOP-T2RFEH9" duration="00:00:00.0169515" startTime="2026-03-17T05:24:37.8712074+03:00" endTime="2026-03-17T05:24:37.8712076+03:00" testType="13cdc9d9-ddb5-4fa4-a97d-d965ccfc6d4b" outcome="Passed" testListId="8c84fa94-04c1-424b-9868-57a2d4851a1d" relativeResultsDirectory="9dff280e-92d1-4f5b-a03b-2a6656fe3c15" />
    <UnitTestResult executionId="08e37627-98d5-40e9-8a8f-f7dce062ac6a" testId="a777d75e-fd28-21a1-c5fd-2b0722caa05c" testName="MesTech.Integration.Tests.Unit.Adapters.OpenCartAdapterTests.PullProducts_Pagination_MultiplePages" computerName="DESKTOP-T2RFEH9" duration="00:00:00.0927969" startTime="2026-03-17T05:24:37.8041478+03:00" endTime="2026-03-17T05:24:37.8041481+03:00" testType="13cdc9d9-ddb5-4fa4-a97d-d965ccfc6d4b" outcome="Passed" testListId="8c84fa94-04c1-424b-9868-57a2d4851a1d" relativeResultsDirectory="08e37627-98d5-40e9-8a8f-f7dce062ac6a" />
    <UnitTestResult executionId="dbb43ed8-1593-4ac4-b9b3-2b3ee4f33fcf" testId="33579030-c68c-60ad-2b95-26de7920c3f6" testName="MesTech.Integration.Tests.Erp.NetsisERPAdapterContractTests.PingAsync_WhenServerOk_ReturnsTrue" computerName="DESKTOP-T2RFEH9" duration="00:00:00.0160199" startTime="2026-03-17T05:24:38.2011325+03:00" endTime="2026-03-17T05:24:38.2011330+03:00" testType="13cdc9d9-ddb5-4fa4-a97d-d965ccfc6d4b" outcome="Passed" testListId="8c84fa94-04c1-424b-9868-57a2d4851a1d" relativeResultsDirectory="dbb43ed8-1593-4ac4-b9b3-2b3ee4f33fcf" />
    <UnitTestResult executionId="ac4302f8-58e6-4635-bde8-4029afbe8fd5" testId="30c9bdaa-50c2-030f-5225-3cc2e60bb4de" testName="MesTech.Integration.Tests.Erp.NetsisERPAdapterContractTests.GetAccountBalancesAsync_ParsesCariList" computerName="DESKTOP-T2RFEH9" duration="00:00:00.0313388" startTime="2026-03-17T05:24:38.1578912+03:00" endTime="2026-03-17T05:24:38.1578915+03:00" testType="13cdc9d9-ddb5-4fa4-a97d-d965ccfc6d4b" outcome="Passed" testListId="8c84fa94-04c1-424b-9868-57a2d4851a1d" relativeResultsDirectory="ac4302f8-58e6-4635-bde8-4029afbe8fd5" />
    <UnitTestResult executionId="341aa50c-5e33-4100-9afa-81e343bf5155" testId="bfe65409-9f9d-a613-3cf6-5751b756f2ae" testName="MesTech.Integration.Tests.Api.ApiEndpointTests.StockEndpoint_WithoutApiKey_Returns401" computerName="DESKTOP-T2RFEH9" duration="00:00:00.0032090" startTime="2026-03-17T05:24:57.2858374+03:00" endTime="2026-03-17T05:24:57.2858376+03:00" testType="13cdc9d9-ddb5-4fa4-a97d-d965ccfc6d4b" outcome="Passed" testListId="8c84fa94-04c1-424b-9868-57a2d4851a1d" relativeResultsDirectory="341aa50c-5e33-4100-9afa-81e343bf5155" />
    <UnitTestResult executionId="06b5255e-41a8-473e-96a4-006351ae9b68" testId="45ca90b9-e883-1e94-2b52-8d3fb6a624d3" testName="MesTech.Integration.Tests.Erp.NetsisERPAdapterContractTests.SyncInvoiceAsync_WhenServerFails_ReturnsFailure" computerName="DESKTOP-T2RFEH9" duration="00:00:00.6863011" startTime="2026-03-17T05:24:38.1258345+03:00" endTime="2026-03-17T05:24:38.1258347+03:00" testType="13cdc9d9-ddb5-4fa4-a97d-d965ccfc6d4b" outcome="Passed" testListId="8c84fa94-04c1-424b-9868-57a2d4851a1d" relativeResultsDirectory="06b5255e-41a8-473e-96a4-006351ae9b68" />
    <UnitTestResult executionId="d79dcc5f-8684-4094-80cf-95ff50449399" testId="66b1dc00-cb77-493b-d599-35307137ea08" testName="MesTech.Integration.Tests.Unit.Adapters.TrendyolAdapterTests.TrendyolAdapter_UpdatePrice_InvalidSKU_ThrowsValidation" computerName="DESKTOP-T2RFEH9" duration="00:00:00.0356926" startTime="2026-03-17T05:24:38.0094190+03:00" endTime="2026-03-17T05:24:38.0094191+03:00" testType="13cdc9d9-ddb5-4fa4-a97d-d965ccfc6d4b" outcome="Passed" testListId="8c84fa94-04c1-424b-9868-57a2d4851a1d" relativeResultsDirectory="d79dcc5f-8684-4094-80cf-95ff50449399" />
    <UnitTestResult executionId="d7b0b394-d744-4985-bfcc-63d3b3fef435" testId="161412c8-2830-0f99-3e3f-dfcd0075e13f" testName="MesTech.Integration.Tests.Runtime.OpenCartMultiInstanceTests.ThreeInstances_ParallelSync_AllSucceed" computerName="DESKTOP-T2RFEH9" duration="00:00:00.0051973" startTime="2026-03-17T05:24:37.8754194+03:00" endTime="2026-03-17T05:24:37.8754195+03:00" testType="13cdc9d9-ddb5-4fa4-a97d-d965ccfc6d4b" outcome="Passed" testListId="8c84fa94-04c1-424b-9868-57a2d4851a1d" relativeResultsDirectory="d7b0b394-d744-4985-bfcc-63d3b3fef435" />
    <UnitTestResult executionId="a559f937-55be-4a41-b1d5-51e3bd1d230b" testId="55e53907-1352-0e98-c7b0-ab0f38f08630" testName="MesTech.Integration.Tests.Unit.Adapters.ShopifyAdapterTests.PushPriceUpdate_NotFound_ReturnsFalse" computerName="DESKTOP-T2RFEH9" duration="00:00:00.2287916" startTime="2026-03-17T05:24:37.6685481+03:00" endTime="2026-03-17T05:24:37.6685487+03:00" testType="13cdc9d9-ddb5-4fa4-a97d-d965ccfc6d4b" outcome="Passed" testListId="8c84fa94-04c1-424b-9868-57a2d4851a1d" relativeResultsDirectory="a559f937-55be-4a41-b1d5-51e3bd1d230b" />
    <UnitTestResult executionId="1fbf7b59-4647-4603-b969-83a92f9adfca" testId="32bd9f31-96b7-7d9d-0f72-801507599750" testName="MesTech.Integration.Tests.Unit.Accounting.AccountingServiceTests.DepreciationCalculation_ZeroAssetValue_ThrowsValidation" computerName="DESKTOP-T2RFEH9" duration="00:00:00.0035545" startTime="2026-03-17T05:24:37.9799623+03:00" endTime="2026-03-17T05:24:37.9799625+03:00" testType="13cdc9d9-ddb5-4fa4-a97d-d965ccfc6d4b" outcome="Passed" testListId="8c84fa94-04c1-424b-9868-57a2d4851a1d" relativeResultsDirectory="1fbf7b59-4647-4603-b969-83a92f9adfca" />
    <UnitTestResult executionId="760ac887-570c-4c4c-a0ae-0a010475b4a0" testId="faf2ce4d-d2c8-f0c9-23c5-8f53cea4f14c" testName="MesTech.Integration.Tests.Unit.Adapters.ShopifyAdapterTests.PushStockUpdate_ProductNotFound_ReturnsFalse" computerName="DESKTOP-T2RFEH9" duration="00:00:00.0086466" startTime="2026-03-17T05:24:37.8586514+03:00" endTime="2026-03-17T05:24:37.8586516+03:00" testType="13cdc9d9-ddb5-4fa4-a97d-d965ccfc6d4b" outcome="Passed" testListId="8c84fa94-04c1-424b-9868-57a2d4851a1d" relativeResultsDirectory="760ac887-570c-4c4c-a0ae-0a010475b4a0" />
    <UnitTestResult executionId="c2d2df50-c236-4943-8335-300da4791247" testId="65e31c57-6e40-a276-89e7-bf9158c6eca7" testName="MesTech.Integration.Tests.Api.ApiEndpointTests.AuthValidate_EmptyToken_ReturnsBadRequest" computerName="DESKTOP-T2RFEH9" duration="00:00:00.0264081" startTime="2026-03-17T05:24:57.1286080+03:00" endTime="2026-03-17T05:24:57.1286088+03:00" testType="13cdc9d9-ddb5-4fa4-a97d-d965ccfc6d4b" outcome="Passed" testListId="8c84fa94-04c1-424b-9868-57a2d4851a1d" relativeResultsDirectory="c2d2df50-c236-4943-8335-300da4791247" />
    <UnitTestResult executionId="3d617860-e0a4-41dc-b3ce-67f255bdd9d8" testId="a4110251-514a-3ca5-b3b4-71feab561bff" testName="MesTech.Integration.Tests.Unit.Adapters.CiceksepetiAdapterTests.CiceksepetiAdapter_GetOrders_SemaphoreLimit10_RespectsThrottle" computerName="DESKTOP-T2RFEH9" duration="00:00:00.0380888" startTime="2026-03-17T05:24:37.9161850+03:00" endTime="2026-03-17T05:24:37.9161851+03:00" testType="13cdc9d9-ddb5-4fa4-a97d-d965ccfc6d4b" outcome="Passed" testListId="8c84fa94-04c1-424b-9868-57a2d4851a1d" relativeResultsDirectory="3d617860-e0a4-41dc-b3ce-67f255bdd9d8" />
    <UnitTestResult executionId="fa8daa6a-d1c6-472a-95e3-dbf6c6baf37a" testId="d0dfbf9f-213e-21ad-8f21-6a1e4050f6dc" testName="MesTech.Integration.Tests.Adapters.TrendyolAdapterWireMockTests.TestConnection_ValidCredentials_ReturnsSuccess" computerName="DESKTOP-T2RFEH9" duration="00:00:00.3907965" startTime="2026-03-17T05:24:38.1060601+03:00" endTime="2026-03-17T05:24:38.1060602+03:00" testType="13cdc9d9-ddb5-4fa4-a97d-d965ccfc6d4b" outcome="Passed" testListId="8c84fa94-04c1-424b-9868-57a2d4851a1d" relativeResultsDirectory="fa8daa6a-d1c6-472a-95e3-dbf6c6baf37a" />
    <UnitTestResult executionId="22dcf4ce-f31f-41a1-81ca-e1be68329874" testId="226a3f87-b631-3de1-e857-36c77c94ae47" testName="MesTech.Integration.Tests.Unit.Adapters.WooCommerceAdapterTests.PushPriceUpdateAsync_FindsProduct_UpdatesRegularPrice" computerName="DESKTOP-T2RFEH9" duration="00:00:00.0065484" startTime="2026-03-17T05:24:37.9796251+03:00" endTime="2026-03-17T05:24:37.9796289+03:00" testType="13cdc9d9-ddb5-4fa4-a97d-d965ccfc6d4b" outcome="Passed" testListId="8c84fa94-04c1-424b-9868-57a2d4851a1d" relativeResultsDirectory="22dcf4ce-f31f-41a1-81ca-e1be68329874" />
    <UnitTestResult executionId="bb794125-2144-4a72-9e7e-858ed895921a" testId="9e6deec9-cf3a-b56c-2c4d-d4c2777b5cfd" testName="MesTech.Integration.Tests.Unit.Accounting.AccountingServiceTests.BaBsReport_EmptyMonth_ReturnsEmptyReport" computerName="DESKTOP-T2RFEH9" duration="00:00:00.0656938" startTime="2026-03-17T05:24:37.8876433+03:00" endTime="2026-03-17T05:24:37.8876435+03:00" testType="13cdc9d9-ddb5-4fa4-a97d-d965ccfc6d4b" outcome="Passed" testListId="8c84fa94-04c1-424b-9868-57a2d4851a1d" relativeResultsDirectory="bb794125-2144-4a72-9e7e-858ed895921a" />
    <UnitTestResult executionId="487b39b1-908c-4360-9274-ff0ad44d339a" testId="42108327-7536-6f0b-ded1-ce4e1e8f880f" testName="MesTech.Integration.Tests.Unit.Adapters.TrendyolAdapterTests.TrendyolAdapter_GetOrders_EmptyResult_ReturnsEmptyList" computerName="DESKTOP-T2RFEH9" duration="00:00:00.0449844" startTime="2026-03-17T05:24:37.9196468+03:00" endTime="2026-03-17T05:24:37.9196470+03:00" testType="13cdc9d9-ddb5-4fa4-a97d-d965ccfc6d4b" outcome="Passed" testListId="8c84fa94-04c1-424b-9868-57a2d4851a1d" relativeResultsDirectory="487b39b1-908c-4360-9274-ff0ad44d339a" />
    <UnitTestResult executionId="03aa1a66-c0c6-4143-aac1-e7e41daf4c4f" testId="6afa97ca-ada1-0a70-81c7-0a242adfa7e5" testName="MesTech.Integration.Tests.Unit.Adapters.TrendyolAdapterTests.TestConnection_MissingSupplierId_Failure" computerName="DESKTOP-T2RFEH9" duration="00:00:00.0025751" startTime="2026-03-17T05:24:37.9231206+03:00" endTime="2026-03-17T05:24:37.9231208+03:00" testType="13cdc9d9-ddb5-4fa4-a97d-d965ccfc6d4b" outcome="Passed" testListId="8c84fa94-04c1-424b-9868-57a2d4851a1d" relativeResultsDirectory="03aa1a66-c0c6-4143-aac1-e7e41daf4c4f" />
    <UnitTestResult executionId="3b4b513a-ee73-49fe-8a59-846da167a902" testId="e9f0af5e-8f0c-8fbe-dd01-41244345f1a9" testName="MesTech.Integration.Tests.Integration.DiRegistrationTests.AddIntegration_ResolvesFactory" computerName="DESKTOP-T2RFEH9" duration="00:00:00.0126766" startTime="2026-03-17T05:24:37.8093346+03:00" endTime="2026-03-17T05:24:37.8093366+03:00" testType="13cdc9d9-ddb5-4fa4-a97d-d965ccfc6d4b" outcome="Passed" testListId="8c84fa94-04c1-424b-9868-57a2d4851a1d" relativeResultsDirectory="3b4b513a-ee73-49fe-8a59-846da167a902" />
    <UnitTestResult executionId="6f4766b9-d2a5-4c63-8823-7c981285f268" testId="12afa2f7-2b2c-dd56-ad13-34722e279273" testName="MesTech.Integration.Tests.Api.ApiEndpointTests.AuthLogin_ThenValidate_RoundTrip" computerName="DESKTOP-T2RFEH9" duration="00:00:00.0108930" startTime="2026-03-17T05:24:57.6860079+03:00" endTime="2026-03-17T05:24:57.6860081+03:00" testType="13cdc9d9-ddb5-4fa4-a97d-d965ccfc6d4b" outcome="Passed" testListId="8c84fa94-04c1-424b-9868-57a2d4851a1d" relativeResultsDirectory="6f4766b9-d2a5-4c63-8823-7c981285f268" />
    <UnitTestResult executionId="2f966294-75cd-4763-b345-2c0f2722be20" testId="0468995f-1e48-d49d-34a9-9f5ead47e818" testName="MesTech.Integration.Tests.Unit.Factory.AdapterFactoryTests.Resolve_ByString_CaseInsensitive(code: &quot;TRENDYOL&quot;)" computerName="DESKTOP-T2RFEH9" duration="00:00:00.0006066" startTime="2026-03-17T05:24:37.7785455+03:00" endTime="2026-03-17T05:24:37.7785457+03:00" testType="13cdc9d9-ddb5-4fa4-a97d-d965ccfc6d4b" outcome="Passed" testListId="8c84fa94-04c1-424b-9868-57a2d4851a1d" relativeResultsDirectory="2f966294-75cd-4763-b345-2c0f2722be20" />
    <UnitTestResult executionId="4519ba18-8df7-47c1-9c39-8b98cb84ccdb" testId="cbe32f9c-1e48-f5bb-c577-3bba5f94a154" testName="MesTech.Integration.Tests.Runtime.TrendyolRuntimeTests.FullChain_Orchestrator_Factory_TrendyolAdapter_SyncResult" computerName="DESKTOP-T2RFEH9" duration="00:00:00.0380961" startTime="2026-03-17T05:24:37.9284213+03:00" endTime="2026-03-17T05:24:37.9284216+03:00" testType="13cdc9d9-ddb5-4fa4-a97d-d965ccfc6d4b" outcome="Passed" testListId="8c84fa94-04c1-424b-9868-57a2d4851a1d" relativeResultsDirectory="4519ba18-8df7-47c1-9c39-8b98cb84ccdb" />
    <UnitTestResult executionId="0469b849-86f8-4fb2-9c47-0bf91dfcd0e5" testId="8c3728a0-8c5e-ddce-15c1-d03844c662a0" testName="MesTech.Integration.Tests.Unit.Adapters.HepsiburadaAdapterTests.HepsiburadaAdapter_GetOrders_SemaphoreLimit_RespectsThrottle" computerName="DESKTOP-T2RFEH9" duration="00:00:00.4295530" startTime="2026-03-17T05:24:37.8682766+03:00" endTime="2026-03-17T05:24:37.8682784+03:00" testType="13cdc9d9-ddb5-4fa4-a97d-d965ccfc6d4b" outcome="Passed" testListId="8c84fa94-04c1-424b-9868-57a2d4851a1d" relativeResultsDirectory="0469b849-86f8-4fb2-9c47-0bf91dfcd0e5" />
    <UnitTestResult executionId="cc3d2156-7111-49f0-8954-29f3a94bd615" testId="34d2d53b-aa7b-c41b-bf7a-fdf9beb785ae" testName="MesTech.Integration.Tests.Unit.Adapters.ShopifyAdapterTests.VerifyWebhookSignature_ValidHmac_ReturnsTrue" computerName="DESKTOP-T2RFEH9" duration="00:00:00.0054596" startTime="2026-03-17T05:24:37.8898968+03:00" endTime="2026-03-17T05:24:37.8898969+03:00" testType="13cdc9d9-ddb5-4fa4-a97d-d965ccfc6d4b" outcome="Passed" testListId="8c84fa94-04c1-424b-9868-57a2d4851a1d" relativeResultsDirectory="cc3d2156-7111-49f0-8954-29f3a94bd615" />
    <UnitTestResult executionId="43ddbca2-dd69-41a6-abcf-8613fcbe94f5" testId="c8257b95-daa9-db07-e9be-068244737398" testName="MesTech.Integration.Tests.Api.ApiEndpointTests.ProtectedEndpoint_WithValidApiKey_PassesMiddleware" computerName="DESKTOP-T2RFEH9" duration="00:00:00.0077291" startTime="2026-03-17T05:24:57.1012926+03:00" endTime="2026-03-17T05:24:57.1012930+03:00" testType="13cdc9d9-ddb5-4fa4-a97d-d965ccfc6d4b" outcome="Passed" testListId="8c84fa94-04c1-424b-9868-57a2d4851a1d" relativeResultsDirectory="43ddbca2-dd69-41a6-abcf-8613fcbe94f5" />
    <UnitTestResult executionId="77b2460d-4050-431f-b533-ed0020b057aa" testId="031a323b-1b82-3c5b-03af-d817fbc8dc33" testName="MesTech.Integration.Tests.Unit.Adapters.ShopifyAdapterTests.PullProducts_Pagination_MultiplePages" computerName="DESKTOP-T2RFEH9" duration="00:00:00.0068289" startTime="2026-03-17T05:24:37.9337298+03:00" endTime="2026-03-17T05:24:37.9337299+03:00" testType="13cdc9d9-ddb5-4fa4-a97d-d965ccfc6d4b" outcome="Passed" testListId="8c84fa94-04c1-424b-9868-57a2d4851a1d" relativeResultsDirectory="77b2460d-4050-431f-b533-ed0020b057aa" />
    <UnitTestResult executionId="1a664249-56d8-4313-afc6-ab3a26e3752c" testId="dd4dec3d-a0b1-10a8-2498-b8d9e83c894b" testName="MesTech.Integration.Tests.Unit.Adapters.WooCommerceAdapterTests.PlatformCode_IsWooCommerce" computerName="DESKTOP-T2RFEH9" duration="00:00:00.0002557" startTime="2026-03-17T05:24:37.9651647+03:00" endTime="2026-03-17T05:24:37.9651649+03:00" testType="13cdc9d9-ddb5-4fa4-a97d-d965ccfc6d4b" outcome="Passed" testListId="8c84fa94-04c1-424b-9868-57a2d4851a1d" relativeResultsDirectory="1a664249-56d8-4313-afc6-ab3a26e3752c" />
    <UnitTestResult executionId="b1542fd3-581e-4bda-9209-ad0eeb076d4c" testId="7ee9f00d-84f4-fb1d-d7d7-8d2f66a67ab4" testName="MesTech.Integration.Tests.Adapters.TrendyolAdapterWireMockTests.PingAsync_ServerReachable_ReturnsTrue" computerName="DESKTOP-T2RFEH9" duration="00:00:00.0151724" startTime="2026-03-17T05:24:38.1613257+03:00" endTime="2026-03-17T05:24:38.1613260+03:00" testType="13cdc9d9-ddb5-4fa4-a97d-d965ccfc6d4b" outcome="Passed" testListId="8c84fa94-04c1-424b-9868-57a2d4851a1d" relativeResultsDirectory="b1542fd3-581e-4bda-9209-ad0eeb076d4c" />
    <UnitTestResult executionId="afb271f0-d21e-41c5-96e7-4eb4b81045e4" testId="8942da96-7c78-8aac-7018-d823f18a8b1a" testName="MesTech.Integration.Tests.Unit.Adapters.HepsiburadaAdapterTests.HepsiburadaAdapter_SyncProducts_BearerAuth_IncludesCorrectHeader" computerName="DESKTOP-T2RFEH9" duration="00:00:00.0041834" startTime="2026-03-17T05:24:37.8825489+03:00" endTime="2026-03-17T05:24:37.8825491+03:00" testType="13cdc9d9-ddb5-4fa4-a97d-d965ccfc6d4b" outcome="Passed" testListId="8c84fa94-04c1-424b-9868-57a2d4851a1d" relativeResultsDirectory="afb271f0-d21e-41c5-96e7-4eb4b81045e4" />
    <UnitTestResult executionId="f38cf5b5-1d13-4e17-bd9f-c6b4efd2e3cf" testId="4145241a-3061-7618-f581-c5af20de4860" testName="MesTech.Integration.Tests.Api.ApiEndpointTests.OrdersEndpoint_WithoutApiKey_Returns401" computerName="DESKTOP-T2RFEH9" duration="00:00:00.0037162" startTime="2026-03-17T05:24:57.1926777+03:00" endTime="2026-03-17T05:24:57.1926778+03:00" testType="13cdc9d9-ddb5-4fa4-a97d-d965ccfc6d4b" outcome="Passed" testListId="8c84fa94-04c1-424b-9868-57a2d4851a1d" relativeResultsDirectory="f38cf5b5-1d13-4e17-bd9f-c6b4efd2e3cf" />
    <UnitTestResult executionId="e342bba5-cbb3-46ff-af0d-7357b26db9c8" testId="374831aa-15ab-99aa-11ed-1a1f6d53f3e1" testName="MesTech.Integration.Tests.Runtime.OpenCartMultiInstanceTests.DeltaSync_SinceDate_CorrectBehavior" computerName="DESKTOP-T2RFEH9" duration="00:00:00.0416435" startTime="2026-03-17T05:24:37.9171975+03:00" endTime="2026-03-17T05:24:37.9171978+03:00" testType="13cdc9d9-ddb5-4fa4-a97d-d965ccfc6d4b" outcome="Passed" testListId="8c84fa94-04c1-424b-9868-57a2d4851a1d" relativeResultsDirectory="e342bba5-cbb3-46ff-af0d-7357b26db9c8" />
    <UnitTestResult executionId="b92efef9-6e3d-4beb-a028-339b2cb525a8" testId="3cbb4ceb-4f9e-2083-9e61-5a1d8e9b0a1b" testName="MesTech.Integration.Tests.Unit.Adapters.ShopifyAdapterTests.PushPriceUpdate_Success_ReturnsTrue" computerName="DESKTOP-T2RFEH9" duration="00:00:00.0179558" startTime="2026-03-17T05:24:37.8768345+03:00" endTime="2026-03-17T05:24:37.8768347+03:00" testType="13cdc9d9-ddb5-4fa4-a97d-d965ccfc6d4b" outcome="Passed" testListId="8c84fa94-04c1-424b-9868-57a2d4851a1d" relativeResultsDirectory="b92efef9-6e3d-4beb-a028-339b2cb525a8" />
    <UnitTestResult executionId="bfedb614-350a-4606-a8e3-b57ac15894a4" testId="5e659a20-da46-2b18-63c9-00677e8ff7da" testName="MesTech.Integration.Tests.Unit.Adapters.TrendyolAdapterTests.TrendyolAdapter_SyncProducts_WithPagination_ReturnsAllPages" computerName="DESKTOP-T2RFEH9" duration="00:00:00.0493689" startTime="2026-03-17T05:24:37.9730678+03:00" endTime="2026-03-17T05:24:37.9730679+03:00" testType="13cdc9d9-ddb5-4fa4-a97d-d965ccfc6d4b" outcome="Passed" testListId="8c84fa94-04c1-424b-9868-57a2d4851a1d" relativeResultsDirectory="bfedb614-350a-4606-a8e3-b57ac15894a4" />
    <UnitTestResult executionId="73d5cdc9-cb0c-4936-b19e-81c43b17a2ae" testId="f99cca5c-db4e-ad95-a270-8eafe32b5af9" testName="MesTech.Integration.Tests.Unit.Accounting.AccountingServiceTests.BankReconciliation_DuplicateTransaction_DetectsAndRejects" computerName="DESKTOP-T2RFEH9" duration="00:00:00.0080008" startTime="2026-03-17T05:24:38.0174253+03:00" endTime="2026-03-17T05:24:38.0174255+03:00" testType="13cdc9d9-ddb5-4fa4-a97d-d965ccfc6d4b" outcome="Passed" testListId="8c84fa94-04c1-424b-9868-57a2d4851a1d" relativeResultsDirectory="73d5cdc9-cb0c-4936-b19e-81c43b17a2ae" />
    <UnitTestResult executionId="40017dd3-cceb-4e84-83ed-52e404f8d51c" testId="93d017bc-da6f-3857-c56f-406963f43b2f" testName="MesTech.Integration.Tests.Unit.Accounting.AccountingServiceTests.AccountingJournal_UnbalancedEntry_ThrowsValidation" computerName="DESKTOP-T2RFEH9" duration="00:00:00.0194134" startTime="2026-03-17T05:24:37.9714093+03:00" endTime="2026-03-17T05:24:37.9714094+03:00" testType="13cdc9d9-ddb5-4fa4-a97d-d965ccfc6d4b" outcome="Passed" testListId="8c84fa94-04c1-424b-9868-57a2d4851a1d" relativeResultsDirectory="40017dd3-cceb-4e84-83ed-52e404f8d51c" />
    <UnitTestResult executionId="4196f4e5-14df-4eb8-8665-c91c936fc170" testId="9accd1ce-1867-32d3-dece-23e10ef8a07c" testName="MesTech.Integration.Tests.Unit.Orchestration.OrchestratorTests.SyncAllPlatforms_Parallel_AggregatesResults" computerName="DESKTOP-T2RFEH9" duration="00:00:00.0127942" startTime="2026-03-17T05:25:07.8550759+03:00" endTime="2026-03-17T05:25:07.8550760+03:00" testType="13cdc9d9-ddb5-4fa4-a97d-d965ccfc6d4b" outcome="Passed" testListId="8c84fa94-04c1-424b-9868-57a2d4851a1d" relativeResultsDirectory="4196f4e5-14df-4eb8-8665-c91c936fc170" />
    <UnitTestResult executionId="694dd32d-9754-422d-859a-add413938062" testId="b2d83feb-6dcc-8779-b342-ba168e1e6385" testName="MesTech.Integration.Tests.Unit.Adapters.ShopifyAdapterTests.PushStockUpdate_Success_ReturnsTrue" computerName="DESKTOP-T2RFEH9" duration="00:00:00.0073758" startTime="2026-03-17T05:24:37.8842962+03:00" endTime="2026-03-17T05:24:37.8842963+03:00" testType="13cdc9d9-ddb5-4fa4-a97d-d965ccfc6d4b" outcome="Passed" testListId="8c84fa94-04c1-424b-9868-57a2d4851a1d" relativeResultsDirectory="694dd32d-9754-422d-859a-add413938062" />
    <UnitTestResult executionId="6af1cd74-a5a2-46bc-a2f6-0195785abae3" testId="cad14d51-aec2-7a8c-222c-f3e6de7ae220" testName="MesTech.Integration.Tests.Unit.Adapters.CiceksepetiAdapterTests.CiceksepetiAdapter_UpdatePrice_BulkOperation_ChunksCorrectly" computerName="DESKTOP-T2RFEH9" duration="00:00:00.4381965" startTime="2026-03-17T05:24:37.8769860+03:00" endTime="2026-03-17T05:24:37.8769861+03:00" testType="13cdc9d9-ddb5-4fa4-a97d-d965ccfc6d4b" outcome="Passed" testListId="8c84fa94-04c1-424b-9868-57a2d4851a1d" relativeResultsDirectory="6af1cd74-a5a2-46bc-a2f6-0195785abae3" />
    <UnitTestResult executionId="794ddfba-905d-4e40-8b3c-6ac89f3f0a93" testId="3614911a-e258-2392-62f2-76e199f1fccb" testName="MesTech.Integration.Tests.Unit.Adapters.ShopifyAdapterTests.PullOrders_WithCustomerAndShippingAddress_MapsCorrectly" computerName="DESKTOP-T2RFEH9" duration="00:00:00.0227901" startTime="2026-03-17T05:24:37.9167102+03:00" endTime="2026-03-17T05:24:37.9167104+03:00" testType="13cdc9d9-ddb5-4fa4-a97d-d965ccfc6d4b" outcome="Passed" testListId="8c84fa94-04c1-424b-9868-57a2d4851a1d" relativeResultsDirectory="794ddfba-905d-4e40-8b3c-6ac89f3f0a93" />
    <UnitTestResult executionId="51421e62-6bcf-4897-9c5e-c8f0e38d1e56" testId="ced1bbb2-c945-3736-28f8-453e980c4ac4" testName="MesTech.Integration.Tests.Unit.Adapters.OpenCartAdapterTests.PlatformCode_IsOpenCart" computerName="DESKTOP-T2RFEH9" duration="00:00:00.0025920" startTime="2026-03-17T05:24:37.8068888+03:00" endTime="2026-03-17T05:24:37.8068890+03:00" testType="13cdc9d9-ddb5-4fa4-a97d-d965ccfc6d4b" outcome="Passed" testListId="8c84fa94-04c1-424b-9868-57a2d4851a1d" relativeResultsDirectory="51421e62-6bcf-4897-9c5e-c8f0e38d1e56" />
    <UnitTestResult executionId="e18229f7-e32d-4c3c-80f2-234cedd5e207" testId="19c9d986-756d-e6d1-006b-13fcb7561a6f" testName="MesTech.Integration.Tests.Unit.Accounting.AccountingServiceTests.BankReconciliation_UnmatchedItems_FlagsCorrectly" computerName="DESKTOP-T2RFEH9" duration="00:00:00.3325207" startTime="2026-03-17T05:24:37.7791504+03:00" endTime="2026-03-17T05:24:37.7791506+03:00" testType="13cdc9d9-ddb5-4fa4-a97d-d965ccfc6d4b" outcome="Passed" testListId="8c84fa94-04c1-424b-9868-57a2d4851a1d" relativeResultsDirectory="e18229f7-e32d-4c3c-80f2-234cedd5e207" />
    <UnitTestResult executionId="479635cf-1aa3-4c18-adba-a2eba3fb5cd1" testId="1186c71a-1ada-b3fc-b2be-2bba02d7c77a" testName="MesTech.Integration.Tests.Unit.Webhooks.WebhookReceiverTests.ProcessOrderWebhook_RoutesToAdapter" computerName="DESKTOP-T2RFEH9" duration="00:00:00.0685767" startTime="2026-03-17T05:24:37.7790688+03:00" endTime="2026-03-17T05:24:37.7790689+03:00" testType="13cdc9d9-ddb5-4fa4-a97d-d965ccfc6d4b" outcome="Passed" testListId="8c84fa94-04c1-424b-9868-57a2d4851a1d" relativeResultsDirectory="479635cf-1aa3-4c18-adba-a2eba3fb5cd1" />
    <UnitTestResult executionId="976bee1c-746b-48c3-ba1b-736d713874bd" testId="96165f61-e872-8962-0e09-97390b1f3354" testName="MesTech.Integration.Tests.Unit.Adapters.WooCommerceAdapterTests.PushStockUpdate_ProductNotFound_ReturnsFalse" computerName="DESKTOP-T2RFEH9" duration="00:00:00.0020615" startTime="2026-03-17T05:24:37.9538849+03:00" endTime="2026-03-17T05:24:37.9538852+03:00" testType="13cdc9d9-ddb5-4fa4-a97d-d965ccfc6d4b" outcome="Passed" testListId="8c84fa94-04c1-424b-9868-57a2d4851a1d" relativeResultsDirectory="976bee1c-746b-48c3-ba1b-736d713874bd" />
    <UnitTestResult executionId="616b8d1b-5ee7-4a67-a4bc-84eeb228bc0a" testId="36e6cf10-7f79-19a4-1df1-5a88c741a85f" testName="MesTech.Integration.Tests.Unit.Orchestration.OrchestratorTests.SyncPlatform_Timeout_GracefulFailure" computerName="DESKTOP-T2RFEH9" duration="00:00:30.0286909" startTime="2026-03-17T05:25:07.8220789+03:00" endTime="2026-03-17T05:25:07.8220790+03:00" testType="13cdc9d9-ddb5-4fa4-a97d-d965ccfc6d4b" outcome="Passed" testListId="8c84fa94-04c1-424b-9868-57a2d4851a1d" relativeResultsDirectory="616b8d1b-5ee7-4a67-a4bc-84eeb228bc0a" />
    <UnitTestResult executionId="3b170ac2-9fa6-4e6f-b8ef-3b4283b4c5ee" testId="19a5bd8a-5807-4321-9a69-e5ddf2b2f7b5" testName="MesTech.Integration.Tests.Unit.Accounting.AccountingServiceTests.BaBsReport_GenerateForMonth_ProducesCorrectTotals" computerName="DESKTOP-T2RFEH9" duration="00:00:00.0102699" startTime="2026-03-17T05:24:38.0036996+03:00" endTime="2026-03-17T05:24:38.0036998+03:00" testType="13cdc9d9-ddb5-4fa4-a97d-d965ccfc6d4b" outcome="Passed" testListId="8c84fa94-04c1-424b-9868-57a2d4851a1d" relativeResultsDirectory="3b170ac2-9fa6-4e6f-b8ef-3b4283b4c5ee" />
    <UnitTestResult executionId="53cb0043-7413-4103-a048-5cd238b7dbe0" testId="bf542e66-61c1-7fa0-1e9c-3dbf1f773615" testName="MesTech.Integration.Tests.Erp.NetsisERPAdapterContractTests.NetsisAdapter_Provider_ShouldBeNetsis" computerName="DESKTOP-T2RFEH9" duration="00:00:00.0074343" startTime="2026-03-17T05:24:38.1655137+03:00" endTime="2026-03-17T05:24:38.1655141+03:00" testType="13cdc9d9-ddb5-4fa4-a97d-d965ccfc6d4b" outcome="Passed" testListId="8c84fa94-04c1-424b-9868-57a2d4851a1d" relativeResultsDirectory="53cb0043-7413-4103-a048-5cd238b7dbe0" />
    <UnitTestResult executionId="f5906b08-b892-4e09-8aec-8bb1922dc9e4" testId="982fd287-5249-029d-c836-99ab94573c48" testName="MesTech.Integration.Tests.Unit.Orchestration.OrchestratorTests.HandlePriceChanged_FiltersCorrectly" computerName="DESKTOP-T2RFEH9" duration="00:00:00.0141535" startTime="2026-03-17T05:25:07.8420735+03:00" endTime="2026-03-17T05:25:07.8420737+03:00" testType="13cdc9d9-ddb5-4fa4-a97d-d965ccfc6d4b" outcome="Passed" testListId="8c84fa94-04c1-424b-9868-57a2d4851a1d" relativeResultsDirectory="f5906b08-b892-4e09-8aec-8bb1922dc9e4" />
    <UnitTestResult executionId="3bcb0c57-21a6-4e78-8ba5-5428370fb088" testId="766dda94-499e-572b-d01c-dcdfc8482ed5" testName="MesTech.Integration.Tests.Unit.Adapters.WooCommerceAdapterTests.PullProducts_Pagination_MultiplePages_AllReturned" computerName="DESKTOP-T2RFEH9" duration="00:00:00.0161625" startTime="2026-03-17T05:24:37.8690725+03:00" endTime="2026-03-17T05:24:37.8690726+03:00" testType="13cdc9d9-ddb5-4fa4-a97d-d965ccfc6d4b" outcome="Passed" testListId="8c84fa94-04c1-424b-9868-57a2d4851a1d" relativeResultsDirectory="3bcb0c57-21a6-4e78-8ba5-5428370fb088" />
    <UnitTestResult executionId="1d2a9eb9-dffc-43be-a62e-8a3971b1ce76" testId="2a4f9942-9a6e-d999-320f-a415e2ea7248" testName="MesTech.Integration.Tests.Unit.Adapters.WooCommerceAdapterTests.TestConnection_InvalidCredentials_ReturnsFailure" computerName="DESKTOP-T2RFEH9" duration="00:00:00.0014208" startTime="2026-03-17T05:24:37.9649141+03:00" endTime="2026-03-17T05:24:37.9649142+03:00" testType="13cdc9d9-ddb5-4fa4-a97d-d965ccfc6d4b" outcome="Passed" testListId="8c84fa94-04c1-424b-9868-57a2d4851a1d" relativeResultsDirectory="1d2a9eb9-dffc-43be-a62e-8a3971b1ce76" />
    <UnitTestResult executionId="10fdafec-8784-4451-82aa-4e6f10a98eb6" testId="f6878f03-5d60-95e5-1be4-c4451f4d6168" testName="MesTech.Integration.Tests.Unit.Orchestration.OrchestratorTests.RemoveAdapter_RemovesFromList" computerName="DESKTOP-T2RFEH9" duration="00:00:00.0054162" startTime="2026-03-17T05:25:07.8277340+03:00" endTime="2026-03-17T05:25:07.8277348+03:00" testType="13cdc9d9-ddb5-4fa4-a97d-d965ccfc6d4b" outcome="Passed" testListId="8c84fa94-04c1-424b-9868-57a2d4851a1d" relativeResultsDirectory="10fdafec-8784-4451-82aa-4e6f10a98eb6" />
    <UnitTestResult executionId="48fad382-02a0-46c9-8636-bd3bf55430a6" testId="e15bc651-826c-686f-a6e0-69c059152706" testName="MesTech.Integration.Tests.Api.ApiEndpointTests.CorsHeaders_PresentForAllowedOrigin" computerName="DESKTOP-T2RFEH9" duration="00:00:00.0069121" startTime="2026-03-17T05:24:57.5462436+03:00" endTime="2026-03-17T05:24:57.5462438+03:00" testType="13cdc9d9-ddb5-4fa4-a97d-d965ccfc6d4b" outcome="Passed" testListId="8c84fa94-04c1-424b-9868-57a2d4851a1d" relativeResultsDirectory="48fad382-02a0-46c9-8636-bd3bf55430a6" />
    <UnitTestResult executionId="c8b814ab-db59-48e8-beaf-0413e39ab223" testId="cbd94b7e-21c0-c628-39b4-a63502696d44" testName="MesTech.Integration.Tests.Unit.Adapters.ShopifyAdapterTests.TestConnection_InvalidCredentials_ReturnsFailure" computerName="DESKTOP-T2RFEH9" duration="00:00:00.0091187" startTime="2026-03-17T05:24:37.7789407+03:00" endTime="2026-03-17T05:24:37.7789416+03:00" testType="13cdc9d9-ddb5-4fa4-a97d-d965ccfc6d4b" outcome="Passed" testListId="8c84fa94-04c1-424b-9868-57a2d4851a1d" relativeResultsDirectory="c8b814ab-db59-48e8-beaf-0413e39ab223" />
    <UnitTestResult executionId="48ac7c4d-7873-4b94-85f8-924986c89682" testId="882e80fa-f906-5a85-f535-7e7b6d900e3f" testName="MesTech.Integration.Tests.Api.ApiEndpointTests.HealthEndpoint_ContainsTimestampAndDuration" computerName="DESKTOP-T2RFEH9" duration="00:00:00.0205153" startTime="2026-03-17T05:24:57.7072579+03:00" endTime="2026-03-17T05:24:57.7072582+03:00" testType="13cdc9d9-ddb5-4fa4-a97d-d965ccfc6d4b" outcome="Passed" testListId="8c84fa94-04c1-424b-9868-57a2d4851a1d" relativeResultsDirectory="48ac7c4d-7873-4b94-85f8-924986c89682" />
    <UnitTestResult executionId="78884603-23c4-46fd-abdd-617038635001" testId="ec1dcc29-d749-9282-667b-f60f2f3719d9" testName="MesTech.Integration.Tests.Api.ApiEndpointTests.HealthEndpoint_ReturnsJsonWithStatusField" computerName="DESKTOP-T2RFEH9" duration="00:00:00.0832788" startTime="2026-03-17T05:24:57.0928712+03:00" endTime="2026-03-17T05:24:57.0928714+03:00" testType="13cdc9d9-ddb5-4fa4-a97d-d965ccfc6d4b" outcome="Passed" testListId="8c84fa94-04c1-424b-9868-57a2d4851a1d" relativeResultsDirectory="78884603-23c4-46fd-abdd-617038635001" />
    <UnitTestResult executionId="a0d36032-33d0-4602-8ff7-975d66138f36" testId="3d0081d9-bf29-4f76-a9f8-ab5d4a70044d" testName="MesTech.Integration.Tests.Unit.Adapters.ShopifyAdapterTests.TestConnection_MissingShopDomain_ReturnsFailure" computerName="DESKTOP-T2RFEH9" duration="00:00:00.0035145" startTime="2026-03-17T05:24:37.9203737+03:00" endTime="2026-03-17T05:24:37.9203739+03:00" testType="13cdc9d9-ddb5-4fa4-a97d-d965ccfc6d4b" outcome="Passed" testListId="8c84fa94-04c1-424b-9868-57a2d4851a1d" relativeResultsDirectory="a0d36032-33d0-4602-8ff7-975d66138f36" />
    <UnitTestResult executionId="9cc5c61e-1957-4cb9-8917-28ee8ebbab31" testId="03338ad7-654a-0a93-89f9-a7457e561736" testName="MesTech.Integration.Tests.Unit.Adapters.WooCommerceAdapterTests.PushStockUpdate_Success_ReturnsTrue" computerName="DESKTOP-T2RFEH9" duration="00:00:00.2037150" startTime="2026-03-17T05:24:37.8530740+03:00" endTime="2026-03-17T05:24:37.8530743+03:00" testType="13cdc9d9-ddb5-4fa4-a97d-d965ccfc6d4b" outcome="Passed" testListId="8c84fa94-04c1-424b-9868-57a2d4851a1d" relativeResultsDirectory="9cc5c61e-1957-4cb9-8917-28ee8ebbab31" />
    <UnitTestResult executionId="9ebb7287-b835-47b0-ad49-371b7b9f9cd0" testId="87dfa2cb-cb23-fe26-2fdc-d658fc7cdbf9" testName="MesTech.Integration.Tests.Unit.Factory.AdapterFactoryTests.Resolve_UnknownPlatform_ReturnsNull" computerName="DESKTOP-T2RFEH9" duration="00:00:00.0034150" startTime="2026-03-17T05:24:37.7788749+03:00" endTime="2026-03-17T05:24:37.7788750+03:00" testType="13cdc9d9-ddb5-4fa4-a97d-d965ccfc6d4b" outcome="Passed" testListId="8c84fa94-04c1-424b-9868-57a2d4851a1d" relativeResultsDirectory="9ebb7287-b835-47b0-ad49-371b7b9f9cd0" />
    <UnitTestResult executionId="9adcb8da-dd18-4a46-a1ca-e91bd8c60e41" testId="a242b9fa-d98e-0740-4e67-d4b45a0ef572" testName="MesTech.Integration.Tests.Api.ApiEndpointTests.AuthLogin_ValidCredentials_ReturnsTokenResponse" computerName="DESKTOP-T2RFEH9" duration="00:00:00.0097059" startTime="2026-03-17T05:24:57.6743014+03:00" endTime="2026-03-17T05:24:57.6743016+03:00" testType="13cdc9d9-ddb5-4fa4-a97d-d965ccfc6d4b" outcome="Passed" testListId="8c84fa94-04c1-424b-9868-57a2d4851a1d" relativeResultsDirectory="9adcb8da-dd18-4a46-a1ca-e91bd8c60e41" />
    <UnitTestResult executionId="1b56457f-e76a-4ae2-b190-89be2a31da13" testId="32660c97-2e49-47dc-e2c3-ed2052c4d1e5" testName="MesTech.Integration.Tests.Api.ApiEndpointTests.MetricsEndpoint_ReturnsPrometheusFormat" computerName="DESKTOP-T2RFEH9" duration="00:00:00.2075754" startTime="2026-03-17T05:24:57.5075142+03:00" endTime="2026-03-17T05:24:57.5075146+03:00" testType="13cdc9d9-ddb5-4fa4-a97d-d965ccfc6d4b" outcome="Passed" testListId="8c84fa94-04c1-424b-9868-57a2d4851a1d" relativeResultsDirectory="1b56457f-e76a-4ae2-b190-89be2a31da13" />
    <UnitTestResult executionId="0e9bb7b3-c7a2-4df0-95f8-4c9c40b29459" testId="2d87d2b9-3513-d352-d285-323941086992" testName="MesTech.Integration.Tests.Integration.DiRegistrationTests.AddIntegration_ResolvesOrchestrator" computerName="DESKTOP-T2RFEH9" duration="00:00:00.0126167" startTime="2026-03-17T05:24:37.8221196+03:00" endTime="2026-03-17T05:24:37.8221199+03:00" testType="13cdc9d9-ddb5-4fa4-a97d-d965ccfc6d4b" outcome="Passed" testListId="8c84fa94-04c1-424b-9868-57a2d4851a1d" relativeResultsDirectory="0e9bb7b3-c7a2-4df0-95f8-4c9c40b29459" />
    <UnitTestResult executionId="5d641a30-a2d3-4a74-8fa5-2dd3d31984c7" testId="eea255e3-e5e5-53de-3631-2da7c59cc931" testName="MesTech.Integration.Tests.Unit.Adapters.TrendyolAdapterTests.TrendyolAdapter_HealthCheck_ApiDown_ReturnsFalse" computerName="DESKTOP-T2RFEH9" duration="00:00:00.2556737" startTime="2026-03-17T05:24:37.7638762+03:00" endTime="2026-03-17T05:24:37.7638763+03:00" testType="13cdc9d9-ddb5-4fa4-a97d-d965ccfc6d4b" outcome="Passed" testListId="8c84fa94-04c1-424b-9868-57a2d4851a1d" relativeResultsDirectory="5d641a30-a2d3-4a74-8fa5-2dd3d31984c7" />
    <UnitTestResult executionId="ea158ca0-6beb-43d2-8ec7-a5437101eef9" testId="a9caf1a6-9e5d-deba-966f-bfe59a052225" testName="MesTech.Integration.Tests.Api.ApiEndpointTests.SwaggerEndpoint_ContainsApiKeySecurityDefinition" computerName="DESKTOP-T2RFEH9" duration="00:00:00.1165290" startTime="2026-03-17T05:24:57.6636692+03:00" endTime="2026-03-17T05:24:57.6636697+03:00" testType="13cdc9d9-ddb5-4fa4-a97d-d965ccfc6d4b" outcome="Passed" testListId="8c84fa94-04c1-424b-9868-57a2d4851a1d" relativeResultsDirectory="ea158ca0-6beb-43d2-8ec7-a5437101eef9" />
    <UnitTestResult executionId="7fc5bd8e-1380-44c2-8518-f71880784648" testId="d0d8523c-2424-0f0a-c212-cb1f4619440e" testName="MesTech.Integration.Tests.Unit.Accounting.AccountingServiceTests.BankReconciliation_MatchTransactions_AutoMatches" computerName="DESKTOP-T2RFEH9" duration="00:00:00.0131443" startTime="2026-03-17T05:24:37.9932777+03:00" endTime="2026-03-17T05:24:37.9932781+03:00" testType="13cdc9d9-ddb5-4fa4-a97d-d965ccfc6d4b" outcome="Passed" testListId="8c84fa94-04c1-424b-9868-57a2d4851a1d" relativeResultsDirectory="7fc5bd8e-1380-44c2-8518-f71880784648" />
    <UnitTestResult executionId="24f326f1-b919-4dd1-ad28-50abb3ff9c20" testId="3d1cda08-87f1-35fe-e280-9ed7240284a9" testName="MesTech.Integration.Tests.Adapters.EbayAdapterExtendedTests.TestConnection_MissingCredentials_ReturnsFailure" computerName="DESKTOP-T2RFEH9" duration="00:00:00.0014088" startTime="2026-03-17T05:24:38.2061028+03:00" endTime="2026-03-17T05:24:38.2061029+03:00" testType="13cdc9d9-ddb5-4fa4-a97d-d965ccfc6d4b" outcome="Passed" testListId="8c84fa94-04c1-424b-9868-57a2d4851a1d" relativeResultsDirectory="24f326f1-b919-4dd1-ad28-50abb3ff9c20" />
    <UnitTestResult executionId="17d5e88a-699a-4eb7-a9bc-14978b73859b" testId="d1e96941-b08c-92bf-7beb-a9489693baeb" testName="MesTech.Integration.Tests.Unit.Adapters.ShopifyAdapterTests.VerifyWebhookSignature_InvalidHmac_ReturnsFalse" computerName="DESKTOP-T2RFEH9" duration="00:00:00.0034990" startTime="2026-03-17T05:24:37.8498424+03:00" endTime="2026-03-17T05:24:37.8498426+03:00" testType="13cdc9d9-ddb5-4fa4-a97d-d965ccfc6d4b" outcome="Passed" testListId="8c84fa94-04c1-424b-9868-57a2d4851a1d" relativeResultsDirectory="17d5e88a-699a-4eb7-a9bc-14978b73859b" />
    <UnitTestResult executionId="0522b597-0ede-4454-a7b5-596e8356e845" testId="c792d367-71f9-cb9d-b882-0d5047c6e22e" testName="MesTech.Integration.Tests.Api.ApiEndpointTests.GetSyncStatus_WithValidApiKey_PassesMiddleware" computerName="DESKTOP-T2RFEH9" duration="00:00:00.0228521" startTime="2026-03-17T05:24:57.0089252+03:00" endTime="2026-03-17T05:24:57.0089255+03:00" testType="13cdc9d9-ddb5-4fa4-a97d-d965ccfc6d4b" outcome="Passed" testListId="8c84fa94-04c1-424b-9868-57a2d4851a1d" relativeResultsDirectory="0522b597-0ede-4454-a7b5-596e8356e845" />
    <UnitTestResult executionId="cc34ddbe-7132-4d59-8a00-7032eb67c437" testId="5404087b-6db2-00aa-4f4b-0bbb3e690a55" testName="MesTech.Integration.Tests.Unit.Adapters.WooCommerceAdapterTests.PullProducts_ReturnsProducts" computerName="DESKTOP-T2RFEH9" duration="00:00:00.0026573" startTime="2026-03-17T05:24:37.9633236+03:00" endTime="2026-03-17T05:24:37.9633238+03:00" testType="13cdc9d9-ddb5-4fa4-a97d-d965ccfc6d4b" outcome="Passed" testListId="8c84fa94-04c1-424b-9868-57a2d4851a1d" relativeResultsDirectory="cc34ddbe-7132-4d59-8a00-7032eb67c437" />
    <UnitTestResult executionId="a48376a4-2e58-426f-a44f-7d57dcd3e00a" testId="75d58888-9831-0dea-51dd-dc8aae9b85d8" testName="MesTech.Integration.Tests.Unit.Accounting.AccountingServiceTests.IncomeTax_QuarterlyCalculation_AppliesCorrectBrackets" computerName="DESKTOP-T2RFEH9" duration="00:00:00.0397599" startTime="2026-03-17T05:24:37.8170642+03:00" endTime="2026-03-17T05:24:37.8170644+03:00" testType="13cdc9d9-ddb5-4fa4-a97d-d965ccfc6d4b" outcome="Passed" testListId="8c84fa94-04c1-424b-9868-57a2d4851a1d" relativeResultsDirectory="a48376a4-2e58-426f-a44f-7d57dcd3e00a" />
    <UnitTestResult executionId="d07a1f5b-157d-4e5c-b627-60206e49a038" testId="6a255f2c-2032-ebfb-670c-0a1877de0a68" testName="MesTech.Integration.Tests.Runtime.TrendyolRuntimeTests.EventDispatchChain_StockChanged_ReachesHandler" computerName="DESKTOP-T2RFEH9" duration="00:00:00.0298490" startTime="2026-03-17T05:24:37.9583867+03:00" endTime="2026-03-17T05:24:37.9583869+03:00" testType="13cdc9d9-ddb5-4fa4-a97d-d965ccfc6d4b" outcome="Passed" testListId="8c84fa94-04c1-424b-9868-57a2d4851a1d" relativeResultsDirectory="d07a1f5b-157d-4e5c-b627-60206e49a038" />
    <UnitTestResult executionId="4b7e753b-1f50-4c1b-9cb3-f76303916010" testId="82cced81-405b-a1f0-e4c0-f0ae8c621ec1" testName="MesTech.Integration.Tests.Unit.Adapters.TrendyolAdapterTests.PlatformCode_IsTrendyol" computerName="DESKTOP-T2RFEH9" duration="00:00:00.0010640" startTime="2026-03-17T05:24:38.0107339+03:00" endTime="2026-03-17T05:24:38.0107340+03:00" testType="13cdc9d9-ddb5-4fa4-a97d-d965ccfc6d4b" outcome="Passed" testListId="8c84fa94-04c1-424b-9868-57a2d4851a1d" relativeResultsDirectory="4b7e753b-1f50-4c1b-9cb3-f76303916010" />
    <UnitTestResult executionId="de790d8a-0b77-432f-b93c-230af5f729be" testId="a87d13fa-a22c-df8f-56ee-794b6f91e4bf" testName="MesTech.Integration.Tests.Unit.Factory.AdapterFactoryTests.Resolve_ByString_CaseInsensitive(code: &quot;trendyol&quot;)" computerName="DESKTOP-T2RFEH9" duration="00:00:00.0020417" startTime="2026-03-17T05:24:37.7784222+03:00" endTime="2026-03-17T05:24:37.7784224+03:00" testType="13cdc9d9-ddb5-4fa4-a97d-d965ccfc6d4b" outcome="Passed" testListId="8c84fa94-04c1-424b-9868-57a2d4851a1d" relativeResultsDirectory="de790d8a-0b77-432f-b93c-230af5f729be" />
    <UnitTestResult executionId="a9f6ba55-e023-4b07-93bf-10ca10a8e356" testId="626a0a04-3426-39f9-c4ac-77ac2e17a81f" testName="MesTech.Integration.Tests.Api.ApiEndpointTests.ProtectedEndpoint_WithoutApiKey_Returns401" computerName="DESKTOP-T2RFEH9" duration="00:00:00.0032834" startTime="2026-03-17T05:24:57.2992391+03:00" endTime="2026-03-17T05:24:57.2992393+03:00" testType="13cdc9d9-ddb5-4fa4-a97d-d965ccfc6d4b" outcome="Passed" testListId="8c84fa94-04c1-424b-9868-57a2d4851a1d" relativeResultsDirectory="a9f6ba55-e023-4b07-93bf-10ca10a8e356" />
    <UnitTestResult executionId="1864a209-ab83-4c68-8f02-c45e6821a2fd" testId="8d48aefb-ab3c-d85f-f9f0-b055b100a3eb" testName="MesTech.Integration.Tests.Unit.Adapters.ShopifyAdapterTests.PullOrders_EmptyResult_ReturnsEmptyList" computerName="DESKTOP-T2RFEH9" duration="00:00:00.0037375" startTime="2026-03-17T05:24:37.8937878+03:00" endTime="2026-03-17T05:24:37.8937882+03:00" testType="13cdc9d9-ddb5-4fa4-a97d-d965ccfc6d4b" outcome="Passed" testListId="8c84fa94-04c1-424b-9868-57a2d4851a1d" relativeResultsDirectory="1864a209-ab83-4c68-8f02-c45e6821a2fd" />
    <UnitTestResult executionId="d1692e7e-8b56-469f-bb82-66c810f432ec" testId="b016d42b-0eb3-20db-01bf-d1144686e5e5" testName="MesTech.Integration.Tests.Integration.DiRegistrationTests.FullChain_OrchestratorFactoryAdapter" computerName="DESKTOP-T2RFEH9" duration="00:00:00.2671113" startTime="2026-03-17T05:24:37.7750559+03:00" endTime="2026-03-17T05:24:37.7750560+03:00" testType="13cdc9d9-ddb5-4fa4-a97d-d965ccfc6d4b" outcome="Passed" testListId="8c84fa94-04c1-424b-9868-57a2d4851a1d" relativeResultsDirectory="d1692e7e-8b56-469f-bb82-66c810f432ec" />
    <UnitTestResult executionId="3e20f559-3b4e-46a3-907a-ee870361c3c9" testId="276cf85f-aa70-c4bb-f9e5-ff68596d6f98" testName="MesTech.Integration.Tests.Adapters.EbayAdapterExtendedTests.TestConnection_ValidToken_ReturnsSuccess" computerName="DESKTOP-T2RFEH9" duration="00:00:00.0088116" startTime="2026-03-17T05:24:38.1556697+03:00" endTime="2026-03-17T05:24:38.1556698+03:00" testType="13cdc9d9-ddb5-4fa4-a97d-d965ccfc6d4b" outcome="Passed" testListId="8c84fa94-04c1-424b-9868-57a2d4851a1d" relativeResultsDirectory="3e20f559-3b4e-46a3-907a-ee870361c3c9" />
    <UnitTestResult executionId="207455b5-8924-4f24-a00f-94faf1fe2849" testId="f99b4e0b-77f8-4257-31b4-85201eee4510" testName="MesTech.Integration.Tests.Api.ApiEndpointTests.OrdersEndpoint_WithValidApiKey_PassesMiddleware" computerName="DESKTOP-T2RFEH9" duration="00:00:19.0970350" startTime="2026-03-17T05:24:56.5366157+03:00" endTime="2026-03-17T05:24:56.5366163+03:00" testType="13cdc9d9-ddb5-4fa4-a97d-d965ccfc6d4b" outcome="Passed" testListId="8c84fa94-04c1-424b-9868-57a2d4851a1d" relativeResultsDirectory="207455b5-8924-4f24-a00f-94faf1fe2849" />
    <UnitTestResult executionId="56c25f40-7340-435f-85ef-1736d4cb6f20" testId="d50d03d3-e8d1-b876-0e1b-531be8acf1db" testName="MesTech.Integration.Tests.Unit.Accounting.AccountingServiceTests.IncomeTax_ZeroIncome_ReturnsZeroTax" computerName="DESKTOP-T2RFEH9" duration="00:00:00.0009792" startTime="2026-03-17T05:24:38.0070579+03:00" endTime="2026-03-17T05:24:38.0070582+03:00" testType="13cdc9d9-ddb5-4fa4-a97d-d965ccfc6d4b" outcome="Passed" testListId="8c84fa94-04c1-424b-9868-57a2d4851a1d" relativeResultsDirectory="56c25f40-7340-435f-85ef-1736d4cb6f20" />
    <UnitTestResult executionId="b133006d-8ca6-45a8-a757-4380a92a091a" testId="c926f919-0487-ccff-50ff-39e8645365b4" testName="MesTech.Integration.Tests.Unit.Accounting.AccountingServiceTests.AccountingJournal_MultiCurrency_ConvertsTRY" computerName="DESKTOP-T2RFEH9" duration="00:00:00.0048072" startTime="2026-03-17T05:24:37.9763116+03:00" endTime="2026-03-17T05:24:37.9763117+03:00" testType="13cdc9d9-ddb5-4fa4-a97d-d965ccfc6d4b" outcome="Passed" testListId="8c84fa94-04c1-424b-9868-57a2d4851a1d" relativeResultsDirectory="b133006d-8ca6-45a8-a757-4380a92a091a" />
    <UnitTestResult executionId="c60399b0-bb3c-4190-bf64-e0d648060b63" testId="0c22329a-624e-d4e3-a60b-47ce8af1087b" testName="MesTech.Integration.Tests.Integration.DiRegistrationTests.Factory_ResolvesTrendyol" computerName="DESKTOP-T2RFEH9" duration="00:00:00.0799048" startTime="2026-03-17T05:24:37.7965702+03:00" endTime="2026-03-17T05:24:37.7965703+03:00" testType="13cdc9d9-ddb5-4fa4-a97d-d965ccfc6d4b" outcome="Passed" testListId="8c84fa94-04c1-424b-9868-57a2d4851a1d" relativeResultsDirectory="c60399b0-bb3c-4190-bf64-e0d648060b63" />
    <UnitTestResult executionId="179e1ad4-3368-406d-ae7d-038dfe4fde5b" testId="cf126bc1-b4ab-dd4a-6671-fcc772cca265" testName="MesTech.Integration.Tests.Adapters.EbayAdapterExtendedTests.SendShipment_Success" computerName="DESKTOP-T2RFEH9" duration="00:00:00.0244059" startTime="2026-03-17T05:24:38.2045385+03:00" endTime="2026-03-17T05:24:38.2045387+03:00" testType="13cdc9d9-ddb5-4fa4-a97d-d965ccfc6d4b" outcome="Passed" testListId="8c84fa94-04c1-424b-9868-57a2d4851a1d" relativeResultsDirectory="179e1ad4-3368-406d-ae7d-038dfe4fde5b" />
    <UnitTestResult executionId="37f347aa-1b1f-4cc9-a865-3a482c9478e2" testId="b115b9eb-6c27-6fe4-a7ed-cff2b1283d3f" testName="MesTech.Integration.Tests.Unit.Accounting.AccountingServiceTests.DepreciationCalculation_LinearMethod_CalculatesCorrectly" computerName="DESKTOP-T2RFEH9" duration="00:00:00.0021717" startTime="2026-03-17T05:24:38.0093126+03:00" endTime="2026-03-17T05:24:38.0093128+03:00" testType="13cdc9d9-ddb5-4fa4-a97d-d965ccfc6d4b" outcome="Passed" testListId="8c84fa94-04c1-424b-9868-57a2d4851a1d" relativeResultsDirectory="37f347aa-1b1f-4cc9-a865-3a482c9478e2" />
    <UnitTestResult executionId="e62c582d-b2e8-4d42-9504-99866f381f8a" testId="22e90baa-bb4b-9a43-a012-e0848d373316" testName="MesTech.Integration.Tests.Unit.Orchestration.OrchestratorTests.RegisterAdapter_AddsToList" computerName="DESKTOP-T2RFEH9" duration="00:00:00.0101882" startTime="2026-03-17T05:24:37.7925973+03:00" endTime="2026-03-17T05:24:37.7925976+03:00" testType="13cdc9d9-ddb5-4fa4-a97d-d965ccfc6d4b" outcome="Passed" testListId="8c84fa94-04c1-424b-9868-57a2d4851a1d" relativeResultsDirectory="e62c582d-b2e8-4d42-9504-99866f381f8a" />
    <UnitTestResult executionId="2facd23c-ec94-46a9-92a9-287274f81a31" testId="9ebbcdb0-c53a-9271-9145-fd05159011e8" testName="MesTech.Integration.Tests.Unit.Adapters.TrendyolAdapterTests.PushStockUpdate_CorrectPayload" computerName="DESKTOP-T2RFEH9" duration="00:00:00.1508232" startTime="2026-03-17T05:24:37.8605987+03:00" endTime="2026-03-17T05:24:37.8605989+03:00" testType="13cdc9d9-ddb5-4fa4-a97d-d965ccfc6d4b" outcome="Passed" testListId="8c84fa94-04c1-424b-9868-57a2d4851a1d" relativeResultsDirectory="2facd23c-ec94-46a9-92a9-287274f81a31" />
    <UnitTestResult executionId="e197d214-7950-4dc5-a4cb-5fc788372b3d" testId="124c9185-7fab-d4df-2a3b-ce6255a1d26c" testName="MesTech.Integration.Tests.Api.ApiEndpointTests.AuthLogin_EmptyCredentials_ReturnsBadRequest" computerName="DESKTOP-T2RFEH9" duration="00:00:00.0252927" startTime="2026-03-17T05:24:57.5335125+03:00" endTime="2026-03-17T05:24:57.5335127+03:00" testType="13cdc9d9-ddb5-4fa4-a97d-d965ccfc6d4b" outcome="Passed" testListId="8c84fa94-04c1-424b-9868-57a2d4851a1d" relativeResultsDirectory="e197d214-7950-4dc5-a4cb-5fc788372b3d" />
    <UnitTestResult executionId="a7ed55fe-b143-4d74-8ea1-6ae6a2a205c5" testId="a6ef7823-e535-19b7-00c6-242f4518b241" testName="MesTech.Integration.Tests.Unit.Adapters.TrendyolAdapterTests.PullProducts_DeserializesCorrectly" computerName="DESKTOP-T2RFEH9" duration="00:00:00.0255787" startTime="2026-03-17T05:24:39.6533000+03:00" endTime="2026-03-17T05:24:39.6533002+03:00" testType="13cdc9d9-ddb5-4fa4-a97d-d965ccfc6d4b" outcome="Passed" testListId="8c84fa94-04c1-424b-9868-57a2d4851a1d" relativeResultsDirectory="a7ed55fe-b143-4d74-8ea1-6ae6a2a205c5" />
    <UnitTestResult executionId="2bd85705-072d-43c0-8646-c215ae240412" testId="7844a31f-7dbd-3ffe-84d9-15915ef34c1d" testName="MesTech.Integration.Tests.Adapters.TrendyolAdapterWireMockTests.TestConnection_MissingCredentials_ReturnsFailure" computerName="DESKTOP-T2RFEH9" duration="00:00:00.0028850" startTime="2026-03-17T05:24:38.1091174+03:00" endTime="2026-03-17T05:24:38.1091176+03:00" testType="13cdc9d9-ddb5-4fa4-a97d-d965ccfc6d4b" outcome="Passed" testListId="8c84fa94-04c1-424b-9868-57a2d4851a1d" relativeResultsDirectory="2bd85705-072d-43c0-8646-c215ae240412" />
    <UnitTestResult executionId="e21c0dea-d714-464e-ac51-3fe5a9a805a3" testId="24ddc9ef-fbf1-50ba-1a89-37578a5d0b90" testName="MesTech.Integration.Tests.Unit.Adapters.ShopifyAdapterTests.SupportsPriceUpdate_ReturnsExpectedValue" computerName="DESKTOP-T2RFEH9" duration="00:00:00.0010371" startTime="2026-03-17T05:24:37.9215493+03:00" endTime="2026-03-17T05:24:37.9215495+03:00" testType="13cdc9d9-ddb5-4fa4-a97d-d965ccfc6d4b" outcome="Passed" testListId="8c84fa94-04c1-424b-9868-57a2d4851a1d" relativeResultsDirectory="e21c0dea-d714-464e-ac51-3fe5a9a805a3" />
    <UnitTestResult executionId="97f64b70-c655-4962-ba18-79f44c169afa" testId="3efe3e07-95f2-ccef-6fc0-8e78b724cd36" testName="MesTech.Integration.Tests.Adapters.EbayAdapterExtendedTests.PushStockUpdate_Success" computerName="DESKTOP-T2RFEH9" duration="00:00:00.3560304" startTime="2026-03-17T05:24:38.1241892+03:00" endTime="2026-03-17T05:24:38.1241894+03:00" testType="13cdc9d9-ddb5-4fa4-a97d-d965ccfc6d4b" outcome="Passed" testListId="8c84fa94-04c1-424b-9868-57a2d4851a1d" relativeResultsDirectory="97f64b70-c655-4962-ba18-79f44c169afa" />
    <UnitTestResult executionId="37a999a1-1738-4b48-a931-83e23cfd0637" testId="a48f2f68-f4ef-87b8-765a-9aae66921235" testName="MesTech.Integration.Tests.Api.ApiEndpointTests.AuthValidate_GarbageToken_ReturnsInvalid" computerName="DESKTOP-T2RFEH9" duration="00:00:00.0085488" startTime="2026-03-17T05:24:57.2950501+03:00" endTime="2026-03-17T05:24:57.2950503+03:00" testType="13cdc9d9-ddb5-4fa4-a97d-d965ccfc6d4b" outcome="Passed" testListId="8c84fa94-04c1-424b-9868-57a2d4851a1d" relativeResultsDirectory="37a999a1-1738-4b48-a931-83e23cfd0637" />
    <UnitTestResult executionId="cc4ed6af-6d85-4672-b5f9-ad193b3bdda9" testId="6ec863dd-3568-acd7-2167-922401ada20d" testName="MesTech.Integration.Tests.Api.ApiEndpointTests.ProtectedEndpoint_WithInvalidApiKey_Returns401" computerName="DESKTOP-T2RFEH9" duration="00:00:00.0035792" startTime="2026-03-17T05:24:57.2820821+03:00" endTime="2026-03-17T05:24:57.2820823+03:00" testType="13cdc9d9-ddb5-4fa4-a97d-d965ccfc6d4b" outcome="Passed" testListId="8c84fa94-04c1-424b-9868-57a2d4851a1d" relativeResultsDirectory="cc4ed6af-6d85-4672-b5f9-ad193b3bdda9" />
    <UnitTestResult executionId="002c28fe-578e-42d6-b771-427c7d8ddddb" testId="099fe9ce-3e76-fb9e-d29b-f398491c7ed2" testName="MesTech.Integration.Tests.Unit.Adapters.CiceksepetiAdapterTests.CiceksepetiAdapter_SyncProducts_ApiKey_IncludesXApiKeyHeader" computerName="DESKTOP-T2RFEH9" duration="00:00:00.0118877" startTime="2026-03-17T05:24:37.9270609+03:00" endTime="2026-03-17T05:24:37.9270611+03:00" testType="13cdc9d9-ddb5-4fa4-a97d-d965ccfc6d4b" outcome="Passed" testListId="8c84fa94-04c1-424b-9868-57a2d4851a1d" relativeResultsDirectory="002c28fe-578e-42d6-b771-427c7d8ddddb" />
    <UnitTestResult executionId="3dd554d1-75ad-469f-a1ab-f0336a51bba2" testId="2614521c-e497-3036-f870-2c5a6d63ca94" testName="MesTech.Integration.Tests.Unit.Orchestration.OrchestratorTests.HandleStockChanged_CallsCorrectAdapters" computerName="DESKTOP-T2RFEH9" duration="00:00:00.3436185" startTime="2026-03-17T05:24:37.7821126+03:00" endTime="2026-03-17T05:24:37.7821129+03:00" testType="13cdc9d9-ddb5-4fa4-a97d-d965ccfc6d4b" outcome="Passed" testListId="8c84fa94-04c1-424b-9868-57a2d4851a1d" relativeResultsDirectory="3dd554d1-75ad-469f-a1ab-f0336a51bba2" />
    <UnitTestResult executionId="e51dd73e-927b-4a8d-930d-c3872d68d088" testId="b311fd24-55a2-e5ba-be37-be090abb03b3" testName="MesTech.Integration.Tests.Unit.Adapters.OpenCartAdapterTests.TestConnection_Valid_Success" computerName="DESKTOP-T2RFEH9" duration="00:00:00.2726029" startTime="2026-03-17T05:24:37.7641499+03:00" endTime="2026-03-17T05:24:37.7641499+03:00" testType="13cdc9d9-ddb5-4fa4-a97d-d965ccfc6d4b" outcome="Passed" testListId="8c84fa94-04c1-424b-9868-57a2d4851a1d" relativeResultsDirectory="e51dd73e-927b-4a8d-930d-c3872d68d088" />
    <UnitTestResult executionId="2daae1af-467a-4b13-9a5d-ed71fa679c4d" testId="12190f29-decc-2300-93af-a4323d1e8b47" testName="MesTech.Integration.Tests.Api.ApiEndpointTests.CategoriesEndpoint_WithoutApiKey_Returns401" computerName="DESKTOP-T2RFEH9" duration="00:00:00.0061036" startTime="2026-03-17T05:24:56.5776548+03:00" endTime="2026-03-17T05:24:56.5776550+03:00" testType="13cdc9d9-ddb5-4fa4-a97d-d965ccfc6d4b" outcome="Passed" testListId="8c84fa94-04c1-424b-9868-57a2d4851a1d" relativeResultsDirectory="2daae1af-467a-4b13-9a5d-ed71fa679c4d" />
    <UnitTestResult executionId="261aac2f-e5bb-47bd-a041-18f26b850875" testId="5c2ac4b4-82e1-0848-247a-b6990cbc4a4c" testName="MesTech.Integration.Tests.Unit.Adapters.HepsiburadaAdapterTests.HepsiburadaAdapter_GetCategories_Cached_ReturnsCachedResult" computerName="DESKTOP-T2RFEH9" duration="00:00:00.0057239" startTime="2026-03-17T05:24:37.9205070+03:00" endTime="2026-03-17T05:24:37.9205071+03:00" testType="13cdc9d9-ddb5-4fa4-a97d-d965ccfc6d4b" outcome="Passed" testListId="8c84fa94-04c1-424b-9868-57a2d4851a1d" relativeResultsDirectory="261aac2f-e5bb-47bd-a041-18f26b850875" />
    <UnitTestResult executionId="3610620b-2c45-46e9-a00e-5616ff777ea9" testId="da750d10-6967-409f-c094-5c7a3592f0f4" testName="MesTech.Integration.Tests.Unit.Orchestration.OrchestratorTests.SyncPlatform_UnknownPlatform_ReturnsError" computerName="DESKTOP-T2RFEH9" duration="00:00:00.0017045" startTime="2026-03-17T05:25:07.8570110+03:00" endTime="2026-03-17T05:25:07.8570111+03:00" testType="13cdc9d9-ddb5-4fa4-a97d-d965ccfc6d4b" outcome="Passed" testListId="8c84fa94-04c1-424b-9868-57a2d4851a1d" relativeResultsDirectory="3610620b-2c45-46e9-a00e-5616ff777ea9" />
    <UnitTestResult executionId="800fb379-a6cb-4593-b07d-08bf24846b7c" testId="ced51a5d-2099-54e3-f1be-0ea9252dedc3" testName="MesTech.Integration.Tests.Api.ApiEndpointTests.AuthLogin_ResponseContainsExpiresAt" computerName="DESKTOP-T2RFEH9" duration="00:00:00.0518604" startTime="2026-03-17T05:24:57.1811529+03:00" endTime="2026-03-17T05:24:57.1811532+03:00" testType="13cdc9d9-ddb5-4fa4-a97d-d965ccfc6d4b" outcome="Passed" testListId="8c84fa94-04c1-424b-9868-57a2d4851a1d" relativeResultsDirectory="800fb379-a6cb-4593-b07d-08bf24846b7c" />
    <UnitTestResult executionId="c9326a6c-414e-4b2c-b6f6-cec4c01c0246" testId="a240c1c7-c4cc-c73b-48b0-16ba607df602" testName="MesTech.Integration.Tests.Unit.Accounting.AccountingServiceTests.DepreciationCalculation_DecliningBalance_CalculatesCorrectly" computerName="DESKTOP-T2RFEH9" duration="00:00:00.0086223" startTime="2026-03-17T05:24:37.8964347+03:00" endTime="2026-03-17T05:24:37.8964349+03:00" testType="13cdc9d9-ddb5-4fa4-a97d-d965ccfc6d4b" outcome="Passed" testListId="8c84fa94-04c1-424b-9868-57a2d4851a1d" relativeResultsDirectory="c9326a6c-414e-4b2c-b6f6-cec4c01c0246" />
[...]
   at MassTransit.Agents.PipeContextSupervisor`1.Send(IPipe`1 pipe, CancellationToken cancellationToken) in /_/src/MassTransit/Agents/PipeContextSupervisor.cs:line 61&#xD;
   at MassTransit.Agents.PipeContextSupervisor`1.Send(IPipe`1 pipe, CancellationToken cancellationToken) in /_/src/MassTransit/Agents/PipeContextSupervisor.cs:line 67&#xD;
   at MassTransit.Agents.PipeContextSupervisor`1.Send(IPipe`1 pipe, CancellationToken cancellationToken) in /_/src/MassTransit/Agents/PipeContextSupervisor.cs:line 67&#xD;
   at MassTransit.Transports.ReceiveTransport`1.ReceiveTransportAgent.RunTransport() in /_/src/MassTransit/Transports/ReceiveTransport.cs:line 205&#xD;
   at MassTransit.SupervisorExtensions.&lt;&gt;c__DisplayClass5_0`2.&lt;&lt;CreateAgent&gt;g__HandleSupervisorTask|0&gt;d.MoveNext() in /_/src/MassTransit/SupervisorExtensions.cs:line 139&#xD;
--- End of stack trace from previous location ---&#xD;
   at MassTransit.Internals.TaskExtensions.&lt;&gt;c__DisplayClass2_0`1.&lt;&lt;OrCanceled&gt;g__WaitAsync|0&gt;d.MoveNext() in /_/src/MassTransit.Abstractions/Internals/Extensions/TaskExtensions.cs:line 72&#xD;
   at MassTransit.RabbitMqTransport.ConnectionContextFactory.CreateSharedConnection(Task`1 context, CancellationToken cancellationToken) in /_/src/Transports/MassTransit.RabbitMqTransport/RabbitMqTransport/ConnectionContextFactory.cs:line 73&#xD;
   at MassTransit.Internals.TaskExtensions.&lt;&gt;c__DisplayClass2_0`1.&lt;&lt;OrCanceled&gt;g__WaitAsync|0&gt;d.MoveNext() in /_/src/MassTransit.Abstractions/Internals/Extensions/TaskExtensions.cs:line 72&#xD;
--- End of stack trace from previous location ---&#xD;
   at MassTransit.Agents.PipeContextSupervisor`1.Send(IPipe`1 pipe, CancellationToken cancellationToken) in /_/src/MassTransit/Agents/PipeContextSupervisor.cs:line 61&#xD;
   at MassTransit.Agents.PipeContextSupervisor`1.Send(IPipe`1 pipe, CancellationToken cancellationToken) in /_/src/MassTransit/Agents/PipeContextSupervisor.cs:line 61&#xD;
   at MassTransit.Agents.PipeContextSupervisor`1.Send(IPipe`1 pipe, CancellationToken cancellationToken) in /_/src/MassTransit/Agents/PipeContextSupervisor.cs:line 67&#xD;
   at MassTransit.SupervisorExtensions.&lt;&gt;c__DisplayClass5_0`2.&lt;&lt;CreateAgent&gt;g__HandleSupervisorTask|0&gt;d.MoveNext() in /_/src/MassTransit/SupervisorExtensions.cs:line 139&#xD;
--- End of stack trace from previous location ---&#xD;
   at MassTransit.Internals.TaskExtensions.&lt;&gt;c__DisplayClass2_0`1.&lt;&lt;OrCanceled&gt;g__WaitAsync|0&gt;d.MoveNext() in /_/src/MassTransit.Abstractions/Internals/Extensions/TaskExtensions.cs:line 72&#xD;
--- End of stack trace from previous location ---&#xD;
   at MassTransit.Internals.TaskExtensions.&lt;&gt;c__DisplayClass2_0`1.&lt;&lt;OrCanceled&gt;g__WaitAsync|0&gt;d.MoveNext() in /_/src/MassTransit.Abstractions/Internals/Extensions/TaskExtensions.cs:line 72&#xD;
--- End of stack trace from previous location ---&#xD;
   at MassTransit.Internals.TaskExtensions.&lt;&gt;c__DisplayClass2_0`1.&lt;&lt;OrCanceled&gt;g__WaitAsync|0&gt;d.MoveNext() in /_/src/MassTransit.Abstractions/Internals/Extensions/TaskExtensions.cs:line 72&#xD;
--- End of stack trace from previous location ---&#xD;
   at MassTransit.Internals.TaskExtensions.&lt;&gt;c__DisplayClass2_0`1.&lt;&lt;OrCanceled&gt;g__WaitAsync|0&gt;d.MoveNext() in /_/src/MassTransit.Abstractions/Internals/Extensions/TaskExtensions.cs:line 72&#xD;
--- End of stack trace from previous location ---&#xD;
   at MassTransit.Agents.PipeContextSupervisor`1.Send(IPipe`1 pipe, CancellationToken cancellationToken) in /_/src/MassTransit/Agents/PipeContextSupervisor.cs:line 51&#xD;
   at MassTransit.Agents.PipeContextSupervisor`1.Send(IPipe`1 pipe, CancellationToken cancellationToken) in /_/src/MassTransit/Agents/PipeContextSupervisor.cs:line 61&#xD;
   at MassTransit.Agents.PipeContextSupervisor`1.Send(IPipe`1 pipe, CancellationToken cancellationToken) in /_/src/MassTransit/Agents/PipeContextSupervisor.cs:line 67&#xD;
   at MassTransit.Agents.PipeContextSupervisor`1.Send(IPipe`1 pipe, CancellationToken cancellationToken) in /_/src/MassTransit/Agents/PipeContextSupervisor.cs:line 61&#xD;
   at MassTransit.Agents.PipeContextSupervisor`1.Send(IPipe`1 pipe, CancellationToken cancellationToken) in /_/src/MassTransit/Agents/PipeContextSupervisor.cs:line 67&#xD;
   at MassTransit.Agents.PipeContextSupervisor`1.Send(IPipe`1 pipe, CancellationToken cancellationToken) in /_/src/MassTransit/Agents/PipeContextSupervisor.cs:line 51&#xD;
   at MassTransit.Agents.PipeContextSupervisor`1.Send(IPipe`1 pipe, CancellationToken cancellationToken) in /_/src/MassTransit/Agents/PipeContextSupervisor.cs:line 67&#xD;
   at MassTransit.Transports.StartHostHandle.EndpointsReady(Task`1[] endpoints) in /_/src/MassTransit/Transports/StartHostHandle.cs:line 45&#xD;
   at MassTransit.Transports.StartHostHandle.ReadyOrNot(Task`1[] endpoints, Task`1[] riders) in /_/src/MassTransit/Transports/StartHostHandle.cs:line 35&#xD;
   at MassTransit.MassTransitBus.Handle.ReadyOrNot(Task`1 ready) in /_/src/MassTransit/MassTransitBus.cs:line 415&#xD;
   at MassTransit.Internals.TaskExtensions.&lt;&gt;c__DisplayClass2_0`1.&lt;&lt;OrCanceled&gt;g__WaitAsync|0&gt;d.MoveNext() in /_/src/MassTransit.Abstractions/Internals/Extensions/TaskExtensions.cs:line 72&#xD;
--- End of stack trace from previous location ---&#xD;
   at MassTransit.Internals.TaskExtensions.&lt;&gt;c__DisplayClass2_0`1.&lt;&lt;OrCanceled&gt;g__WaitAsync|0&gt;d.MoveNext() in /_/src/MassTransit.Abstractions/Internals/Extensions/TaskExtensions.cs:line 72&#xD;
--- End of stack trace from previous location ---&#xD;
   at MassTransit.MassTransitBus.StartAsync(CancellationToken cancellationToken) in /_/src/MassTransit/MassTransitBus.cs:line 194&#xD;
   at MassTransit.MassTransitBus.StartAsync(CancellationToken cancellationToken) in /_/src/MassTransit/MassTransitBus.cs:line 247&#xD;
[05:24:57 ERR] HTTP GET /health responded 503 in 7.0880 ms&#xD;
[05:24:57 WRN] Invalid API key. Path=/api/v1/products/status IP=null&#xD;
[05:24:57 INF] HTTP GET /api/v1/products/status responded 401 in 0.7499 ms&#xD;
[05:24:57 WRN] API key missing. Path=/api/v1/stock/value IP=null&#xD;
[05:24:57 INF] HTTP GET /api/v1/stock/value responded 401 in 0.5500 ms&#xD;
[05:24:57 WRN] JWT validation failed: IDX12729: Unable to decode the header '[PII of type 'System.String' is hidden. For more details, see https://aka.ms/IdentityModel/PII.]' as Base64Url encoded string.&#xD;
System.ArgumentException: IDX12729: Unable to decode the header '[PII of type 'System.String' is hidden. For more details, see https://aka.ms/IdentityModel/PII.]' as Base64Url encoded string.&#xD;
 ---&gt; System.FormatException: IDX10400: Unable to decode: '[PII of type 'System.String' is hidden. For more details, see https://aka.ms/IdentityModel/PII.]' as Base64url encoded string.&#xD;
   at Microsoft.IdentityModel.Tokens.Base64UrlEncoder.Decode(ReadOnlySpan`1 strSpan, Span`1 output)&#xD;
   at Microsoft.IdentityModel.Tokens.Base64UrlEncoder.Decode(ReadOnlySpan`1 strSpan)&#xD;
   at Microsoft.IdentityModel.Tokens.Base64UrlEncoder.DecodeBytes(String str)&#xD;
   at Microsoft.IdentityModel.Tokens.Base64UrlEncoder.Decode(String arg)&#xD;
   at System.IdentityModel.Tokens.Jwt.JwtHeader.Base64UrlDeserialize(String base64UrlEncodedJsonString)&#xD;
   at System.IdentityModel.Tokens.Jwt.JwtSecurityToken.Decode(String[] tokenParts, String rawData)&#xD;
   --- End of inner exception stack trace ---&#xD;
   at System.IdentityModel.Tokens.Jwt.JwtSecurityToken.Decode(String[] tokenParts, String rawData)&#xD;
   at System.IdentityModel.Tokens.Jwt.JwtSecurityTokenHandler.ReadJwtToken(String token)&#xD;
   at System.IdentityModel.Tokens.Jwt.JwtSecurityTokenHandler.ValidateToken(String token, TokenValidationParameters validationParameters, SecurityToken&amp; validatedToken)&#xD;
   at MesTech.Infrastructure.Auth.JwtTokenService.ValidateToken(String token) in E:\MesTech\MesTech\MesTech_Stok\MesTechStok\src\MesTech.Infrastructure\Auth\JwtTokenService.cs:line 88&#xD;
[05:24:57 INF] HTTP POST /api/v1/auth/validate responded 200 in 4.7969 ms&#xD;
[05:24:57 WRN] API key missing. Path=/api/v1/products/status IP=null&#xD;
[05:24:57 INF] HTTP GET /api/v1/products/status responded 401 in 0.6422 ms&#xD;
[05:24:57 INF] HTTP GET /metrics responded 200 in 203.9398 ms&#xD;
[05:24:57 INF] HTTP POST /api/v1/auth/login responded 400 in 14.4762 ms&#xD;
[05:24:57 WRN] API key missing. Path=/api/v1/dashboard/kpi IP=null&#xD;
[05:24:57 INF] HTTP GET /api/v1/dashboard/kpi responded 401 in 1.1317 ms&#xD;
[05:24:57 INF] HTTP OPTIONS /api/v1/products/status responded 204 in 2.4201 ms&#xD;
[05:24:57 INF] HTTP GET /swagger/v1/swagger.json responded 200 in 106.3307 ms&#xD;
[05:24:57 INF] JWT generated for User=75a75be0-dd9c-40fb-b555-17447fbf7138 Tenant=df0aef0f-ab20-4400-8afe-ba6716dca93e Roles=User ExpiresIn=60min&#xD;
[05:24:57 INF] HTTP POST /api/v1/auth/login responded 200 in 1.6393 ms&#xD;
[05:24:57 INF] JWT generated for User=f264016e-9774-4d89-907e-c45fb3a43dce Tenant=fe5f1d0c-8890-4e6f-a379-6b60c80e8c3b Roles=User ExpiresIn=60min&#xD;
[05:24:57 INF] HTTP POST /api/v1/auth/login responded 200 in 1.4438 ms&#xD;
[05:24:57 INF] HTTP POST /api/v1/auth/validate responded 200 in 1.8655 ms&#xD;
[05:24:57 ERR] Health check masstransit-bus with status Unhealthy completed after 0.2343ms with message 'Not ready: start faulted: Broker unreachable: guest@localhost:5672/'&#xD;
MassTransit.RabbitMqConnectionException: Broker unreachable: guest@localhost:5672/&#xD;
 ---&gt; RabbitMQ.Client.Exceptions.BrokerUnreachableException: None of the specified endpoints were reachable&#xD;
 ---&gt; RabbitMQ.Client.Exceptions.AuthenticationFailureException: ACCESS_REFUSED - Login was refused using authentication mechanism PLAIN. For details see the broker logfile.&#xD;
   at RabbitMQ.Client.Framing.Connection.StartAndTuneAsync(CancellationToken cancellationToken)&#xD;
   at RabbitMQ.Client.Framing.Connection.OpenAsync(CancellationToken cancellationToken)&#xD;
   at RabbitMQ.Client.Framing.Connection.OpenAsync(CancellationToken cancellationToken)&#xD;
   at RabbitMQ.Client.ConnectionFactory.CreateConnectionAsync(IEndpointResolver endpointResolver, String clientProvidedName, CancellationToken cancellationToken)&#xD;
   --- End of inner exception stack trace ---&#xD;
   at RabbitMQ.Client.ConnectionFactory.CreateConnectionAsync(IEndpointResolver endpointResolver, String clientProvidedName, CancellationToken cancellationToken)&#xD;
   at MassTransit.RabbitMqTransport.ConnectionContextFactory.CreateConnection(ISupervisor supervisor) in /_/src/Transports/MassTransit.RabbitMqTransport/RabbitMqTransport/ConnectionContextFactory.cs:line 101&#xD;
   --- End of inner exception stack trace ---&#xD;
   at MassTransit.RabbitMqTransport.ConnectionContextFactory.CreateConnection(ISupervisor supervisor) in /_/src/Transports/MassTransit.RabbitMqTransport/RabbitMqTransport/ConnectionContextFactory.cs:line 128&#xD;
   at MassTransit.Internals.TaskExtensions.&lt;&gt;c__DisplayClass2_0`1.&lt;&lt;OrCanceled&gt;g__WaitAsync|0&gt;d.MoveNext() in /_/src/MassTransit.Abstractions/Internals/Extensions/TaskExtensions.cs:line 72&#xD;
   at MassTransit.Internals.TaskExtensions.&lt;&gt;c__DisplayClass2_0`1.&lt;&lt;OrCanceled&gt;g__WaitAsync|0&gt;d.MoveNext() in /_/src/MassTransit.Abstractions/Internals/Extensions/TaskExtensions.cs:line 72&#xD;
--- End of stack trace from previous location ---&#xD;
   at MassTransit.Internals.TaskExtensions.&lt;&gt;c__DisplayClass2_0`1.&lt;&lt;OrCanceled&gt;g__WaitAsync|0&gt;d.MoveNext() in /_/src/MassTransit.Abstractions/Internals/Extensions/TaskExtensions.cs:line 72&#xD;
--- End of stack trace from previous location ---&#xD;
   at MassTransit.Internals.TaskExtensions.&lt;&gt;c__DisplayClass2_0`1.&lt;&lt;OrCanceled&gt;g__WaitAsync|0&gt;d.MoveNext() in /_/src/MassTransit.Abstractions/Internals/Extensions/TaskExtensions.cs:line 72&#xD;
--- End of stack trace from previous location ---&#xD;
   at MassTransit.RabbitMqTransport.ConnectionContextFactory.CreateSharedConnection(Task`1 context, CancellationToken cancellationToken) in /_/src/Transports/MassTransit.RabbitMqTransport/RabbitMqTransport/ConnectionContextFactory.cs:line 73&#xD;
   at MassTransit.RabbitMqTransport.ChannelContextFactory.CreateSharedChannel(Task`1 context, CancellationToken cancellationToken) in /_/src/Transports/MassTransit.RabbitMqTransport/RabbitMqTransport/ChannelContextFactory.cs:line 76&#xD;
   at MassTransit.Agents.PipeContextSupervisor`1.Send(IPipe`1 pipe, CancellationToken cancellationToken) in /_/src/MassTransit/Agents/PipeContextSupervisor.cs:line 51&#xD;
   at MassTransit.Agents.PipeContextSupervisor`1.Send(IPipe`1 pipe, CancellationToken cancellationToken) in /_/src/MassTransit/Agents/PipeContextSupervisor.cs:line 61&#xD;
   at MassTransit.Agents.PipeContextSupervisor`1.Send(IPipe`1 pipe, CancellationToken cancellationToken) in /_/src/MassTransit/Agents/PipeContextSupervisor.cs:line 61&#xD;
   at MassTransit.Agents.PipeContextSupervisor`1.Send(IPipe`1 pipe, CancellationToken cancellationToken) in /_/src/MassTransit/Agents/PipeContextSupervisor.cs:line 67&#xD;
   at MassTransit.Agents.PipeContextSupervisor`1.Send(IPipe`1 pipe, CancellationToken cancellationToken) in /_/src/MassTransit/Agents/PipeContextSupervisor.cs:line 67&#xD;
   at MassTransit.Transports.ReceiveTransport`1.ReceiveTransportAgent.RunTransport() in /_/src/MassTransit/Transports/ReceiveTransport.cs:line 205&#xD;
   at MassTransit.SupervisorExtensions.&lt;&gt;c__DisplayClass5_0`2.&lt;&lt;CreateAgent&gt;g__HandleSupervisorTask|0&gt;d.MoveNext() in /_/src/MassTransit/SupervisorExtensions.cs:line 139&#xD;
--- End of stack trace from previous location ---&#xD;
   at MassTransit.Internals.TaskExtensions.&lt;&gt;c__DisplayClass2_0`1.&lt;&lt;OrCanceled&gt;g__WaitAsync|0&gt;d.MoveNext() in /_/src/MassTransit.Abstractions/Internals/Extensions/TaskExtensions.cs:line 72&#xD;
   at MassTransit.RabbitMqTransport.ConnectionContextFactory.CreateSharedConnection(Task`1 context, CancellationToken cancellationToken) in /_/src/Transports/MassTransit.RabbitMqTransport/RabbitMqTransport/ConnectionContextFactory.cs:line 73&#xD;
   at MassTransit.Internals.TaskExtensions.&lt;&gt;c__DisplayClass2_0`1.&lt;&lt;OrCanceled&gt;g__WaitAsync|0&gt;d.MoveNext() in /_/src/MassTransit.Abstractions/Internals/Extensions/TaskExtensions.cs:line 72&#xD;
--- End of stack trace from previous location ---&#xD;
   at MassTransit.Agents.PipeContextSupervisor`1.Send(IPipe`1 pipe, CancellationToken cancellationToken) in /_/src/MassTransit/Agents/PipeContextSupervisor.cs:line 61&#xD;
   at MassTransit.Agents.PipeContextSupervisor`1.Send(IPipe`1 pipe, CancellationToken cancellationToken) in /_/src/MassTransit/Agents/PipeContextSupervisor.cs:line 61&#xD;
   at MassTransit.Agents.PipeContextSupervisor`1.Send(IPipe`1 pipe, CancellationToken cancellationToken) in /_/src/MassTransit/Agents/PipeContextSupervisor.cs:line 67&#xD;
   at MassTransit.SupervisorExtensions.&lt;&gt;c__DisplayClass5_0`2.&lt;&lt;CreateAgent&gt;g__HandleSupervisorTask|0&gt;d.MoveNext() in /_/src/MassTransit/SupervisorExtensions.cs:line 139&#xD;
--- End of stack trace from previous location ---&#xD;
   at MassTransit.Internals.TaskExtensions.&lt;&gt;c__DisplayClass2_0`1.&lt;&lt;OrCanceled&gt;g__WaitAsync|0&gt;d.MoveNext() in /_/src/MassTransit.Abstractions/Internals/Extensions/TaskExtensions.cs:line 72&#xD;
--- End of stack trace from previous location ---&#xD;
   at MassTransit.Internals.TaskExtensions.&lt;&gt;c__DisplayClass2_0`1.&lt;&lt;OrCanceled&gt;g__WaitAsync|0&gt;d.MoveNext() in /_/src/MassTransit.Abstractions/Internals/Extensions/TaskExtensions.cs:line 72&#xD;
--- End of stack trace from previous location ---&#xD;
   at MassTransit.Internals.TaskExtensions.&lt;&gt;c__DisplayClass2_0`1.&lt;&lt;OrCanceled&gt;g__WaitAsync|0&gt;d.MoveNext() in /_/src/MassTransit.Abstractions/Internals/Extensions/TaskExtensions.cs:line 72&#xD;
--- End of stack trace from previous location ---&#xD;
   at MassTransit.Internals.TaskExtensions.&lt;&gt;c__DisplayClass2_0`1.&lt;&lt;OrCanceled&gt;g__WaitAsync|0&gt;d.MoveNext() in /_/src/MassTransit.Abstractions/Internals/Extensions/TaskExtensions.cs:line 72&#xD;
--- End of stack trace from previous location ---&#xD;
   at MassTransit.Agents.PipeContextSupervisor`1.Send(IPipe`1 pipe, CancellationToken cancellationToken) in /_/src/MassTransit/Agents/PipeContextSupervisor.cs:line 51&#xD;
   at MassTransit.Agents.PipeContextSupervisor`1.Send(IPipe`1 pipe, CancellationToken cancellationToken) in /_/src/MassTransit/Agents/PipeContextSupervisor.cs:line 61&#xD;
   at MassTransit.Agents.PipeContextSupervisor`1.Send(IPipe`1 pipe, CancellationToken cancellationToken) in /_/src/MassTransit/Agents/PipeContextSupervisor.cs:line 67&#xD;
   at MassTransit.Agents.PipeContextSupervisor`1.Send(IPipe`1 pipe, CancellationToken cancellationToken) in /_/src/MassTransit/Agents/PipeContextSupervisor.cs:line 61&#xD;
   at MassTransit.Agents.PipeContextSupervisor`1.Send(IPipe`1 pipe, CancellationToken cancellationToken) in /_/src/MassTransit/Agents/PipeContextSupervisor.cs:line 67&#xD;
   at MassTransit.Agents.PipeContextSupervisor`1.Send(IPipe`1 pipe, CancellationToken cancellationToken) in /_/src/MassTransit/Agents/PipeContextSupervisor.cs:line 51&#xD;
   at MassTransit.Agents.PipeContextSupervisor`1.Send(IPipe`1 pipe, CancellationToken cancellationToken) in /_/src/MassTransit/Agents/PipeContextSupervisor.cs:line 67&#xD;
   at MassTransit.Transports.StartHostHandle.EndpointsReady(Task`1[] endpoints) in /_/src/MassTransit/Transports/StartHostHandle.cs:line 45&#xD;
   at MassTransit.Transports.StartHostHandle.ReadyOrNot(Task`1[] endpoints, Task`1[] riders) in /_/src/MassTransit/Transports/StartHostHandle.cs:line 35&#xD;
   at MassTransit.MassTransitBus.Handle.ReadyOrNot(Task`1 ready) in /_/src/MassTransit/MassTransitBus.cs:line 415&#xD;
   at MassTransit.Internals.TaskExtensions.&lt;&gt;c__DisplayClass2_0`1.&lt;&lt;OrCanceled&gt;g__WaitAsync|0&gt;d.MoveNext() in /_/src/MassTransit.Abstractions/Internals/Extensions/TaskExtensions.cs:line 72&#xD;
--- End of stack trace from previous location ---&#xD;
   at MassTransit.Internals.TaskExtensions.&lt;&gt;c__DisplayClass2_0`1.&lt;&lt;OrCanceled&gt;g__WaitAsync|0&gt;d.MoveNext() in /_/src/MassTransit.Abstractions/Internals/Extensions/TaskExtensions.cs:line 72&#xD;
--- End of stack trace from previous location ---&#xD;
   at MassTransit.MassTransitBus.StartAsync(CancellationToken cancellationToken) in /_/src/MassTransit/MassTransitBus.cs:line 194&#xD;
   at MassTransit.MassTransitBus.StartAsync(CancellationToken cancellationToken) in /_/src/MassTransit/MassTransitBus.cs:line 247&#xD;
[05:24:57 ERR] Health check postgresql with status Unhealthy completed after 9.2305ms with message 'PostgreSQL baglantisi basarisiz'&#xD;
System.InvalidOperationException: Relational-specific methods can only be used when the context is using a relational database provider.&#xD;
   at Microsoft.EntityFrameworkCore.RelationalDatabaseFacadeExtensions.GetFacadeDependencies(DatabaseFacade databaseFacade)&#xD;
   at Microsoft.EntityFrameworkCore.RelationalDatabaseFacadeExtensions.ExecuteSqlRawAsync(DatabaseFacade databaseFacade, String sql, IEnumerable`1 parameters, CancellationToken cancellationToken)&#xD;
   at MesTech.Infrastructure.HealthChecks.PostgresHealthCheck.CheckHealthAsync(HealthCheckContext context, CancellationToken cancellationToken) in E:\MesTech\MesTech\MesTech_Stok\MesTechStok\src\MesTech.Infrastructure\HealthChecks\PostgresHealthCheck.cs:line 22&#xD;
[05:24:57 ERR] HTTP GET /health responded 503 in 15.9892 ms&#xD;
[05:24:57 WRN] Failed to stop bus: rabbitmq://localhost/DESKTOPT2RFEH9_testhost_bus_btmyyy8o3fyktz4ybdxe8udyyq?temporary=true (Not Started)&#xD;
[xUnit.net 00:00:30.90]   Finished:    MesTech.Integration.Tests&#xD;
</StdOut>
    </Output>
  </ResultSummary>
</TestRun>